Start testing: Feb 26 13:56 CST
----------------------------------------------------------
1/656 Testing: BruteForceV2Test.ParseXForwardedFor
1/656 Test: BruteForceV2Test.ParseXForwardedFor
Command: "/home/ivmm/ols-extra/build/tests/unit_tests" "--gtest_filter=BruteForceV2Test.ParseXForwardedFor" "--gtest_also_run_disabled_tests"
Directory: /home/ivmm/ols-extra/build/tests
"BruteForceV2Test.ParseXForwardedFor" start time: Feb 26 13:56 CST
Output:
----------------------------------------------------------
Running main() from /home/ivmm/ols-extra/build/_deps/googletest-src/googletest/src/gtest_main.cc
Note: Google Test filter = BruteForceV2Test.ParseXForwardedFor
[==========] Running 1 test from 1 test suite.
[----------] Global test environment set-up.
[----------] 1 test from BruteForceV2Test
[ RUN      ] BruteForceV2Test.ParseXForwardedFor
[       OK ] BruteForceV2Test.ParseXForwardedFor (0 ms)
[----------] 1 test from BruteForceV2Test (0 ms total)

[----------] Global test environment tear-down
[==========] 1 test from 1 test suite ran. (0 ms total)
[  PASSED  ] 1 test.
<end of output>
Test time =   0.00 sec
----------------------------------------------------------
Test Passed.
"BruteForceV2Test.ParseXForwardedFor" end time: Feb 26 13:56 CST
"BruteForceV2Test.ParseXForwardedFor" time elapsed: 00:00:00
----------------------------------------------------------

2/656 Testing: BruteForceV2Test.ParseWhitelist
2/656 Test: BruteForceV2Test.ParseWhitelist
Command: "/home/ivmm/ols-extra/build/tests/unit_tests" "--gtest_filter=BruteForceV2Test.ParseWhitelist" "--gtest_also_run_disabled_tests"
Directory: /home/ivmm/ols-extra/build/tests
"BruteForceV2Test.ParseWhitelist" start time: Feb 26 13:56 CST
Output:
----------------------------------------------------------
Running main() from /home/ivmm/ols-extra/build/_deps/googletest-src/googletest/src/gtest_main.cc
Note: Google Test filter = BruteForceV2Test.ParseWhitelist
[==========] Running 1 test from 1 test suite.
[----------] Global test environment set-up.
[----------] 1 test from BruteForceV2Test
[ RUN      ] BruteForceV2Test.ParseWhitelist
[       OK ] BruteForceV2Test.ParseWhitelist (0 ms)
[----------] 1 test from BruteForceV2Test (0 ms total)

[----------] Global test environment tear-down
[==========] 1 test from 1 test suite ran. (0 ms total)
[  PASSED  ] 1 test.
<end of output>
Test time =   0.00 sec
----------------------------------------------------------
Test Passed.
"BruteForceV2Test.ParseWhitelist" end time: Feb 26 13:56 CST
"BruteForceV2Test.ParseWhitelist" time elapsed: 00:00:00
----------------------------------------------------------

3/656 Testing: BruteForceV2Test.ParseProtectPath
3/656 Test: BruteForceV2Test.ParseProtectPath
Command: "/home/ivmm/ols-extra/build/tests/unit_tests" "--gtest_filter=BruteForceV2Test.ParseProtectPath" "--gtest_also_run_disabled_tests"
Directory: /home/ivmm/ols-extra/build/tests
"BruteForceV2Test.ParseProtectPath" start time: Feb 26 13:56 CST
Output:
----------------------------------------------------------
Running main() from /home/ivmm/ols-extra/build/_deps/googletest-src/googletest/src/gtest_main.cc
Note: Google Test filter = BruteForceV2Test.ParseProtectPath
[==========] Running 1 test from 1 test suite.
[----------] Global test environment set-up.
[----------] 1 test from BruteForceV2Test
[ RUN      ] BruteForceV2Test.ParseProtectPath
[       OK ] BruteForceV2Test.ParseProtectPath (0 ms)
[----------] 1 test from BruteForceV2Test (0 ms total)

[----------] Global test environment tear-down
[==========] 1 test from 1 test suite ran. (0 ms total)
[  PASSED  ] 1 test.
<end of output>
Test time =   0.00 sec
----------------------------------------------------------
Test Passed.
"BruteForceV2Test.ParseProtectPath" end time: Feb 26 13:56 CST
"BruteForceV2Test.ParseProtectPath" time elapsed: 00:00:00
----------------------------------------------------------

4/656 Testing: BruteForceV2Test.XFFEnabledUsesForwardedIP
4/656 Test: BruteForceV2Test.XFFEnabledUsesForwardedIP
Command: "/home/ivmm/ols-extra/build/tests/unit_tests" "--gtest_filter=BruteForceV2Test.XFFEnabledUsesForwardedIP" "--gtest_also_run_disabled_tests"
Directory: /home/ivmm/ols-extra/build/tests
"BruteForceV2Test.XFFEnabledUsesForwardedIP" start time: Feb 26 13:56 CST
Output:
----------------------------------------------------------
Running main() from /home/ivmm/ols-extra/build/_deps/googletest-src/googletest/src/gtest_main.cc
Note: Google Test filter = BruteForceV2Test.XFFEnabledUsesForwardedIP
[==========] Running 1 test from 1 test suite.
[----------] Global test environment set-up.
[----------] 1 test from BruteForceV2Test
[ RUN      ] BruteForceV2Test.XFFEnabledUsesForwardedIP
[       OK ] BruteForceV2Test.XFFEnabledUsesForwardedIP (0 ms)
[----------] 1 test from BruteForceV2Test (0 ms total)

[----------] Global test environment tear-down
[==========] 1 test from 1 test suite ran. (0 ms total)
[  PASSED  ] 1 test.
<end of output>
Test time =   0.00 sec
----------------------------------------------------------
Test Passed.
"BruteForceV2Test.XFFEnabledUsesForwardedIP" end time: Feb 26 13:56 CST
"BruteForceV2Test.XFFEnabledUsesForwardedIP" time elapsed: 00:00:00
----------------------------------------------------------

5/656 Testing: BruteForceV2Test.XFFDisabledUsesDirectIP
5/656 Test: BruteForceV2Test.XFFDisabledUsesDirectIP
Command: "/home/ivmm/ols-extra/build/tests/unit_tests" "--gtest_filter=BruteForceV2Test.XFFDisabledUsesDirectIP" "--gtest_also_run_disabled_tests"
Directory: /home/ivmm/ols-extra/build/tests
"BruteForceV2Test.XFFDisabledUsesDirectIP" start time: Feb 26 13:56 CST
Output:
----------------------------------------------------------
Running main() from /home/ivmm/ols-extra/build/_deps/googletest-src/googletest/src/gtest_main.cc
Note: Google Test filter = BruteForceV2Test.XFFDisabledUsesDirectIP
[==========] Running 1 test from 1 test suite.
[----------] Global test environment set-up.
[----------] 1 test from BruteForceV2Test
[ RUN      ] BruteForceV2Test.XFFDisabledUsesDirectIP
[       OK ] BruteForceV2Test.XFFDisabledUsesDirectIP (0 ms)
[----------] 1 test from BruteForceV2Test (0 ms total)

[----------] Global test environment tear-down
[==========] 1 test from 1 test suite ran. (0 ms total)
[  PASSED  ] 1 test.
<end of output>
Test time =   0.00 sec
----------------------------------------------------------
Test Passed.
"BruteForceV2Test.XFFDisabledUsesDirectIP" end time: Feb 26 13:56 CST
"BruteForceV2Test.XFFDisabledUsesDirectIP" time elapsed: 00:00:00
----------------------------------------------------------

6/656 Testing: BruteForceV2Test.WhitelistedIPBypasses
6/656 Test: BruteForceV2Test.WhitelistedIPBypasses
Command: "/home/ivmm/ols-extra/build/tests/unit_tests" "--gtest_filter=BruteForceV2Test.WhitelistedIPBypasses" "--gtest_also_run_disabled_tests"
Directory: /home/ivmm/ols-extra/build/tests
"BruteForceV2Test.WhitelistedIPBypasses" start time: Feb 26 13:56 CST
Output:
----------------------------------------------------------
Running main() from /home/ivmm/ols-extra/build/_deps/googletest-src/googletest/src/gtest_main.cc
Note: Google Test filter = BruteForceV2Test.WhitelistedIPBypasses
[==========] Running 1 test from 1 test suite.
[----------] Global test environment set-up.
[----------] 1 test from BruteForceV2Test
[ RUN      ] BruteForceV2Test.WhitelistedIPBypasses
[       OK ] BruteForceV2Test.WhitelistedIPBypasses (0 ms)
[----------] 1 test from BruteForceV2Test (0 ms total)

[----------] Global test environment tear-down
[==========] 1 test from 1 test suite ran. (0 ms total)
[  PASSED  ] 1 test.
<end of output>
Test time =   0.00 sec
----------------------------------------------------------
Test Passed.
"BruteForceV2Test.WhitelistedIPBypasses" end time: Feb 26 13:56 CST
"BruteForceV2Test.WhitelistedIPBypasses" time elapsed: 00:00:00
----------------------------------------------------------

7/656 Testing: BruteForceV2Test.NonWhitelistedIPBlocked
7/656 Test: BruteForceV2Test.NonWhitelistedIPBlocked
Command: "/home/ivmm/ols-extra/build/tests/unit_tests" "--gtest_filter=BruteForceV2Test.NonWhitelistedIPBlocked" "--gtest_also_run_disabled_tests"
Directory: /home/ivmm/ols-extra/build/tests
"BruteForceV2Test.NonWhitelistedIPBlocked" start time: Feb 26 13:56 CST
Output:
----------------------------------------------------------
Running main() from /home/ivmm/ols-extra/build/_deps/googletest-src/googletest/src/gtest_main.cc
Note: Google Test filter = BruteForceV2Test.NonWhitelistedIPBlocked
[==========] Running 1 test from 1 test suite.
[----------] Global test environment set-up.
[----------] 1 test from BruteForceV2Test
[ RUN      ] BruteForceV2Test.NonWhitelistedIPBlocked
[       OK ] BruteForceV2Test.NonWhitelistedIPBlocked (0 ms)
[----------] 1 test from BruteForceV2Test (0 ms total)

[----------] Global test environment tear-down
[==========] 1 test from 1 test suite ran. (0 ms total)
[  PASSED  ] 1 test.
<end of output>
Test time =   0.00 sec
----------------------------------------------------------
Test Passed.
"BruteForceV2Test.NonWhitelistedIPBlocked" end time: Feb 26 13:56 CST
"BruteForceV2Test.NonWhitelistedIPBlocked" time elapsed: 00:00:00
----------------------------------------------------------

8/656 Testing: BruteForceV2Test.ProtectedPathTracked
8/656 Test: BruteForceV2Test.ProtectedPathTracked
Command: "/home/ivmm/ols-extra/build/tests/unit_tests" "--gtest_filter=BruteForceV2Test.ProtectedPathTracked" "--gtest_also_run_disabled_tests"
Directory: /home/ivmm/ols-extra/build/tests
"BruteForceV2Test.ProtectedPathTracked" start time: Feb 26 13:56 CST
Output:
----------------------------------------------------------
Running main() from /home/ivmm/ols-extra/build/_deps/googletest-src/googletest/src/gtest_main.cc
Note: Google Test filter = BruteForceV2Test.ProtectedPathTracked
[==========] Running 1 test from 1 test suite.
[----------] Global test environment set-up.
[----------] 1 test from BruteForceV2Test
[ RUN      ] BruteForceV2Test.ProtectedPathTracked
[       OK ] BruteForceV2Test.ProtectedPathTracked (0 ms)
[----------] 1 test from BruteForceV2Test (0 ms total)

[----------] Global test environment tear-down
[==========] 1 test from 1 test suite ran. (0 ms total)
[  PASSED  ] 1 test.
<end of output>
Test time =   0.00 sec
----------------------------------------------------------
Test Passed.
"BruteForceV2Test.ProtectedPathTracked" end time: Feb 26 13:56 CST
"BruteForceV2Test.ProtectedPathTracked" time elapsed: 00:00:00
----------------------------------------------------------

9/656 Testing: BruteForceV2Test.UnprotectedPathNotTracked
9/656 Test: BruteForceV2Test.UnprotectedPathNotTracked
Command: "/home/ivmm/ols-extra/build/tests/unit_tests" "--gtest_filter=BruteForceV2Test.UnprotectedPathNotTracked" "--gtest_also_run_disabled_tests"
Directory: /home/ivmm/ols-extra/build/tests
"BruteForceV2Test.UnprotectedPathNotTracked" start time: Feb 26 13:56 CST
Output:
----------------------------------------------------------
Running main() from /home/ivmm/ols-extra/build/_deps/googletest-src/googletest/src/gtest_main.cc
Note: Google Test filter = BruteForceV2Test.UnprotectedPathNotTracked
[==========] Running 1 test from 1 test suite.
[----------] Global test environment set-up.
[----------] 1 test from BruteForceV2Test
[ RUN      ] BruteForceV2Test.UnprotectedPathNotTracked
[       OK ] BruteForceV2Test.UnprotectedPathNotTracked (0 ms)
[----------] 1 test from BruteForceV2Test (0 ms total)

[----------] Global test environment tear-down
[==========] 1 test from 1 test suite ran. (0 ms total)
[  PASSED  ] 1 test.
<end of output>
Test time =   0.00 sec
----------------------------------------------------------
Test Passed.
"BruteForceV2Test.UnprotectedPathNotTracked" end time: Feb 26 13:56 CST
"BruteForceV2Test.UnprotectedPathNotTracked" time elapsed: 00:00:00
----------------------------------------------------------

10/656 Testing: CacheLifecycle.InitAndDestroySucceeds
10/656 Test: CacheLifecycle.InitAndDestroySucceeds
Command: "/home/ivmm/ols-extra/build/tests/unit_tests" "--gtest_filter=CacheLifecycle.InitAndDestroySucceeds" "--gtest_also_run_disabled_tests"
Directory: /home/ivmm/ols-extra/build/tests
"CacheLifecycle.InitAndDestroySucceeds" start time: Feb 26 13:56 CST
Output:
----------------------------------------------------------
Running main() from /home/ivmm/ols-extra/build/_deps/googletest-src/googletest/src/gtest_main.cc
Note: Google Test filter = CacheLifecycle.InitAndDestroySucceeds
[==========] Running 1 test from 1 test suite.
[----------] Global test environment set-up.
[----------] 1 test from CacheLifecycle
[ RUN      ] CacheLifecycle.InitAndDestroySucceeds
[       OK ] CacheLifecycle.InitAndDestroySucceeds (0 ms)
[----------] 1 test from CacheLifecycle (0 ms total)

[----------] Global test environment tear-down
[==========] 1 test from 1 test suite ran. (0 ms total)
[  PASSED  ] 1 test.
<end of output>
Test time =   0.00 sec
----------------------------------------------------------
Test Passed.
"CacheLifecycle.InitAndDestroySucceeds" end time: Feb 26 13:56 CST
"CacheLifecycle.InitAndDestroySucceeds" time elapsed: 00:00:00
----------------------------------------------------------

11/656 Testing: CacheLifecycle.InitZeroBucketsUsesDefault
11/656 Test: CacheLifecycle.InitZeroBucketsUsesDefault
Command: "/home/ivmm/ols-extra/build/tests/unit_tests" "--gtest_filter=CacheLifecycle.InitZeroBucketsUsesDefault" "--gtest_also_run_disabled_tests"
Directory: /home/ivmm/ols-extra/build/tests
"CacheLifecycle.InitZeroBucketsUsesDefault" start time: Feb 26 13:56 CST
Output:
----------------------------------------------------------
Running main() from /home/ivmm/ols-extra/build/_deps/googletest-src/googletest/src/gtest_main.cc
Note: Google Test filter = CacheLifecycle.InitZeroBucketsUsesDefault
[==========] Running 1 test from 1 test suite.
[----------] Global test environment set-up.
[----------] 1 test from CacheLifecycle
[ RUN      ] CacheLifecycle.InitZeroBucketsUsesDefault
[       OK ] CacheLifecycle.InitZeroBucketsUsesDefault (0 ms)
[----------] 1 test from CacheLifecycle (0 ms total)

[----------] Global test environment tear-down
[==========] 1 test from 1 test suite ran. (0 ms total)
[  PASSED  ] 1 test.
<end of output>
Test time =   0.00 sec
----------------------------------------------------------
Test Passed.
"CacheLifecycle.InitZeroBucketsUsesDefault" end time: Feb 26 13:56 CST
"CacheLifecycle.InitZeroBucketsUsesDefault" time elapsed: 00:00:00
----------------------------------------------------------

12/656 Testing: CacheTest.PutThenGetMatchingMtime_ReturnsHit
12/656 Test: CacheTest.PutThenGetMatchingMtime_ReturnsHit
Command: "/home/ivmm/ols-extra/build/tests/unit_tests" "--gtest_filter=CacheTest.PutThenGetMatchingMtime_ReturnsHit" "--gtest_also_run_disabled_tests"
Directory: /home/ivmm/ols-extra/build/tests
"CacheTest.PutThenGetMatchingMtime_ReturnsHit" start time: Feb 26 13:56 CST
Output:
----------------------------------------------------------
Running main() from /home/ivmm/ols-extra/build/_deps/googletest-src/googletest/src/gtest_main.cc
Note: Google Test filter = CacheTest.PutThenGetMatchingMtime_ReturnsHit
[==========] Running 1 test from 1 test suite.
[----------] Global test environment set-up.
[----------] 1 test from CacheTest
[ RUN      ] CacheTest.PutThenGetMatchingMtime_ReturnsHit
[       OK ] CacheTest.PutThenGetMatchingMtime_ReturnsHit (0 ms)
[----------] 1 test from CacheTest (0 ms total)

[----------] Global test environment tear-down
[==========] 1 test from 1 test suite ran. (0 ms total)
[  PASSED  ] 1 test.
<end of output>
Test time =   0.00 sec
----------------------------------------------------------
Test Passed.
"CacheTest.PutThenGetMatchingMtime_ReturnsHit" end time: Feb 26 13:56 CST
"CacheTest.PutThenGetMatchingMtime_ReturnsHit" time elapsed: 00:00:00
----------------------------------------------------------

13/656 Testing: CacheTest.GetWithDifferentMtime_ReturnsMiss
13/656 Test: CacheTest.GetWithDifferentMtime_ReturnsMiss
Command: "/home/ivmm/ols-extra/build/tests/unit_tests" "--gtest_filter=CacheTest.GetWithDifferentMtime_ReturnsMiss" "--gtest_also_run_disabled_tests"
Directory: /home/ivmm/ols-extra/build/tests
"CacheTest.GetWithDifferentMtime_ReturnsMiss" start time: Feb 26 13:56 CST
Output:
----------------------------------------------------------
Running main() from /home/ivmm/ols-extra/build/_deps/googletest-src/googletest/src/gtest_main.cc
Note: Google Test filter = CacheTest.GetWithDifferentMtime_ReturnsMiss
[==========] Running 1 test from 1 test suite.
[----------] Global test environment set-up.
[----------] 1 test from CacheTest
[ RUN      ] CacheTest.GetWithDifferentMtime_ReturnsMiss
[       OK ] CacheTest.GetWithDifferentMtime_ReturnsMiss (0 ms)
[----------] 1 test from CacheTest (0 ms total)

[----------] Global test environment tear-down
[==========] 1 test from 1 test suite ran. (0 ms total)
[  PASSED  ] 1 test.
<end of output>
Test time =   0.00 sec
----------------------------------------------------------
Test Passed.
"CacheTest.GetWithDifferentMtime_ReturnsMiss" end time: Feb 26 13:56 CST
"CacheTest.GetWithDifferentMtime_ReturnsMiss" time elapsed: 00:00:00
----------------------------------------------------------

14/656 Testing: CacheTest.GetNonExistentPath_ReturnsMiss
14/656 Test: CacheTest.GetNonExistentPath_ReturnsMiss
Command: "/home/ivmm/ols-extra/build/tests/unit_tests" "--gtest_filter=CacheTest.GetNonExistentPath_ReturnsMiss" "--gtest_also_run_disabled_tests"
Directory: /home/ivmm/ols-extra/build/tests
"CacheTest.GetNonExistentPath_ReturnsMiss" start time: Feb 26 13:56 CST
Output:
----------------------------------------------------------
Running main() from /home/ivmm/ols-extra/build/_deps/googletest-src/googletest/src/gtest_main.cc
Note: Google Test filter = CacheTest.GetNonExistentPath_ReturnsMiss
[==========] Running 1 test from 1 test suite.
[----------] Global test environment set-up.
[----------] 1 test from CacheTest
[ RUN      ] CacheTest.GetNonExistentPath_ReturnsMiss
[       OK ] CacheTest.GetNonExistentPath_ReturnsMiss (0 ms)
[----------] 1 test from CacheTest (0 ms total)

[----------] Global test environment tear-down
[==========] 1 test from 1 test suite ran. (0 ms total)
[  PASSED  ] 1 test.
<end of output>
Test time =   0.00 sec
----------------------------------------------------------
Test Passed.
"CacheTest.GetNonExistentPath_ReturnsMiss" end time: Feb 26 13:56 CST
"CacheTest.GetNonExistentPath_ReturnsMiss" time elapsed: 00:00:00
----------------------------------------------------------

15/656 Testing: CacheTest.PutReplacesExistingEntry
15/656 Test: CacheTest.PutReplacesExistingEntry
Command: "/home/ivmm/ols-extra/build/tests/unit_tests" "--gtest_filter=CacheTest.PutReplacesExistingEntry" "--gtest_also_run_disabled_tests"
Directory: /home/ivmm/ols-extra/build/tests
"CacheTest.PutReplacesExistingEntry" start time: Feb 26 13:56 CST
Output:
----------------------------------------------------------
Running main() from /home/ivmm/ols-extra/build/_deps/googletest-src/googletest/src/gtest_main.cc
Note: Google Test filter = CacheTest.PutReplacesExistingEntry
[==========] Running 1 test from 1 test suite.
[----------] Global test environment set-up.
[----------] 1 test from CacheTest
[ RUN      ] CacheTest.PutReplacesExistingEntry
[       OK ] CacheTest.PutReplacesExistingEntry (0 ms)
[----------] 1 test from CacheTest (0 ms total)

[----------] Global test environment tear-down
[==========] 1 test from 1 test suite ran. (0 ms total)
[  PASSED  ] 1 test.
<end of output>
Test time =   0.00 sec
----------------------------------------------------------
Test Passed.
"CacheTest.PutReplacesExistingEntry" end time: Feb 26 13:56 CST
"CacheTest.PutReplacesExistingEntry" time elapsed: 00:00:00
----------------------------------------------------------

16/656 Testing: CacheTest.MultipleEntriesCoexist
16/656 Test: CacheTest.MultipleEntriesCoexist
Command: "/home/ivmm/ols-extra/build/tests/unit_tests" "--gtest_filter=CacheTest.MultipleEntriesCoexist" "--gtest_also_run_disabled_tests"
Directory: /home/ivmm/ols-extra/build/tests
"CacheTest.MultipleEntriesCoexist" start time: Feb 26 13:56 CST
Output:
----------------------------------------------------------
Running main() from /home/ivmm/ols-extra/build/_deps/googletest-src/googletest/src/gtest_main.cc
Note: Google Test filter = CacheTest.MultipleEntriesCoexist
[==========] Running 1 test from 1 test suite.
[----------] Global test environment set-up.
[----------] 1 test from CacheTest
[ RUN      ] CacheTest.MultipleEntriesCoexist
[       OK ] CacheTest.MultipleEntriesCoexist (0 ms)
[----------] 1 test from CacheTest (0 ms total)

[----------] Global test environment tear-down
[==========] 1 test from 1 test suite ran. (0 ms total)
[  PASSED  ] 1 test.
<end of output>
Test time =   0.00 sec
----------------------------------------------------------
Test Passed.
"CacheTest.MultipleEntriesCoexist" end time: Feb 26 13:56 CST
"CacheTest.MultipleEntriesCoexist" time elapsed: 00:00:00
----------------------------------------------------------

17/656 Testing: CacheTest.GetNullFilepath_ReturnsMiss
17/656 Test: CacheTest.GetNullFilepath_ReturnsMiss
Command: "/home/ivmm/ols-extra/build/tests/unit_tests" "--gtest_filter=CacheTest.GetNullFilepath_ReturnsMiss" "--gtest_also_run_disabled_tests"
Directory: /home/ivmm/ols-extra/build/tests
"CacheTest.GetNullFilepath_ReturnsMiss" start time: Feb 26 13:56 CST
Output:
----------------------------------------------------------
Running main() from /home/ivmm/ols-extra/build/_deps/googletest-src/googletest/src/gtest_main.cc
Note: Google Test filter = CacheTest.GetNullFilepath_ReturnsMiss
[==========] Running 1 test from 1 test suite.
[----------] Global test environment set-up.
[----------] 1 test from CacheTest
[ RUN      ] CacheTest.GetNullFilepath_ReturnsMiss
[       OK ] CacheTest.GetNullFilepath_ReturnsMiss (0 ms)
[----------] 1 test from CacheTest (0 ms total)

[----------] Global test environment tear-down
[==========] 1 test from 1 test suite ran. (0 ms total)
[  PASSED  ] 1 test.
<end of output>
Test time =   0.00 sec
----------------------------------------------------------
Test Passed.
"CacheTest.GetNullFilepath_ReturnsMiss" end time: Feb 26 13:56 CST
"CacheTest.GetNullFilepath_ReturnsMiss" time elapsed: 00:00:00
----------------------------------------------------------

18/656 Testing: CacheTest.GetNullOutDirectives_ReturnsMiss
18/656 Test: CacheTest.GetNullOutDirectives_ReturnsMiss
Command: "/home/ivmm/ols-extra/build/tests/unit_tests" "--gtest_filter=CacheTest.GetNullOutDirectives_ReturnsMiss" "--gtest_also_run_disabled_tests"
Directory: /home/ivmm/ols-extra/build/tests
"CacheTest.GetNullOutDirectives_ReturnsMiss" start time: Feb 26 13:56 CST
Output:
----------------------------------------------------------
Running main() from /home/ivmm/ols-extra/build/_deps/googletest-src/googletest/src/gtest_main.cc
Note: Google Test filter = CacheTest.GetNullOutDirectives_ReturnsMiss
[==========] Running 1 test from 1 test suite.
[----------] Global test environment set-up.
[----------] 1 test from CacheTest
[ RUN      ] CacheTest.GetNullOutDirectives_ReturnsMiss
[       OK ] CacheTest.GetNullOutDirectives_ReturnsMiss (0 ms)
[----------] 1 test from CacheTest (0 ms total)

[----------] Global test environment tear-down
[==========] 1 test from 1 test suite ran. (0 ms total)
[  PASSED  ] 1 test.
<end of output>
Test time =   0.00 sec
----------------------------------------------------------
Test Passed.
"CacheTest.GetNullOutDirectives_ReturnsMiss" end time: Feb 26 13:56 CST
"CacheTest.GetNullOutDirectives_ReturnsMiss" time elapsed: 00:00:00
----------------------------------------------------------

19/656 Testing: CacheTest.PutNullFilepath_ReturnsError
19/656 Test: CacheTest.PutNullFilepath_ReturnsError
Command: "/home/ivmm/ols-extra/build/tests/unit_tests" "--gtest_filter=CacheTest.PutNullFilepath_ReturnsError" "--gtest_also_run_disabled_tests"
Directory: /home/ivmm/ols-extra/build/tests
"CacheTest.PutNullFilepath_ReturnsError" start time: Feb 26 13:56 CST
Output:
----------------------------------------------------------
Running main() from /home/ivmm/ols-extra/build/_deps/googletest-src/googletest/src/gtest_main.cc
Note: Google Test filter = CacheTest.PutNullFilepath_ReturnsError
[==========] Running 1 test from 1 test suite.
[----------] Global test environment set-up.
[----------] 1 test from CacheTest
[ RUN      ] CacheTest.PutNullFilepath_ReturnsError
[       OK ] CacheTest.PutNullFilepath_ReturnsError (0 ms)
[----------] 1 test from CacheTest (0 ms total)

[----------] Global test environment tear-down
[==========] 1 test from 1 test suite ran. (0 ms total)
[  PASSED  ] 1 test.
<end of output>
Test time =   0.00 sec
----------------------------------------------------------
Test Passed.
"CacheTest.PutNullFilepath_ReturnsError" end time: Feb 26 13:56 CST
"CacheTest.PutNullFilepath_ReturnsError" time elapsed: 00:00:00
----------------------------------------------------------

20/656 Testing: CacheTest.PutNullDirectives_Succeeds
20/656 Test: CacheTest.PutNullDirectives_Succeeds
Command: "/home/ivmm/ols-extra/build/tests/unit_tests" "--gtest_filter=CacheTest.PutNullDirectives_Succeeds" "--gtest_also_run_disabled_tests"
Directory: /home/ivmm/ols-extra/build/tests
"CacheTest.PutNullDirectives_Succeeds" start time: Feb 26 13:56 CST
Output:
----------------------------------------------------------
Running main() from /home/ivmm/ols-extra/build/_deps/googletest-src/googletest/src/gtest_main.cc
Note: Google Test filter = CacheTest.PutNullDirectives_Succeeds
[==========] Running 1 test from 1 test suite.
[----------] Global test environment set-up.
[----------] 1 test from CacheTest
[ RUN      ] CacheTest.PutNullDirectives_Succeeds
[       OK ] CacheTest.PutNullDirectives_Succeeds (0 ms)
[----------] 1 test from CacheTest (0 ms total)

[----------] Global test environment tear-down
[==========] 1 test from 1 test suite ran. (0 ms total)
[  PASSED  ] 1 test.
<end of output>
Test time =   0.00 sec
----------------------------------------------------------
Test Passed.
"CacheTest.PutNullDirectives_Succeeds" end time: Feb 26 13:56 CST
"CacheTest.PutNullDirectives_Succeeds" time elapsed: 00:00:00
----------------------------------------------------------

21/656 Testing: CacheDestroyCleanup.DestroyFreesAllEntries
21/656 Test: CacheDestroyCleanup.DestroyFreesAllEntries
Command: "/home/ivmm/ols-extra/build/tests/unit_tests" "--gtest_filter=CacheDestroyCleanup.DestroyFreesAllEntries" "--gtest_also_run_disabled_tests"
Directory: /home/ivmm/ols-extra/build/tests
"CacheDestroyCleanup.DestroyFreesAllEntries" start time: Feb 26 13:56 CST
Output:
----------------------------------------------------------
Running main() from /home/ivmm/ols-extra/build/_deps/googletest-src/googletest/src/gtest_main.cc
Note: Google Test filter = CacheDestroyCleanup.DestroyFreesAllEntries
[==========] Running 1 test from 1 test suite.
[----------] Global test environment set-up.
[----------] 1 test from CacheDestroyCleanup
[ RUN      ] CacheDestroyCleanup.DestroyFreesAllEntries
[       OK ] CacheDestroyCleanup.DestroyFreesAllEntries (0 ms)
[----------] 1 test from CacheDestroyCleanup (0 ms total)

[----------] Global test environment tear-down
[==========] 1 test from 1 test suite ran. (0 ms total)
[  PASSED  ] 1 test.
<end of output>
Test time =   0.00 sec
----------------------------------------------------------
Test Passed.
"CacheDestroyCleanup.DestroyFreesAllEntries" end time: Feb 26 13:56 CST
"CacheDestroyCleanup.DestroyFreesAllEntries" time elapsed: 00:00:00
----------------------------------------------------------

22/656 Testing: CacheDoubleDestroy.DoubleDestroyIsSafe
22/656 Test: CacheDoubleDestroy.DoubleDestroyIsSafe
Command: "/home/ivmm/ols-extra/build/tests/unit_tests" "--gtest_filter=CacheDoubleDestroy.DoubleDestroyIsSafe" "--gtest_also_run_disabled_tests"
Directory: /home/ivmm/ols-extra/build/tests
"CacheDoubleDestroy.DoubleDestroyIsSafe" start time: Feb 26 13:56 CST
Output:
----------------------------------------------------------
Running main() from /home/ivmm/ols-extra/build/_deps/googletest-src/googletest/src/gtest_main.cc
Note: Google Test filter = CacheDoubleDestroy.DoubleDestroyIsSafe
[==========] Running 1 test from 1 test suite.
[----------] Global test environment set-up.
[----------] 1 test from CacheDoubleDestroy
[ RUN      ] CacheDoubleDestroy.DoubleDestroyIsSafe
[       OK ] CacheDoubleDestroy.DoubleDestroyIsSafe (0 ms)
[----------] 1 test from CacheDoubleDestroy (0 ms total)

[----------] Global test environment tear-down
[==========] 1 test from 1 test suite ran. (0 ms total)
[  PASSED  ] 1 test.
<end of output>
Test time =   0.00 sec
----------------------------------------------------------
Test Passed.
"CacheDoubleDestroy.DoubleDestroyIsSafe" end time: Feb 26 13:56 CST
"CacheDoubleDestroy.DoubleDestroyIsSafe" time elapsed: 00:00:00
----------------------------------------------------------

23/656 Testing: CacheDoubleDestroy.DestroyWithoutInitIsSafe
23/656 Test: CacheDoubleDestroy.DestroyWithoutInitIsSafe
Command: "/home/ivmm/ols-extra/build/tests/unit_tests" "--gtest_filter=CacheDoubleDestroy.DestroyWithoutInitIsSafe" "--gtest_also_run_disabled_tests"
Directory: /home/ivmm/ols-extra/build/tests
"CacheDoubleDestroy.DestroyWithoutInitIsSafe" start time: Feb 26 13:56 CST
Output:
----------------------------------------------------------
Running main() from /home/ivmm/ols-extra/build/_deps/googletest-src/googletest/src/gtest_main.cc
Note: Google Test filter = CacheDoubleDestroy.DestroyWithoutInitIsSafe
[==========] Running 1 test from 1 test suite.
[----------] Global test environment set-up.
[----------] 1 test from CacheDoubleDestroy
[ RUN      ] CacheDoubleDestroy.DestroyWithoutInitIsSafe
[       OK ] CacheDoubleDestroy.DestroyWithoutInitIsSafe (0 ms)
[----------] 1 test from CacheDoubleDestroy (0 ms total)

[----------] Global test environment tear-down
[==========] 1 test from 1 test suite ran. (0 ms total)
[  PASSED  ] 1 test.
<end of output>
Test time =   0.00 sec
----------------------------------------------------------
Test Passed.
"CacheDoubleDestroy.DestroyWithoutInitIsSafe" end time: Feb 26 13:56 CST
"CacheDoubleDestroy.DestroyWithoutInitIsSafe" time elapsed: 00:00:00
----------------------------------------------------------

24/656 Testing: CidrParse.ClassA_Slash8
24/656 Test: CidrParse.ClassA_Slash8
Command: "/home/ivmm/ols-extra/build/tests/unit_tests" "--gtest_filter=CidrParse.ClassA_Slash8" "--gtest_also_run_disabled_tests"
Directory: /home/ivmm/ols-extra/build/tests
"CidrParse.ClassA_Slash8" start time: Feb 26 13:56 CST
Output:
----------------------------------------------------------
Running main() from /home/ivmm/ols-extra/build/_deps/googletest-src/googletest/src/gtest_main.cc
Note: Google Test filter = CidrParse.ClassA_Slash8
[==========] Running 1 test from 1 test suite.
[----------] Global test environment set-up.
[----------] 1 test from CidrParse
[ RUN      ] CidrParse.ClassA_Slash8
[       OK ] CidrParse.ClassA_Slash8 (0 ms)
[----------] 1 test from CidrParse (0 ms total)

[----------] Global test environment tear-down
[==========] 1 test from 1 test suite ran. (0 ms total)
[  PASSED  ] 1 test.
<end of output>
Test time =   0.00 sec
----------------------------------------------------------
Test Passed.
"CidrParse.ClassA_Slash8" end time: Feb 26 13:56 CST
"CidrParse.ClassA_Slash8" time elapsed: 00:00:00
----------------------------------------------------------

25/656 Testing: CidrParse.ClassB_Slash16
25/656 Test: CidrParse.ClassB_Slash16
Command: "/home/ivmm/ols-extra/build/tests/unit_tests" "--gtest_filter=CidrParse.ClassB_Slash16" "--gtest_also_run_disabled_tests"
Directory: /home/ivmm/ols-extra/build/tests
"CidrParse.ClassB_Slash16" start time: Feb 26 13:56 CST
Output:
----------------------------------------------------------
Running main() from /home/ivmm/ols-extra/build/_deps/googletest-src/googletest/src/gtest_main.cc
Note: Google Test filter = CidrParse.ClassB_Slash16
[==========] Running 1 test from 1 test suite.
[----------] Global test environment set-up.
[----------] 1 test from CidrParse
[ RUN      ] CidrParse.ClassB_Slash16
[       OK ] CidrParse.ClassB_Slash16 (0 ms)
[----------] 1 test from CidrParse (0 ms total)

[----------] Global test environment tear-down
[==========] 1 test from 1 test suite ran. (0 ms total)
[  PASSED  ] 1 test.
<end of output>
Test time =   0.00 sec
----------------------------------------------------------
Test Passed.
"CidrParse.ClassB_Slash16" end time: Feb 26 13:56 CST
"CidrParse.ClassB_Slash16" time elapsed: 00:00:00
----------------------------------------------------------

26/656 Testing: CidrParse.ClassC_Slash24
26/656 Test: CidrParse.ClassC_Slash24
Command: "/home/ivmm/ols-extra/build/tests/unit_tests" "--gtest_filter=CidrParse.ClassC_Slash24" "--gtest_also_run_disabled_tests"
Directory: /home/ivmm/ols-extra/build/tests
"CidrParse.ClassC_Slash24" start time: Feb 26 13:56 CST
Output:
----------------------------------------------------------
Running main() from /home/ivmm/ols-extra/build/_deps/googletest-src/googletest/src/gtest_main.cc
Note: Google Test filter = CidrParse.ClassC_Slash24
[==========] Running 1 test from 1 test suite.
[----------] Global test environment set-up.
[----------] 1 test from CidrParse
[ RUN      ] CidrParse.ClassC_Slash24
[       OK ] CidrParse.ClassC_Slash24 (0 ms)
[----------] 1 test from CidrParse (0 ms total)

[----------] Global test environment tear-down
[==========] 1 test from 1 test suite ran. (0 ms total)
[  PASSED  ] 1 test.
<end of output>
Test time =   0.00 sec
----------------------------------------------------------
Test Passed.
"CidrParse.ClassC_Slash24" end time: Feb 26 13:56 CST
"CidrParse.ClassC_Slash24" time elapsed: 00:00:00
----------------------------------------------------------

27/656 Testing: CidrParse.HostAddress_Slash32
27/656 Test: CidrParse.HostAddress_Slash32
Command: "/home/ivmm/ols-extra/build/tests/unit_tests" "--gtest_filter=CidrParse.HostAddress_Slash32" "--gtest_also_run_disabled_tests"
Directory: /home/ivmm/ols-extra/build/tests
"CidrParse.HostAddress_Slash32" start time: Feb 26 13:56 CST
Output:
----------------------------------------------------------
Running main() from /home/ivmm/ols-extra/build/_deps/googletest-src/googletest/src/gtest_main.cc
Note: Google Test filter = CidrParse.HostAddress_Slash32
[==========] Running 1 test from 1 test suite.
[----------] Global test environment set-up.
[----------] 1 test from CidrParse
[ RUN      ] CidrParse.HostAddress_Slash32
[       OK ] CidrParse.HostAddress_Slash32 (0 ms)
[----------] 1 test from CidrParse (0 ms total)

[----------] Global test environment tear-down
[==========] 1 test from 1 test suite ran. (0 ms total)
[  PASSED  ] 1 test.
<end of output>
Test time =   0.00 sec
----------------------------------------------------------
Test Passed.
"CidrParse.HostAddress_Slash32" end time: Feb 26 13:56 CST
"CidrParse.HostAddress_Slash32" time elapsed: 00:00:00
----------------------------------------------------------

28/656 Testing: CidrParse.Slash0_MatchesAll
28/656 Test: CidrParse.Slash0_MatchesAll
Command: "/home/ivmm/ols-extra/build/tests/unit_tests" "--gtest_filter=CidrParse.Slash0_MatchesAll" "--gtest_also_run_disabled_tests"
Directory: /home/ivmm/ols-extra/build/tests
"CidrParse.Slash0_MatchesAll" start time: Feb 26 13:56 CST
Output:
----------------------------------------------------------
Running main() from /home/ivmm/ols-extra/build/_deps/googletest-src/googletest/src/gtest_main.cc
Note: Google Test filter = CidrParse.Slash0_MatchesAll
[==========] Running 1 test from 1 test suite.
[----------] Global test environment set-up.
[----------] 1 test from CidrParse
[ RUN      ] CidrParse.Slash0_MatchesAll
[       OK ] CidrParse.Slash0_MatchesAll (0 ms)
[----------] 1 test from CidrParse (0 ms total)

[----------] Global test environment tear-down
[==========] 1 test from 1 test suite ran. (0 ms total)
[  PASSED  ] 1 test.
<end of output>
Test time =   0.00 sec
----------------------------------------------------------
Test Passed.
"CidrParse.Slash0_MatchesAll" end time: Feb 26 13:56 CST
"CidrParse.Slash0_MatchesAll" time elapsed: 00:00:00
----------------------------------------------------------

29/656 Testing: CidrParse.PlainIP_TreatedAsSlash32
29/656 Test: CidrParse.PlainIP_TreatedAsSlash32
Command: "/home/ivmm/ols-extra/build/tests/unit_tests" "--gtest_filter=CidrParse.PlainIP_TreatedAsSlash32" "--gtest_also_run_disabled_tests"
Directory: /home/ivmm/ols-extra/build/tests
"CidrParse.PlainIP_TreatedAsSlash32" start time: Feb 26 13:56 CST
Output:
----------------------------------------------------------
Running main() from /home/ivmm/ols-extra/build/_deps/googletest-src/googletest/src/gtest_main.cc
Note: Google Test filter = CidrParse.PlainIP_TreatedAsSlash32
[==========] Running 1 test from 1 test suite.
[----------] Global test environment set-up.
[----------] 1 test from CidrParse
[ RUN      ] CidrParse.PlainIP_TreatedAsSlash32
[       OK ] CidrParse.PlainIP_TreatedAsSlash32 (0 ms)
[----------] 1 test from CidrParse (0 ms total)

[----------] Global test environment tear-down
[==========] 1 test from 1 test suite ran. (0 ms total)
[  PASSED  ] 1 test.
<end of output>
Test time =   0.00 sec
----------------------------------------------------------
Test Passed.
"CidrParse.PlainIP_TreatedAsSlash32" end time: Feb 26 13:56 CST
"CidrParse.PlainIP_TreatedAsSlash32" time elapsed: 00:00:00
----------------------------------------------------------

30/656 Testing: CidrParse.AllKeyword_Lowercase
30/656 Test: CidrParse.AllKeyword_Lowercase
Command: "/home/ivmm/ols-extra/build/tests/unit_tests" "--gtest_filter=CidrParse.AllKeyword_Lowercase" "--gtest_also_run_disabled_tests"
Directory: /home/ivmm/ols-extra/build/tests
"CidrParse.AllKeyword_Lowercase" start time: Feb 26 13:56 CST
Output:
----------------------------------------------------------
Running main() from /home/ivmm/ols-extra/build/_deps/googletest-src/googletest/src/gtest_main.cc
Note: Google Test filter = CidrParse.AllKeyword_Lowercase
[==========] Running 1 test from 1 test suite.
[----------] Global test environment set-up.
[----------] 1 test from CidrParse
[ RUN      ] CidrParse.AllKeyword_Lowercase
[       OK ] CidrParse.AllKeyword_Lowercase (0 ms)
[----------] 1 test from CidrParse (0 ms total)

[----------] Global test environment tear-down
[==========] 1 test from 1 test suite ran. (0 ms total)
[  PASSED  ] 1 test.
<end of output>
Test time =   0.00 sec
----------------------------------------------------------
Test Passed.
"CidrParse.AllKeyword_Lowercase" end time: Feb 26 13:56 CST
"CidrParse.AllKeyword_Lowercase" time elapsed: 00:00:00
----------------------------------------------------------

31/656 Testing: CidrParse.AllKeyword_MixedCase
31/656 Test: CidrParse.AllKeyword_MixedCase
Command: "/home/ivmm/ols-extra/build/tests/unit_tests" "--gtest_filter=CidrParse.AllKeyword_MixedCase" "--gtest_also_run_disabled_tests"
Directory: /home/ivmm/ols-extra/build/tests
"CidrParse.AllKeyword_MixedCase" start time: Feb 26 13:56 CST
Output:
----------------------------------------------------------
Running main() from /home/ivmm/ols-extra/build/_deps/googletest-src/googletest/src/gtest_main.cc
Note: Google Test filter = CidrParse.AllKeyword_MixedCase
[==========] Running 1 test from 1 test suite.
[----------] Global test environment set-up.
[----------] 1 test from CidrParse
[ RUN      ] CidrParse.AllKeyword_MixedCase
[       OK ] CidrParse.AllKeyword_MixedCase (0 ms)
[----------] 1 test from CidrParse (0 ms total)

[----------] Global test environment tear-down
[==========] 1 test from 1 test suite ran. (0 ms total)
[  PASSED  ] 1 test.
<end of output>
Test time =   0.00 sec
----------------------------------------------------------
Test Passed.
"CidrParse.AllKeyword_MixedCase" end time: Feb 26 13:56 CST
"CidrParse.AllKeyword_MixedCase" time elapsed: 00:00:00
----------------------------------------------------------

32/656 Testing: CidrParse.AllKeyword_Uppercase
32/656 Test: CidrParse.AllKeyword_Uppercase
Command: "/home/ivmm/ols-extra/build/tests/unit_tests" "--gtest_filter=CidrParse.AllKeyword_Uppercase" "--gtest_also_run_disabled_tests"
Directory: /home/ivmm/ols-extra/build/tests
"CidrParse.AllKeyword_Uppercase" start time: Feb 26 13:56 CST
Output:
----------------------------------------------------------
Running main() from /home/ivmm/ols-extra/build/_deps/googletest-src/googletest/src/gtest_main.cc
Note: Google Test filter = CidrParse.AllKeyword_Uppercase
[==========] Running 1 test from 1 test suite.
[----------] Global test environment set-up.
[----------] 1 test from CidrParse
[ RUN      ] CidrParse.AllKeyword_Uppercase
[       OK ] CidrParse.AllKeyword_Uppercase (0 ms)
[----------] 1 test from CidrParse (0 ms total)

[----------] Global test environment tear-down
[==========] 1 test from 1 test suite ran. (0 ms total)
[  PASSED  ] 1 test.
<end of output>
Test time =   0.00 sec
----------------------------------------------------------
Test Passed.
"CidrParse.AllKeyword_Uppercase" end time: Feb 26 13:56 CST
"CidrParse.AllKeyword_Uppercase" time elapsed: 00:00:00
----------------------------------------------------------

33/656 Testing: CidrParse.NetworkBitsMasked
33/656 Test: CidrParse.NetworkBitsMasked
Command: "/home/ivmm/ols-extra/build/tests/unit_tests" "--gtest_filter=CidrParse.NetworkBitsMasked" "--gtest_also_run_disabled_tests"
Directory: /home/ivmm/ols-extra/build/tests
"CidrParse.NetworkBitsMasked" start time: Feb 26 13:56 CST
Output:
----------------------------------------------------------
Running main() from /home/ivmm/ols-extra/build/_deps/googletest-src/googletest/src/gtest_main.cc
Note: Google Test filter = CidrParse.NetworkBitsMasked
[==========] Running 1 test from 1 test suite.
[----------] Global test environment set-up.
[----------] 1 test from CidrParse
[ RUN      ] CidrParse.NetworkBitsMasked
[       OK ] CidrParse.NetworkBitsMasked (0 ms)
[----------] 1 test from CidrParse (0 ms total)

[----------] Global test environment tear-down
[==========] 1 test from 1 test suite ran. (0 ms total)
[  PASSED  ] 1 test.
<end of output>
Test time =   0.00 sec
----------------------------------------------------------
Test Passed.
"CidrParse.NetworkBitsMasked" end time: Feb 26 13:56 CST
"CidrParse.NetworkBitsMasked" time elapsed: 00:00:00
----------------------------------------------------------

34/656 Testing: CidrParse.LeadingWhitespace
34/656 Test: CidrParse.LeadingWhitespace
Command: "/home/ivmm/ols-extra/build/tests/unit_tests" "--gtest_filter=CidrParse.LeadingWhitespace" "--gtest_also_run_disabled_tests"
Directory: /home/ivmm/ols-extra/build/tests
"CidrParse.LeadingWhitespace" start time: Feb 26 13:56 CST
Output:
----------------------------------------------------------
Running main() from /home/ivmm/ols-extra/build/_deps/googletest-src/googletest/src/gtest_main.cc
Note: Google Test filter = CidrParse.LeadingWhitespace
[==========] Running 1 test from 1 test suite.
[----------] Global test environment set-up.
[----------] 1 test from CidrParse
[ RUN      ] CidrParse.LeadingWhitespace
[       OK ] CidrParse.LeadingWhitespace (0 ms)
[----------] 1 test from CidrParse (0 ms total)

[----------] Global test environment tear-down
[==========] 1 test from 1 test suite ran. (0 ms total)
[  PASSED  ] 1 test.
<end of output>
Test time =   0.00 sec
----------------------------------------------------------
Test Passed.
"CidrParse.LeadingWhitespace" end time: Feb 26 13:56 CST
"CidrParse.LeadingWhitespace" time elapsed: 00:00:00
----------------------------------------------------------

35/656 Testing: CidrParse.TrailingWhitespace
35/656 Test: CidrParse.TrailingWhitespace
Command: "/home/ivmm/ols-extra/build/tests/unit_tests" "--gtest_filter=CidrParse.TrailingWhitespace" "--gtest_also_run_disabled_tests"
Directory: /home/ivmm/ols-extra/build/tests
"CidrParse.TrailingWhitespace" start time: Feb 26 13:56 CST
Output:
----------------------------------------------------------
Running main() from /home/ivmm/ols-extra/build/_deps/googletest-src/googletest/src/gtest_main.cc
Note: Google Test filter = CidrParse.TrailingWhitespace
[==========] Running 1 test from 1 test suite.
[----------] Global test environment set-up.
[----------] 1 test from CidrParse
[ RUN      ] CidrParse.TrailingWhitespace
[       OK ] CidrParse.TrailingWhitespace (0 ms)
[----------] 1 test from CidrParse (0 ms total)

[----------] Global test environment tear-down
[==========] 1 test from 1 test suite ran. (0 ms total)
[  PASSED  ] 1 test.
<end of output>
Test time =   0.00 sec
----------------------------------------------------------
Test Passed.
"CidrParse.TrailingWhitespace" end time: Feb 26 13:56 CST
"CidrParse.TrailingWhitespace" time elapsed: 00:00:00
----------------------------------------------------------

36/656 Testing: CidrParse.NullString_ReturnsError
36/656 Test: CidrParse.NullString_ReturnsError
Command: "/home/ivmm/ols-extra/build/tests/unit_tests" "--gtest_filter=CidrParse.NullString_ReturnsError" "--gtest_also_run_disabled_tests"
Directory: /home/ivmm/ols-extra/build/tests
"CidrParse.NullString_ReturnsError" start time: Feb 26 13:56 CST
Output:
----------------------------------------------------------
Running main() from /home/ivmm/ols-extra/build/_deps/googletest-src/googletest/src/gtest_main.cc
Note: Google Test filter = CidrParse.NullString_ReturnsError
[==========] Running 1 test from 1 test suite.
[----------] Global test environment set-up.
[----------] 1 test from CidrParse
[ RUN      ] CidrParse.NullString_ReturnsError
[       OK ] CidrParse.NullString_ReturnsError (0 ms)
[----------] 1 test from CidrParse (0 ms total)

[----------] Global test environment tear-down
[==========] 1 test from 1 test suite ran. (0 ms total)
[  PASSED  ] 1 test.
<end of output>
Test time =   0.00 sec
----------------------------------------------------------
Test Passed.
"CidrParse.NullString_ReturnsError" end time: Feb 26 13:56 CST
"CidrParse.NullString_ReturnsError" time elapsed: 00:00:00
----------------------------------------------------------

37/656 Testing: CidrParse.NullOutput_ReturnsError
37/656 Test: CidrParse.NullOutput_ReturnsError
Command: "/home/ivmm/ols-extra/build/tests/unit_tests" "--gtest_filter=CidrParse.NullOutput_ReturnsError" "--gtest_also_run_disabled_tests"
Directory: /home/ivmm/ols-extra/build/tests
"CidrParse.NullOutput_ReturnsError" start time: Feb 26 13:56 CST
Output:
----------------------------------------------------------
Running main() from /home/ivmm/ols-extra/build/_deps/googletest-src/googletest/src/gtest_main.cc
Note: Google Test filter = CidrParse.NullOutput_ReturnsError
[==========] Running 1 test from 1 test suite.
[----------] Global test environment set-up.
[----------] 1 test from CidrParse
[ RUN      ] CidrParse.NullOutput_ReturnsError
[       OK ] CidrParse.NullOutput_ReturnsError (0 ms)
[----------] 1 test from CidrParse (0 ms total)

[----------] Global test environment tear-down
[==========] 1 test from 1 test suite ran. (0 ms total)
[  PASSED  ] 1 test.
<end of output>
Test time =   0.00 sec
----------------------------------------------------------
Test Passed.
"CidrParse.NullOutput_ReturnsError" end time: Feb 26 13:56 CST
"CidrParse.NullOutput_ReturnsError" time elapsed: 00:00:00
----------------------------------------------------------

38/656 Testing: CidrParse.EmptyString_ReturnsError
38/656 Test: CidrParse.EmptyString_ReturnsError
Command: "/home/ivmm/ols-extra/build/tests/unit_tests" "--gtest_filter=CidrParse.EmptyString_ReturnsError" "--gtest_also_run_disabled_tests"
Directory: /home/ivmm/ols-extra/build/tests
"CidrParse.EmptyString_ReturnsError" start time: Feb 26 13:56 CST
Output:
----------------------------------------------------------
Running main() from /home/ivmm/ols-extra/build/_deps/googletest-src/googletest/src/gtest_main.cc
Note: Google Test filter = CidrParse.EmptyString_ReturnsError
[==========] Running 1 test from 1 test suite.
[----------] Global test environment set-up.
[----------] 1 test from CidrParse
[ RUN      ] CidrParse.EmptyString_ReturnsError
[       OK ] CidrParse.EmptyString_ReturnsError (0 ms)
[----------] 1 test from CidrParse (0 ms total)

[----------] Global test environment tear-down
[==========] 1 test from 1 test suite ran. (0 ms total)
[  PASSED  ] 1 test.
<end of output>
Test time =   0.00 sec
----------------------------------------------------------
Test Passed.
"CidrParse.EmptyString_ReturnsError" end time: Feb 26 13:56 CST
"CidrParse.EmptyString_ReturnsError" time elapsed: 00:00:00
----------------------------------------------------------

39/656 Testing: CidrParse.PrefixTooLarge_ReturnsError
39/656 Test: CidrParse.PrefixTooLarge_ReturnsError
Command: "/home/ivmm/ols-extra/build/tests/unit_tests" "--gtest_filter=CidrParse.PrefixTooLarge_ReturnsError" "--gtest_also_run_disabled_tests"
Directory: /home/ivmm/ols-extra/build/tests
"CidrParse.PrefixTooLarge_ReturnsError" start time: Feb 26 13:56 CST
Output:
----------------------------------------------------------
Running main() from /home/ivmm/ols-extra/build/_deps/googletest-src/googletest/src/gtest_main.cc
Note: Google Test filter = CidrParse.PrefixTooLarge_ReturnsError
[==========] Running 1 test from 1 test suite.
[----------] Global test environment set-up.
[----------] 1 test from CidrParse
[ RUN      ] CidrParse.PrefixTooLarge_ReturnsError
[       OK ] CidrParse.PrefixTooLarge_ReturnsError (0 ms)
[----------] 1 test from CidrParse (0 ms total)

[----------] Global test environment tear-down
[==========] 1 test from 1 test suite ran. (0 ms total)
[  PASSED  ] 1 test.
<end of output>
Test time =   0.00 sec
----------------------------------------------------------
Test Passed.
"CidrParse.PrefixTooLarge_ReturnsError" end time: Feb 26 13:56 CST
"CidrParse.PrefixTooLarge_ReturnsError" time elapsed: 00:00:00
----------------------------------------------------------

40/656 Testing: CidrParse.OctetTooLarge_ReturnsError
40/656 Test: CidrParse.OctetTooLarge_ReturnsError
Command: "/home/ivmm/ols-extra/build/tests/unit_tests" "--gtest_filter=CidrParse.OctetTooLarge_ReturnsError" "--gtest_also_run_disabled_tests"
Directory: /home/ivmm/ols-extra/build/tests
"CidrParse.OctetTooLarge_ReturnsError" start time: Feb 26 13:56 CST
Output:
----------------------------------------------------------
Running main() from /home/ivmm/ols-extra/build/_deps/googletest-src/googletest/src/gtest_main.cc
Note: Google Test filter = CidrParse.OctetTooLarge_ReturnsError
[==========] Running 1 test from 1 test suite.
[----------] Global test environment set-up.
[----------] 1 test from CidrParse
[ RUN      ] CidrParse.OctetTooLarge_ReturnsError
[       OK ] CidrParse.OctetTooLarge_ReturnsError (0 ms)
[----------] 1 test from CidrParse (0 ms total)

[----------] Global test environment tear-down
[==========] 1 test from 1 test suite ran. (0 ms total)
[  PASSED  ] 1 test.
<end of output>
Test time =   0.00 sec
----------------------------------------------------------
Test Passed.
"CidrParse.OctetTooLarge_ReturnsError" end time: Feb 26 13:56 CST
"CidrParse.OctetTooLarge_ReturnsError" time elapsed: 00:00:00
----------------------------------------------------------

41/656 Testing: CidrParse.TooFewOctets_ReturnsError
41/656 Test: CidrParse.TooFewOctets_ReturnsError
Command: "/home/ivmm/ols-extra/build/tests/unit_tests" "--gtest_filter=CidrParse.TooFewOctets_ReturnsError" "--gtest_also_run_disabled_tests"
Directory: /home/ivmm/ols-extra/build/tests
"CidrParse.TooFewOctets_ReturnsError" start time: Feb 26 13:56 CST
Output:
----------------------------------------------------------
Running main() from /home/ivmm/ols-extra/build/_deps/googletest-src/googletest/src/gtest_main.cc
Note: Google Test filter = CidrParse.TooFewOctets_ReturnsError
[==========] Running 1 test from 1 test suite.
[----------] Global test environment set-up.
[----------] 1 test from CidrParse
[ RUN      ] CidrParse.TooFewOctets_ReturnsError
[       OK ] CidrParse.TooFewOctets_ReturnsError (0 ms)
[----------] 1 test from CidrParse (0 ms total)

[----------] Global test environment tear-down
[==========] 1 test from 1 test suite ran. (0 ms total)
[  PASSED  ] 1 test.
<end of output>
Test time =   0.00 sec
----------------------------------------------------------
Test Passed.
"CidrParse.TooFewOctets_ReturnsError" end time: Feb 26 13:56 CST
"CidrParse.TooFewOctets_ReturnsError" time elapsed: 00:00:00
----------------------------------------------------------

42/656 Testing: CidrParse.TrailingGarbage_ReturnsError
42/656 Test: CidrParse.TrailingGarbage_ReturnsError
Command: "/home/ivmm/ols-extra/build/tests/unit_tests" "--gtest_filter=CidrParse.TrailingGarbage_ReturnsError" "--gtest_also_run_disabled_tests"
Directory: /home/ivmm/ols-extra/build/tests
"CidrParse.TrailingGarbage_ReturnsError" start time: Feb 26 13:56 CST
Output:
----------------------------------------------------------
Running main() from /home/ivmm/ols-extra/build/_deps/googletest-src/googletest/src/gtest_main.cc
Note: Google Test filter = CidrParse.TrailingGarbage_ReturnsError
[==========] Running 1 test from 1 test suite.
[----------] Global test environment set-up.
[----------] 1 test from CidrParse
[ RUN      ] CidrParse.TrailingGarbage_ReturnsError
[       OK ] CidrParse.TrailingGarbage_ReturnsError (0 ms)
[----------] 1 test from CidrParse (0 ms total)

[----------] Global test environment tear-down
[==========] 1 test from 1 test suite ran. (0 ms total)
[  PASSED  ] 1 test.
<end of output>
Test time =   0.00 sec
----------------------------------------------------------
Test Passed.
"CidrParse.TrailingGarbage_ReturnsError" end time: Feb 26 13:56 CST
"CidrParse.TrailingGarbage_ReturnsError" time elapsed: 00:00:00
----------------------------------------------------------

43/656 Testing: CidrParse.LeadingZeroOctet_ReturnsError
43/656 Test: CidrParse.LeadingZeroOctet_ReturnsError
Command: "/home/ivmm/ols-extra/build/tests/unit_tests" "--gtest_filter=CidrParse.LeadingZeroOctet_ReturnsError" "--gtest_also_run_disabled_tests"
Directory: /home/ivmm/ols-extra/build/tests
"CidrParse.LeadingZeroOctet_ReturnsError" start time: Feb 26 13:56 CST
Output:
----------------------------------------------------------
Running main() from /home/ivmm/ols-extra/build/_deps/googletest-src/googletest/src/gtest_main.cc
Note: Google Test filter = CidrParse.LeadingZeroOctet_ReturnsError
[==========] Running 1 test from 1 test suite.
[----------] Global test environment set-up.
[----------] 1 test from CidrParse
[ RUN      ] CidrParse.LeadingZeroOctet_ReturnsError
[       OK ] CidrParse.LeadingZeroOctet_ReturnsError (0 ms)
[----------] 1 test from CidrParse (0 ms total)

[----------] Global test environment tear-down
[==========] 1 test from 1 test suite ran. (0 ms total)
[  PASSED  ] 1 test.
<end of output>
Test time =   0.00 sec
----------------------------------------------------------
Test Passed.
"CidrParse.LeadingZeroOctet_ReturnsError" end time: Feb 26 13:56 CST
"CidrParse.LeadingZeroOctet_ReturnsError" time elapsed: 00:00:00
----------------------------------------------------------

44/656 Testing: CidrParse.NegativeOctet_ReturnsError
44/656 Test: CidrParse.NegativeOctet_ReturnsError
Command: "/home/ivmm/ols-extra/build/tests/unit_tests" "--gtest_filter=CidrParse.NegativeOctet_ReturnsError" "--gtest_also_run_disabled_tests"
Directory: /home/ivmm/ols-extra/build/tests
"CidrParse.NegativeOctet_ReturnsError" start time: Feb 26 13:56 CST
Output:
----------------------------------------------------------
Running main() from /home/ivmm/ols-extra/build/_deps/googletest-src/googletest/src/gtest_main.cc
Note: Google Test filter = CidrParse.NegativeOctet_ReturnsError
[==========] Running 1 test from 1 test suite.
[----------] Global test environment set-up.
[----------] 1 test from CidrParse
[ RUN      ] CidrParse.NegativeOctet_ReturnsError
[       OK ] CidrParse.NegativeOctet_ReturnsError (0 ms)
[----------] 1 test from CidrParse (0 ms total)

[----------] Global test environment tear-down
[==========] 1 test from 1 test suite ran. (0 ms total)
[  PASSED  ] 1 test.
<end of output>
Test time =   0.00 sec
----------------------------------------------------------
Test Passed.
"CidrParse.NegativeOctet_ReturnsError" end time: Feb 26 13:56 CST
"CidrParse.NegativeOctet_ReturnsError" time elapsed: 00:00:00
----------------------------------------------------------

45/656 Testing: CidrMatch.IPInRange_Slash24
45/656 Test: CidrMatch.IPInRange_Slash24
Command: "/home/ivmm/ols-extra/build/tests/unit_tests" "--gtest_filter=CidrMatch.IPInRange_Slash24" "--gtest_also_run_disabled_tests"
Directory: /home/ivmm/ols-extra/build/tests
"CidrMatch.IPInRange_Slash24" start time: Feb 26 13:56 CST
Output:
----------------------------------------------------------
Running main() from /home/ivmm/ols-extra/build/_deps/googletest-src/googletest/src/gtest_main.cc
Note: Google Test filter = CidrMatch.IPInRange_Slash24
[==========] Running 1 test from 1 test suite.
[----------] Global test environment set-up.
[----------] 1 test from CidrMatch
[ RUN      ] CidrMatch.IPInRange_Slash24
[       OK ] CidrMatch.IPInRange_Slash24 (0 ms)
[----------] 1 test from CidrMatch (0 ms total)

[----------] Global test environment tear-down
[==========] 1 test from 1 test suite ran. (0 ms total)
[  PASSED  ] 1 test.
<end of output>
Test time =   0.00 sec
----------------------------------------------------------
Test Passed.
"CidrMatch.IPInRange_Slash24" end time: Feb 26 13:56 CST
"CidrMatch.IPInRange_Slash24" time elapsed: 00:00:00
----------------------------------------------------------

46/656 Testing: CidrMatch.IPOutOfRange_Slash24
46/656 Test: CidrMatch.IPOutOfRange_Slash24
Command: "/home/ivmm/ols-extra/build/tests/unit_tests" "--gtest_filter=CidrMatch.IPOutOfRange_Slash24" "--gtest_also_run_disabled_tests"
Directory: /home/ivmm/ols-extra/build/tests
"CidrMatch.IPOutOfRange_Slash24" start time: Feb 26 13:56 CST
Output:
----------------------------------------------------------
Running main() from /home/ivmm/ols-extra/build/_deps/googletest-src/googletest/src/gtest_main.cc
Note: Google Test filter = CidrMatch.IPOutOfRange_Slash24
[==========] Running 1 test from 1 test suite.
[----------] Global test environment set-up.
[----------] 1 test from CidrMatch
[ RUN      ] CidrMatch.IPOutOfRange_Slash24
[       OK ] CidrMatch.IPOutOfRange_Slash24 (0 ms)
[----------] 1 test from CidrMatch (0 ms total)

[----------] Global test environment tear-down
[==========] 1 test from 1 test suite ran. (0 ms total)
[  PASSED  ] 1 test.
<end of output>
Test time =   0.00 sec
----------------------------------------------------------
Test Passed.
"CidrMatch.IPOutOfRange_Slash24" end time: Feb 26 13:56 CST
"CidrMatch.IPOutOfRange_Slash24" time elapsed: 00:00:00
----------------------------------------------------------

47/656 Testing: CidrMatch.ExactHost_Slash32
47/656 Test: CidrMatch.ExactHost_Slash32
Command: "/home/ivmm/ols-extra/build/tests/unit_tests" "--gtest_filter=CidrMatch.ExactHost_Slash32" "--gtest_also_run_disabled_tests"
Directory: /home/ivmm/ols-extra/build/tests
"CidrMatch.ExactHost_Slash32" start time: Feb 26 13:56 CST
Output:
----------------------------------------------------------
Running main() from /home/ivmm/ols-extra/build/_deps/googletest-src/googletest/src/gtest_main.cc
Note: Google Test filter = CidrMatch.ExactHost_Slash32
[==========] Running 1 test from 1 test suite.
[----------] Global test environment set-up.
[----------] 1 test from CidrMatch
[ RUN      ] CidrMatch.ExactHost_Slash32
[       OK ] CidrMatch.ExactHost_Slash32 (0 ms)
[----------] 1 test from CidrMatch (0 ms total)

[----------] Global test environment tear-down
[==========] 1 test from 1 test suite ran. (0 ms total)
[  PASSED  ] 1 test.
<end of output>
Test time =   0.00 sec
----------------------------------------------------------
Test Passed.
"CidrMatch.ExactHost_Slash32" end time: Feb 26 13:56 CST
"CidrMatch.ExactHost_Slash32" time elapsed: 00:00:00
----------------------------------------------------------

48/656 Testing: CidrMatch.AllKeyword_MatchesAnyIP
48/656 Test: CidrMatch.AllKeyword_MatchesAnyIP
Command: "/home/ivmm/ols-extra/build/tests/unit_tests" "--gtest_filter=CidrMatch.AllKeyword_MatchesAnyIP" "--gtest_also_run_disabled_tests"
Directory: /home/ivmm/ols-extra/build/tests
"CidrMatch.AllKeyword_MatchesAnyIP" start time: Feb 26 13:56 CST
Output:
----------------------------------------------------------
Running main() from /home/ivmm/ols-extra/build/_deps/googletest-src/googletest/src/gtest_main.cc
Note: Google Test filter = CidrMatch.AllKeyword_MatchesAnyIP
[==========] Running 1 test from 1 test suite.
[----------] Global test environment set-up.
[----------] 1 test from CidrMatch
[ RUN      ] CidrMatch.AllKeyword_MatchesAnyIP
[       OK ] CidrMatch.AllKeyword_MatchesAnyIP (0 ms)
[----------] 1 test from CidrMatch (0 ms total)

[----------] Global test environment tear-down
[==========] 1 test from 1 test suite ran. (0 ms total)
[  PASSED  ] 1 test.
<end of output>
Test time =   0.00 sec
----------------------------------------------------------
Test Passed.
"CidrMatch.AllKeyword_MatchesAnyIP" end time: Feb 26 13:56 CST
"CidrMatch.AllKeyword_MatchesAnyIP" time elapsed: 00:00:00
----------------------------------------------------------

49/656 Testing: CidrMatch.Slash0_MatchesEverything
49/656 Test: CidrMatch.Slash0_MatchesEverything
Command: "/home/ivmm/ols-extra/build/tests/unit_tests" "--gtest_filter=CidrMatch.Slash0_MatchesEverything" "--gtest_also_run_disabled_tests"
Directory: /home/ivmm/ols-extra/build/tests
"CidrMatch.Slash0_MatchesEverything" start time: Feb 26 13:56 CST
Output:
----------------------------------------------------------
Running main() from /home/ivmm/ols-extra/build/_deps/googletest-src/googletest/src/gtest_main.cc
Note: Google Test filter = CidrMatch.Slash0_MatchesEverything
[==========] Running 1 test from 1 test suite.
[----------] Global test environment set-up.
[----------] 1 test from CidrMatch
[ RUN      ] CidrMatch.Slash0_MatchesEverything
[       OK ] CidrMatch.Slash0_MatchesEverything (0 ms)
[----------] 1 test from CidrMatch (0 ms total)

[----------] Global test environment tear-down
[==========] 1 test from 1 test suite ran. (0 ms total)
[  PASSED  ] 1 test.
<end of output>
Test time =   0.00 sec
----------------------------------------------------------
Test Passed.
"CidrMatch.Slash0_MatchesEverything" end time: Feb 26 13:56 CST
"CidrMatch.Slash0_MatchesEverything" time elapsed: 00:00:00
----------------------------------------------------------

50/656 Testing: CidrMatch.BoundaryFirst_Slash24
50/656 Test: CidrMatch.BoundaryFirst_Slash24
Command: "/home/ivmm/ols-extra/build/tests/unit_tests" "--gtest_filter=CidrMatch.BoundaryFirst_Slash24" "--gtest_also_run_disabled_tests"
Directory: /home/ivmm/ols-extra/build/tests
"CidrMatch.BoundaryFirst_Slash24" start time: Feb 26 13:56 CST
Output:
----------------------------------------------------------
Running main() from /home/ivmm/ols-extra/build/_deps/googletest-src/googletest/src/gtest_main.cc
Note: Google Test filter = CidrMatch.BoundaryFirst_Slash24
[==========] Running 1 test from 1 test suite.
[----------] Global test environment set-up.
[----------] 1 test from CidrMatch
[ RUN      ] CidrMatch.BoundaryFirst_Slash24
[       OK ] CidrMatch.BoundaryFirst_Slash24 (0 ms)
[----------] 1 test from CidrMatch (0 ms total)

[----------] Global test environment tear-down
[==========] 1 test from 1 test suite ran. (0 ms total)
[  PASSED  ] 1 test.
<end of output>
Test time =   0.00 sec
----------------------------------------------------------
Test Passed.
"CidrMatch.BoundaryFirst_Slash24" end time: Feb 26 13:56 CST
"CidrMatch.BoundaryFirst_Slash24" time elapsed: 00:00:00
----------------------------------------------------------

51/656 Testing: CidrMatch.BoundaryLast_Slash24
51/656 Test: CidrMatch.BoundaryLast_Slash24
Command: "/home/ivmm/ols-extra/build/tests/unit_tests" "--gtest_filter=CidrMatch.BoundaryLast_Slash24" "--gtest_also_run_disabled_tests"
Directory: /home/ivmm/ols-extra/build/tests
"CidrMatch.BoundaryLast_Slash24" start time: Feb 26 13:56 CST
Output:
----------------------------------------------------------
Running main() from /home/ivmm/ols-extra/build/_deps/googletest-src/googletest/src/gtest_main.cc
Note: Google Test filter = CidrMatch.BoundaryLast_Slash24
[==========] Running 1 test from 1 test suite.
[----------] Global test environment set-up.
[----------] 1 test from CidrMatch
[ RUN      ] CidrMatch.BoundaryLast_Slash24
[       OK ] CidrMatch.BoundaryLast_Slash24 (0 ms)
[----------] 1 test from CidrMatch (0 ms total)

[----------] Global test environment tear-down
[==========] 1 test from 1 test suite ran. (0 ms total)
[  PASSED  ] 1 test.
<end of output>
Test time =   0.00 sec
----------------------------------------------------------
Test Passed.
"CidrMatch.BoundaryLast_Slash24" end time: Feb 26 13:56 CST
"CidrMatch.BoundaryLast_Slash24" time elapsed: 00:00:00
----------------------------------------------------------

52/656 Testing: CidrMatch.NullCidr_Returns0
52/656 Test: CidrMatch.NullCidr_Returns0
Command: "/home/ivmm/ols-extra/build/tests/unit_tests" "--gtest_filter=CidrMatch.NullCidr_Returns0" "--gtest_also_run_disabled_tests"
Directory: /home/ivmm/ols-extra/build/tests
"CidrMatch.NullCidr_Returns0" start time: Feb 26 13:56 CST
Output:
----------------------------------------------------------
Running main() from /home/ivmm/ols-extra/build/_deps/googletest-src/googletest/src/gtest_main.cc
Note: Google Test filter = CidrMatch.NullCidr_Returns0
[==========] Running 1 test from 1 test suite.
[----------] Global test environment set-up.
[----------] 1 test from CidrMatch
[ RUN      ] CidrMatch.NullCidr_Returns0
[       OK ] CidrMatch.NullCidr_Returns0 (0 ms)
[----------] 1 test from CidrMatch (0 ms total)

[----------] Global test environment tear-down
[==========] 1 test from 1 test suite ran. (0 ms total)
[  PASSED  ] 1 test.
<end of output>
Test time =   0.00 sec
----------------------------------------------------------
Test Passed.
"CidrMatch.NullCidr_Returns0" end time: Feb 26 13:56 CST
"CidrMatch.NullCidr_Returns0" time elapsed: 00:00:00
----------------------------------------------------------

53/656 Testing: IpParse.ValidIP
53/656 Test: IpParse.ValidIP
Command: "/home/ivmm/ols-extra/build/tests/unit_tests" "--gtest_filter=IpParse.ValidIP" "--gtest_also_run_disabled_tests"
Directory: /home/ivmm/ols-extra/build/tests
"IpParse.ValidIP" start time: Feb 26 13:56 CST
Output:
----------------------------------------------------------
Running main() from /home/ivmm/ols-extra/build/_deps/googletest-src/googletest/src/gtest_main.cc
Note: Google Test filter = IpParse.ValidIP
[==========] Running 1 test from 1 test suite.
[----------] Global test environment set-up.
[----------] 1 test from IpParse
[ RUN      ] IpParse.ValidIP
[       OK ] IpParse.ValidIP (0 ms)
[----------] 1 test from IpParse (0 ms total)

[----------] Global test environment tear-down
[==========] 1 test from 1 test suite ran. (0 ms total)
[  PASSED  ] 1 test.
<end of output>
Test time =   0.00 sec
----------------------------------------------------------
Test Passed.
"IpParse.ValidIP" end time: Feb 26 13:56 CST
"IpParse.ValidIP" time elapsed: 00:00:00
----------------------------------------------------------

54/656 Testing: IpParse.ZeroIP
54/656 Test: IpParse.ZeroIP
Command: "/home/ivmm/ols-extra/build/tests/unit_tests" "--gtest_filter=IpParse.ZeroIP" "--gtest_also_run_disabled_tests"
Directory: /home/ivmm/ols-extra/build/tests
"IpParse.ZeroIP" start time: Feb 26 13:56 CST
Output:
----------------------------------------------------------
Running main() from /home/ivmm/ols-extra/build/_deps/googletest-src/googletest/src/gtest_main.cc
Note: Google Test filter = IpParse.ZeroIP
[==========] Running 1 test from 1 test suite.
[----------] Global test environment set-up.
[----------] 1 test from IpParse
[ RUN      ] IpParse.ZeroIP
[       OK ] IpParse.ZeroIP (0 ms)
[----------] 1 test from IpParse (0 ms total)

[----------] Global test environment tear-down
[==========] 1 test from 1 test suite ran. (0 ms total)
[  PASSED  ] 1 test.
<end of output>
Test time =   0.00 sec
----------------------------------------------------------
Test Passed.
"IpParse.ZeroIP" end time: Feb 26 13:56 CST
"IpParse.ZeroIP" time elapsed: 00:00:00
----------------------------------------------------------

55/656 Testing: IpParse.MaxIP
55/656 Test: IpParse.MaxIP
Command: "/home/ivmm/ols-extra/build/tests/unit_tests" "--gtest_filter=IpParse.MaxIP" "--gtest_also_run_disabled_tests"
Directory: /home/ivmm/ols-extra/build/tests
"IpParse.MaxIP" start time: Feb 26 13:56 CST
Output:
----------------------------------------------------------
Running main() from /home/ivmm/ols-extra/build/_deps/googletest-src/googletest/src/gtest_main.cc
Note: Google Test filter = IpParse.MaxIP
[==========] Running 1 test from 1 test suite.
[----------] Global test environment set-up.
[----------] 1 test from IpParse
[ RUN      ] IpParse.MaxIP
[       OK ] IpParse.MaxIP (0 ms)
[----------] 1 test from IpParse (0 ms total)

[----------] Global test environment tear-down
[==========] 1 test from 1 test suite ran. (0 ms total)
[  PASSED  ] 1 test.
<end of output>
Test time =   0.00 sec
----------------------------------------------------------
Test Passed.
"IpParse.MaxIP" end time: Feb 26 13:56 CST
"IpParse.MaxIP" time elapsed: 00:00:00
----------------------------------------------------------

56/656 Testing: IpParse.NullString_ReturnsError
56/656 Test: IpParse.NullString_ReturnsError
Command: "/home/ivmm/ols-extra/build/tests/unit_tests" "--gtest_filter=IpParse.NullString_ReturnsError" "--gtest_also_run_disabled_tests"
Directory: /home/ivmm/ols-extra/build/tests
"IpParse.NullString_ReturnsError" start time: Feb 26 13:56 CST
Output:
----------------------------------------------------------
Running main() from /home/ivmm/ols-extra/build/_deps/googletest-src/googletest/src/gtest_main.cc
Note: Google Test filter = IpParse.NullString_ReturnsError
[==========] Running 1 test from 1 test suite.
[----------] Global test environment set-up.
[----------] 1 test from IpParse
[ RUN      ] IpParse.NullString_ReturnsError
[       OK ] IpParse.NullString_ReturnsError (0 ms)
[----------] 1 test from IpParse (0 ms total)

[----------] Global test environment tear-down
[==========] 1 test from 1 test suite ran. (0 ms total)
[  PASSED  ] 1 test.
<end of output>
Test time =   0.00 sec
----------------------------------------------------------
Test Passed.
"IpParse.NullString_ReturnsError" end time: Feb 26 13:56 CST
"IpParse.NullString_ReturnsError" time elapsed: 00:00:00
----------------------------------------------------------

57/656 Testing: IpParse.InvalidFormat_ReturnsError
57/656 Test: IpParse.InvalidFormat_ReturnsError
Command: "/home/ivmm/ols-extra/build/tests/unit_tests" "--gtest_filter=IpParse.InvalidFormat_ReturnsError" "--gtest_also_run_disabled_tests"
Directory: /home/ivmm/ols-extra/build/tests
"IpParse.InvalidFormat_ReturnsError" start time: Feb 26 13:56 CST
Output:
----------------------------------------------------------
Running main() from /home/ivmm/ols-extra/build/_deps/googletest-src/googletest/src/gtest_main.cc
Note: Google Test filter = IpParse.InvalidFormat_ReturnsError
[==========] Running 1 test from 1 test suite.
[----------] Global test environment set-up.
[----------] 1 test from IpParse
[ RUN      ] IpParse.InvalidFormat_ReturnsError
[       OK ] IpParse.InvalidFormat_ReturnsError (0 ms)
[----------] 1 test from IpParse (0 ms total)

[----------] Global test environment tear-down
[==========] 1 test from 1 test suite ran. (0 ms total)
[  PASSED  ] 1 test.
<end of output>
Test time =   0.00 sec
----------------------------------------------------------
Test Passed.
"IpParse.InvalidFormat_ReturnsError" end time: Feb 26 13:56 CST
"IpParse.InvalidFormat_ReturnsError" time elapsed: 00:00:00
----------------------------------------------------------

58/656 Testing: IpParse.TrailingSlash_ReturnsError
58/656 Test: IpParse.TrailingSlash_ReturnsError
Command: "/home/ivmm/ols-extra/build/tests/unit_tests" "--gtest_filter=IpParse.TrailingSlash_ReturnsError" "--gtest_also_run_disabled_tests"
Directory: /home/ivmm/ols-extra/build/tests
"IpParse.TrailingSlash_ReturnsError" start time: Feb 26 13:56 CST
Output:
----------------------------------------------------------
Running main() from /home/ivmm/ols-extra/build/_deps/googletest-src/googletest/src/gtest_main.cc
Note: Google Test filter = IpParse.TrailingSlash_ReturnsError
[==========] Running 1 test from 1 test suite.
[----------] Global test environment set-up.
[----------] 1 test from IpParse
[ RUN      ] IpParse.TrailingSlash_ReturnsError
[       OK ] IpParse.TrailingSlash_ReturnsError (0 ms)
[----------] 1 test from IpParse (0 ms total)

[----------] Global test environment tear-down
[==========] 1 test from 1 test suite ran. (0 ms total)
[  PASSED  ] 1 test.
<end of output>
Test time =   0.00 sec
----------------------------------------------------------
Test Passed.
"IpParse.TrailingSlash_ReturnsError" end time: Feb 26 13:56 CST
"IpParse.TrailingSlash_ReturnsError" time elapsed: 00:00:00
----------------------------------------------------------

59/656 Testing: DirectiveEnums.DirectiveTypeHas28Values
59/656 Test: DirectiveEnums.DirectiveTypeHas28Values
Command: "/home/ivmm/ols-extra/build/tests/unit_tests" "--gtest_filter=DirectiveEnums.DirectiveTypeHas28Values" "--gtest_also_run_disabled_tests"
Directory: /home/ivmm/ols-extra/build/tests
"DirectiveEnums.DirectiveTypeHas28Values" start time: Feb 26 13:56 CST
Output:
----------------------------------------------------------
Running main() from /home/ivmm/ols-extra/build/_deps/googletest-src/googletest/src/gtest_main.cc
Note: Google Test filter = DirectiveEnums.DirectiveTypeHas28Values
[==========] Running 1 test from 1 test suite.
[----------] Global test environment set-up.
[----------] 1 test from DirectiveEnums
[ RUN      ] DirectiveEnums.DirectiveTypeHas28Values
[       OK ] DirectiveEnums.DirectiveTypeHas28Values (0 ms)
[----------] 1 test from DirectiveEnums (0 ms total)

[----------] Global test environment tear-down
[==========] 1 test from 1 test suite ran. (0 ms total)
[  PASSED  ] 1 test.
<end of output>
Test time =   0.00 sec
----------------------------------------------------------
Test Passed.
"DirectiveEnums.DirectiveTypeHas28Values" end time: Feb 26 13:56 CST
"DirectiveEnums.DirectiveTypeHas28Values" time elapsed: 00:00:00
----------------------------------------------------------

60/656 Testing: DirectiveEnums.AclOrderValues
60/656 Test: DirectiveEnums.AclOrderValues
Command: "/home/ivmm/ols-extra/build/tests/unit_tests" "--gtest_filter=DirectiveEnums.AclOrderValues" "--gtest_also_run_disabled_tests"
Directory: /home/ivmm/ols-extra/build/tests
"DirectiveEnums.AclOrderValues" start time: Feb 26 13:56 CST
Output:
----------------------------------------------------------
Running main() from /home/ivmm/ols-extra/build/_deps/googletest-src/googletest/src/gtest_main.cc
Note: Google Test filter = DirectiveEnums.AclOrderValues
[==========] Running 1 test from 1 test suite.
[----------] Global test environment set-up.
[----------] 1 test from DirectiveEnums
[ RUN      ] DirectiveEnums.AclOrderValues
[       OK ] DirectiveEnums.AclOrderValues (0 ms)
[----------] 1 test from DirectiveEnums (0 ms total)

[----------] Global test environment tear-down
[==========] 1 test from 1 test suite ran. (0 ms total)
[  PASSED  ] 1 test.
<end of output>
Test time =   0.00 sec
----------------------------------------------------------
Test Passed.
"DirectiveEnums.AclOrderValues" end time: Feb 26 13:56 CST
"DirectiveEnums.AclOrderValues" time elapsed: 00:00:00
----------------------------------------------------------

61/656 Testing: DirectiveEnums.BfActionValues
61/656 Test: DirectiveEnums.BfActionValues
Command: "/home/ivmm/ols-extra/build/tests/unit_tests" "--gtest_filter=DirectiveEnums.BfActionValues" "--gtest_also_run_disabled_tests"
Directory: /home/ivmm/ols-extra/build/tests
"DirectiveEnums.BfActionValues" start time: Feb 26 13:56 CST
Output:
----------------------------------------------------------
Running main() from /home/ivmm/ols-extra/build/_deps/googletest-src/googletest/src/gtest_main.cc
Note: Google Test filter = DirectiveEnums.BfActionValues
[==========] Running 1 test from 1 test suite.
[----------] Global test environment set-up.
[----------] 1 test from DirectiveEnums
[ RUN      ] DirectiveEnums.BfActionValues
[       OK ] DirectiveEnums.BfActionValues (0 ms)
[----------] 1 test from DirectiveEnums (0 ms total)

[----------] Global test environment tear-down
[==========] 1 test from 1 test suite ran. (0 ms total)
[  PASSED  ] 1 test.
<end of output>
Test time =   0.00 sec
----------------------------------------------------------
Test Passed.
"DirectiveEnums.BfActionValues" end time: Feb 26 13:56 CST
"DirectiveEnums.BfActionValues" time elapsed: 00:00:00
----------------------------------------------------------

62/656 Testing: DirectiveEnums.V2EnumValuesStartAt28
62/656 Test: DirectiveEnums.V2EnumValuesStartAt28
Command: "/home/ivmm/ols-extra/build/tests/unit_tests" "--gtest_filter=DirectiveEnums.V2EnumValuesStartAt28" "--gtest_also_run_disabled_tests"
Directory: /home/ivmm/ols-extra/build/tests
"DirectiveEnums.V2EnumValuesStartAt28" start time: Feb 26 13:56 CST
Output:
----------------------------------------------------------
Running main() from /home/ivmm/ols-extra/build/_deps/googletest-src/googletest/src/gtest_main.cc
Note: Google Test filter = DirectiveEnums.V2EnumValuesStartAt28
[==========] Running 1 test from 1 test suite.
[----------] Global test environment set-up.
[----------] 1 test from DirectiveEnums
[ RUN      ] DirectiveEnums.V2EnumValuesStartAt28
[       OK ] DirectiveEnums.V2EnumValuesStartAt28 (0 ms)
[----------] 1 test from DirectiveEnums (0 ms total)

[----------] Global test environment tear-down
[==========] 1 test from 1 test suite ran. (0 ms total)
[  PASSED  ] 1 test.
<end of output>
Test time =   0.00 sec
----------------------------------------------------------
Test Passed.
"DirectiveEnums.V2EnumValuesStartAt28" end time: Feb 26 13:56 CST
"DirectiveEnums.V2EnumValuesStartAt28" time elapsed: 00:00:00
----------------------------------------------------------

63/656 Testing: DirectiveStruct.BasicFieldAccess
63/656 Test: DirectiveStruct.BasicFieldAccess
Command: "/home/ivmm/ols-extra/build/tests/unit_tests" "--gtest_filter=DirectiveStruct.BasicFieldAccess" "--gtest_also_run_disabled_tests"
Directory: /home/ivmm/ols-extra/build/tests
"DirectiveStruct.BasicFieldAccess" start time: Feb 26 13:56 CST
Output:
----------------------------------------------------------
Running main() from /home/ivmm/ols-extra/build/_deps/googletest-src/googletest/src/gtest_main.cc
Note: Google Test filter = DirectiveStruct.BasicFieldAccess
[==========] Running 1 test from 1 test suite.
[----------] Global test environment set-up.
[----------] 1 test from DirectiveStruct
[ RUN      ] DirectiveStruct.BasicFieldAccess
[       OK ] DirectiveStruct.BasicFieldAccess (0 ms)
[----------] 1 test from DirectiveStruct (0 ms total)

[----------] Global test environment tear-down
[==========] 1 test from 1 test suite ran. (0 ms total)
[  PASSED  ] 1 test.
<end of output>
Test time =   0.00 sec
----------------------------------------------------------
Test Passed.
"DirectiveStruct.BasicFieldAccess" end time: Feb 26 13:56 CST
"DirectiveStruct.BasicFieldAccess" time elapsed: 00:00:00
[...]
"V2Samples/V2ParseTest.AllDirectivesParsed/40-byte object <50-79 52-D8 AA-AA 00-00 1B-00 00-00 00-00 00-00 1B-00 00-00 00-00 00-00 00-00 00-00 00-00 00-00 05-00 00-00 00-00 00-00>" time elapsed: 00:00:00
----------------------------------------------------------

646/656 Testing: V2Samples/V2ParseTest.AllDirectivesParsed/40-byte object <20-79 52-D8 AA-AA 00-00 1A-00 00-00 00-00 00-00 1A-00 00-00 00-00 00-00 00-00 00-00 00-00 00-00 04-00 00-00 00-00 00-00>
646/656 Test: V2Samples/V2ParseTest.AllDirectivesParsed/40-byte object <20-79 52-D8 AA-AA 00-00 1A-00 00-00 00-00 00-00 1A-00 00-00 00-00 00-00 00-00 00-00 00-00 00-00 04-00 00-00 00-00 00-00>
Command: "/home/ivmm/ols-extra/build/tests/compat_tests" "--gtest_filter=V2Samples/V2ParseTest.AllDirectivesParsed/1" "--gtest_also_run_disabled_tests"
Directory: /home/ivmm/ols-extra/build/tests
"V2Samples/V2ParseTest.AllDirectivesParsed/40-byte object <20-79 52-D8 AA-AA 00-00 1A-00 00-00 00-00 00-00 1A-00 00-00 00-00 00-00 00-00 00-00 00-00 00-00 04-00 00-00 00-00 00-00>" start time: Feb 26 13:56 CST
Output:
----------------------------------------------------------
Running main() from /home/ivmm/ols-extra/build/_deps/googletest-src/googletest/src/gtest_main.cc
Note: Google Test filter = V2Samples/V2ParseTest.AllDirectivesParsed/1
[==========] Running 1 test from 1 test suite.
[----------] Global test environment set-up.
[----------] 1 test from V2Samples/V2ParseTest
[ RUN      ] V2Samples/V2ParseTest.AllDirectivesParsed/1
[       OK ] V2Samples/V2ParseTest.AllDirectivesParsed/1 (0 ms)
[----------] 1 test from V2Samples/V2ParseTest (0 ms total)

[----------] Global test environment tear-down
[==========] 1 test from 1 test suite ran. (0 ms total)
[  PASSED  ] 1 test.
<end of output>
Test time =   0.00 sec
----------------------------------------------------------
Test Passed.
"V2Samples/V2ParseTest.AllDirectivesParsed/40-byte object <20-79 52-D8 AA-AA 00-00 1A-00 00-00 00-00 00-00 1A-00 00-00 00-00 00-00 00-00 00-00 00-00 00-00 04-00 00-00 00-00 00-00>" end time: Feb 26 13:56 CST
"V2Samples/V2ParseTest.AllDirectivesParsed/40-byte object <20-79 52-D8 AA-AA 00-00 1A-00 00-00 00-00 00-00 1A-00 00-00 00-00 00-00 00-00 00-00 00-00 00-00 04-00 00-00 00-00 00-00>" time elapsed: 00:00:00
----------------------------------------------------------

647/656 Testing: V2Samples/V2ParseTest.AllDirectivesParsed/40-byte object <20-79 52-D8 AA-AA 00-00 19-00 00-00 00-00 00-00 19-00 00-00 00-00 00-00 00-00 00-00 00-00 00-00 03-00 00-00 00-00 00-00>
647/656 Test: V2Samples/V2ParseTest.AllDirectivesParsed/40-byte object <20-79 52-D8 AA-AA 00-00 19-00 00-00 00-00 00-00 19-00 00-00 00-00 00-00 00-00 00-00 00-00 00-00 03-00 00-00 00-00 00-00>
Command: "/home/ivmm/ols-extra/build/tests/compat_tests" "--gtest_filter=V2Samples/V2ParseTest.AllDirectivesParsed/2" "--gtest_also_run_disabled_tests"
Directory: /home/ivmm/ols-extra/build/tests
"V2Samples/V2ParseTest.AllDirectivesParsed/40-byte object <20-79 52-D8 AA-AA 00-00 19-00 00-00 00-00 00-00 19-00 00-00 00-00 00-00 00-00 00-00 00-00 00-00 03-00 00-00 00-00 00-00>" start time: Feb 26 13:56 CST
Output:
----------------------------------------------------------
Running main() from /home/ivmm/ols-extra/build/_deps/googletest-src/googletest/src/gtest_main.cc
Note: Google Test filter = V2Samples/V2ParseTest.AllDirectivesParsed/2
[==========] Running 1 test from 1 test suite.
[----------] Global test environment set-up.
[----------] 1 test from V2Samples/V2ParseTest
[ RUN      ] V2Samples/V2ParseTest.AllDirectivesParsed/2
[       OK ] V2Samples/V2ParseTest.AllDirectivesParsed/2 (0 ms)
[----------] 1 test from V2Samples/V2ParseTest (0 ms total)

[----------] Global test environment tear-down
[==========] 1 test from 1 test suite ran. (0 ms total)
[  PASSED  ] 1 test.
<end of output>
Test time =   0.00 sec
----------------------------------------------------------
Test Passed.
"V2Samples/V2ParseTest.AllDirectivesParsed/40-byte object <20-79 52-D8 AA-AA 00-00 19-00 00-00 00-00 00-00 19-00 00-00 00-00 00-00 00-00 00-00 00-00 00-00 03-00 00-00 00-00 00-00>" end time: Feb 26 13:56 CST
"V2Samples/V2ParseTest.AllDirectivesParsed/40-byte object <20-79 52-D8 AA-AA 00-00 19-00 00-00 00-00 00-00 19-00 00-00 00-00 00-00 00-00 00-00 00-00 00-00 03-00 00-00 00-00 00-00>" time elapsed: 00:00:00
----------------------------------------------------------

648/656 Testing: V2Samples/V2ParseTest.AllDirectivesParsed/40-byte object <20-79 52-D8 AA-AA 00-00 19-00 00-00 00-00 00-00 19-00 00-00 00-00 00-00 00-00 00-00 00-00 00-00 05-00 00-00 00-00 00-00>
648/656 Test: V2Samples/V2ParseTest.AllDirectivesParsed/40-byte object <20-79 52-D8 AA-AA 00-00 19-00 00-00 00-00 00-00 19-00 00-00 00-00 00-00 00-00 00-00 00-00 00-00 05-00 00-00 00-00 00-00>
Command: "/home/ivmm/ols-extra/build/tests/compat_tests" "--gtest_filter=V2Samples/V2ParseTest.AllDirectivesParsed/3" "--gtest_also_run_disabled_tests"
Directory: /home/ivmm/ols-extra/build/tests
"V2Samples/V2ParseTest.AllDirectivesParsed/40-byte object <20-79 52-D8 AA-AA 00-00 19-00 00-00 00-00 00-00 19-00 00-00 00-00 00-00 00-00 00-00 00-00 00-00 05-00 00-00 00-00 00-00>" start time: Feb 26 13:56 CST
Output:
----------------------------------------------------------
Running main() from /home/ivmm/ols-extra/build/_deps/googletest-src/googletest/src/gtest_main.cc
Note: Google Test filter = V2Samples/V2ParseTest.AllDirectivesParsed/3
[==========] Running 1 test from 1 test suite.
[----------] Global test environment set-up.
[----------] 1 test from V2Samples/V2ParseTest
[ RUN      ] V2Samples/V2ParseTest.AllDirectivesParsed/3
[       OK ] V2Samples/V2ParseTest.AllDirectivesParsed/3 (0 ms)
[----------] 1 test from V2Samples/V2ParseTest (0 ms total)

[----------] Global test environment tear-down
[==========] 1 test from 1 test suite ran. (0 ms total)
[  PASSED  ] 1 test.
<end of output>
Test time =   0.00 sec
----------------------------------------------------------
Test Passed.
"V2Samples/V2ParseTest.AllDirectivesParsed/40-byte object <20-79 52-D8 AA-AA 00-00 19-00 00-00 00-00 00-00 19-00 00-00 00-00 00-00 00-00 00-00 00-00 00-00 05-00 00-00 00-00 00-00>" end time: Feb 26 13:56 CST
"V2Samples/V2ParseTest.AllDirectivesParsed/40-byte object <20-79 52-D8 AA-AA 00-00 19-00 00-00 00-00 00-00 19-00 00-00 00-00 00-00 00-00 00-00 00-00 00-00 05-00 00-00 00-00 00-00>" time elapsed: 00:00:00
----------------------------------------------------------

649/656 Testing: V2Samples/V2ParseTest.AllDirectivesParsed/40-byte object <20-79 52-D8 AA-AA 00-00 18-00 00-00 00-00 00-00 18-00 00-00 00-00 00-00 00-00 00-00 00-00 00-00 04-00 00-00 00-00 00-00>
649/656 Test: V2Samples/V2ParseTest.AllDirectivesParsed/40-byte object <20-79 52-D8 AA-AA 00-00 18-00 00-00 00-00 00-00 18-00 00-00 00-00 00-00 00-00 00-00 00-00 00-00 04-00 00-00 00-00 00-00>
Command: "/home/ivmm/ols-extra/build/tests/compat_tests" "--gtest_filter=V2Samples/V2ParseTest.AllDirectivesParsed/4" "--gtest_also_run_disabled_tests"
Directory: /home/ivmm/ols-extra/build/tests
"V2Samples/V2ParseTest.AllDirectivesParsed/40-byte object <20-79 52-D8 AA-AA 00-00 18-00 00-00 00-00 00-00 18-00 00-00 00-00 00-00 00-00 00-00 00-00 00-00 04-00 00-00 00-00 00-00>" start time: Feb 26 13:56 CST
Output:
----------------------------------------------------------
Running main() from /home/ivmm/ols-extra/build/_deps/googletest-src/googletest/src/gtest_main.cc
Note: Google Test filter = V2Samples/V2ParseTest.AllDirectivesParsed/4
[==========] Running 1 test from 1 test suite.
[----------] Global test environment set-up.
[----------] 1 test from V2Samples/V2ParseTest
[ RUN      ] V2Samples/V2ParseTest.AllDirectivesParsed/4
[       OK ] V2Samples/V2ParseTest.AllDirectivesParsed/4 (0 ms)
[----------] 1 test from V2Samples/V2ParseTest (0 ms total)

[----------] Global test environment tear-down
[==========] 1 test from 1 test suite ran. (0 ms total)
[  PASSED  ] 1 test.
<end of output>
Test time =   0.00 sec
----------------------------------------------------------
Test Passed.
"V2Samples/V2ParseTest.AllDirectivesParsed/40-byte object <20-79 52-D8 AA-AA 00-00 18-00 00-00 00-00 00-00 18-00 00-00 00-00 00-00 00-00 00-00 00-00 00-00 04-00 00-00 00-00 00-00>" end time: Feb 26 13:56 CST
"V2Samples/V2ParseTest.AllDirectivesParsed/40-byte object <20-79 52-D8 AA-AA 00-00 18-00 00-00 00-00 00-00 18-00 00-00 00-00 00-00 00-00 00-00 00-00 00-00 04-00 00-00 00-00 00-00>" time elapsed: 00:00:00
----------------------------------------------------------

650/656 Testing: V2Samples/V2ParseTest.AllDirectivesParsed/40-byte object <20-79 52-D8 AA-AA 00-00 18-00 00-00 00-00 00-00 18-00 00-00 00-00 00-00 00-00 00-00 00-00 00-00 13-00 00-00 00-00 00-00>
650/656 Test: V2Samples/V2ParseTest.AllDirectivesParsed/40-byte object <20-79 52-D8 AA-AA 00-00 18-00 00-00 00-00 00-00 18-00 00-00 00-00 00-00 00-00 00-00 00-00 00-00 13-00 00-00 00-00 00-00>
Command: "/home/ivmm/ols-extra/build/tests/compat_tests" "--gtest_filter=V2Samples/V2ParseTest.AllDirectivesParsed/5" "--gtest_also_run_disabled_tests"
Directory: /home/ivmm/ols-extra/build/tests
"V2Samples/V2ParseTest.AllDirectivesParsed/40-byte object <20-79 52-D8 AA-AA 00-00 18-00 00-00 00-00 00-00 18-00 00-00 00-00 00-00 00-00 00-00 00-00 00-00 13-00 00-00 00-00 00-00>" start time: Feb 26 13:56 CST
Output:
----------------------------------------------------------
Running main() from /home/ivmm/ols-extra/build/_deps/googletest-src/googletest/src/gtest_main.cc
Note: Google Test filter = V2Samples/V2ParseTest.AllDirectivesParsed/5
[==========] Running 1 test from 1 test suite.
[----------] Global test environment set-up.
[----------] 1 test from V2Samples/V2ParseTest
[ RUN      ] V2Samples/V2ParseTest.AllDirectivesParsed/5
[       OK ] V2Samples/V2ParseTest.AllDirectivesParsed/5 (0 ms)
[----------] 1 test from V2Samples/V2ParseTest (0 ms total)

[----------] Global test environment tear-down
[==========] 1 test from 1 test suite ran. (0 ms total)
[  PASSED  ] 1 test.
<end of output>
Test time =   0.00 sec
----------------------------------------------------------
Test Passed.
"V2Samples/V2ParseTest.AllDirectivesParsed/40-byte object <20-79 52-D8 AA-AA 00-00 18-00 00-00 00-00 00-00 18-00 00-00 00-00 00-00 00-00 00-00 00-00 00-00 13-00 00-00 00-00 00-00>" end time: Feb 26 13:56 CST
"V2Samples/V2ParseTest.AllDirectivesParsed/40-byte object <20-79 52-D8 AA-AA 00-00 18-00 00-00 00-00 00-00 18-00 00-00 00-00 00-00 00-00 00-00 00-00 00-00 13-00 00-00 00-00 00-00>" time elapsed: 00:00:00
----------------------------------------------------------

651/656 Testing: V2Samples/V2RoundTripTest.ParsePrintReparse/"wordpress_ifmodule.htaccess"
651/656 Test: V2Samples/V2RoundTripTest.ParsePrintReparse/"wordpress_ifmodule.htaccess"
Command: "/home/ivmm/ols-extra/build/tests/compat_tests" "--gtest_filter=V2Samples/V2RoundTripTest.ParsePrintReparse/0" "--gtest_also_run_disabled_tests"
Directory: /home/ivmm/ols-extra/build/tests
"V2Samples/V2RoundTripTest.ParsePrintReparse/"wordpress_ifmodule.htaccess"" start time: Feb 26 13:56 CST
Output:
----------------------------------------------------------
Running main() from /home/ivmm/ols-extra/build/_deps/googletest-src/googletest/src/gtest_main.cc
Note: Google Test filter = V2Samples/V2RoundTripTest.ParsePrintReparse/0
[==========] Running 1 test from 1 test suite.
[----------] Global test environment set-up.
[----------] 1 test from V2Samples/V2RoundTripTest
[ RUN      ] V2Samples/V2RoundTripTest.ParsePrintReparse/0
[       OK ] V2Samples/V2RoundTripTest.ParsePrintReparse/0 (0 ms)
[----------] 1 test from V2Samples/V2RoundTripTest (0 ms total)

[----------] Global test environment tear-down
[==========] 1 test from 1 test suite ran. (0 ms total)
[  PASSED  ] 1 test.
<end of output>
Test time =   0.00 sec
----------------------------------------------------------
Test Passed.
"V2Samples/V2RoundTripTest.ParsePrintReparse/"wordpress_ifmodule.htaccess"" end time: Feb 26 13:56 CST
"V2Samples/V2RoundTripTest.ParsePrintReparse/"wordpress_ifmodule.htaccess"" time elapsed: 00:00:00
----------------------------------------------------------

652/656 Testing: V2Samples/V2RoundTripTest.ParsePrintReparse/"cpanel_auth_basic.htaccess"
652/656 Test: V2Samples/V2RoundTripTest.ParsePrintReparse/"cpanel_auth_basic.htaccess"
Command: "/home/ivmm/ols-extra/build/tests/compat_tests" "--gtest_filter=V2Samples/V2RoundTripTest.ParsePrintReparse/1" "--gtest_also_run_disabled_tests"
Directory: /home/ivmm/ols-extra/build/tests
"V2Samples/V2RoundTripTest.ParsePrintReparse/"cpanel_auth_basic.htaccess"" start time: Feb 26 13:56 CST
Output:
----------------------------------------------------------
Running main() from /home/ivmm/ols-extra/build/_deps/googletest-src/googletest/src/gtest_main.cc
Note: Google Test filter = V2Samples/V2RoundTripTest.ParsePrintReparse/1
[==========] Running 1 test from 1 test suite.
[----------] Global test environment set-up.
[----------] 1 test from V2Samples/V2RoundTripTest
[ RUN      ] V2Samples/V2RoundTripTest.ParsePrintReparse/1
[       OK ] V2Samples/V2RoundTripTest.ParsePrintReparse/1 (0 ms)
[----------] 1 test from V2Samples/V2RoundTripTest (0 ms total)

[----------] Global test environment tear-down
[==========] 1 test from 1 test suite ran. (0 ms total)
[  PASSED  ] 1 test.
<end of output>
Test time =   0.00 sec
----------------------------------------------------------
Test Passed.
"V2Samples/V2RoundTripTest.ParsePrintReparse/"cpanel_auth_basic.htaccess"" end time: Feb 26 13:56 CST
"V2Samples/V2RoundTripTest.ParsePrintReparse/"cpanel_auth_basic.htaccess"" time elapsed: 00:00:00
----------------------------------------------------------

653/656 Testing: V2Samples/V2RoundTripTest.ParsePrintReparse/"apache24_require.htaccess"
653/656 Test: V2Samples/V2RoundTripTest.ParsePrintReparse/"apache24_require.htaccess"
Command: "/home/ivmm/ols-extra/build/tests/compat_tests" "--gtest_filter=V2Samples/V2RoundTripTest.ParsePrintReparse/2" "--gtest_also_run_disabled_tests"
Directory: /home/ivmm/ols-extra/build/tests
"V2Samples/V2RoundTripTest.ParsePrintReparse/"apache24_require.htaccess"" start time: Feb 26 13:56 CST
Output:
----------------------------------------------------------
Running main() from /home/ivmm/ols-extra/build/_deps/googletest-src/googletest/src/gtest_main.cc
Note: Google Test filter = V2Samples/V2RoundTripTest.ParsePrintReparse/2
[==========] Running 1 test from 1 test suite.
[----------] Global test environment set-up.
[----------] 1 test from V2Samples/V2RoundTripTest
[ RUN      ] V2Samples/V2RoundTripTest.ParsePrintReparse/2
[       OK ] V2Samples/V2RoundTripTest.ParsePrintReparse/2 (0 ms)
[----------] 1 test from V2Samples/V2RoundTripTest (0 ms total)

[----------] Global test environment tear-down
[==========] 1 test from 1 test suite ran. (0 ms total)
[  PASSED  ] 1 test.
<end of output>
Test time =   0.00 sec
----------------------------------------------------------
Test Passed.
"V2Samples/V2RoundTripTest.ParsePrintReparse/"apache24_require.htaccess"" end time: Feb 26 13:56 CST
"V2Samples/V2RoundTripTest.ParsePrintReparse/"apache24_require.htaccess"" time elapsed: 00:00:00
----------------------------------------------------------

654/656 Testing: V2Samples/V2RoundTripTest.ParsePrintReparse/"security_headers.htaccess"
654/656 Test: V2Samples/V2RoundTripTest.ParsePrintReparse/"security_headers.htaccess"
Command: "/home/ivmm/ols-extra/build/tests/compat_tests" "--gtest_filter=V2Samples/V2RoundTripTest.ParsePrintReparse/3" "--gtest_also_run_disabled_tests"
Directory: /home/ivmm/ols-extra/build/tests
"V2Samples/V2RoundTripTest.ParsePrintReparse/"security_headers.htaccess"" start time: Feb 26 13:56 CST
Output:
----------------------------------------------------------
Running main() from /home/ivmm/ols-extra/build/_deps/googletest-src/googletest/src/gtest_main.cc
Note: Google Test filter = V2Samples/V2RoundTripTest.ParsePrintReparse/3
[==========] Running 1 test from 1 test suite.
[----------] Global test environment set-up.
[----------] 1 test from V2Samples/V2RoundTripTest
[ RUN      ] V2Samples/V2RoundTripTest.ParsePrintReparse/3
[       OK ] V2Samples/V2RoundTripTest.ParsePrintReparse/3 (0 ms)
[----------] 1 test from V2Samples/V2RoundTripTest (0 ms total)

[----------] Global test environment tear-down
[==========] 1 test from 1 test suite ran. (0 ms total)
[  PASSED  ] 1 test.
<end of output>
Test time =   0.00 sec
----------------------------------------------------------
Test Passed.
"V2Samples/V2RoundTripTest.ParsePrintReparse/"security_headers.htaccess"" end time: Feb 26 13:56 CST
"V2Samples/V2RoundTripTest.ParsePrintReparse/"security_headers.htaccess"" time elapsed: 00:00:00
----------------------------------------------------------

655/656 Testing: V2Samples/V2RoundTripTest.ParsePrintReparse/"laravel_options.htaccess"
655/656 Test: V2Samples/V2RoundTripTest.ParsePrintReparse/"laravel_options.htaccess"
Command: "/home/ivmm/ols-extra/build/tests/compat_tests" "--gtest_filter=V2Samples/V2RoundTripTest.ParsePrintReparse/4" "--gtest_also_run_disabled_tests"
Directory: /home/ivmm/ols-extra/build/tests
"V2Samples/V2RoundTripTest.ParsePrintReparse/"laravel_options.htaccess"" start time: Feb 26 13:56 CST
Output:
----------------------------------------------------------
Running main() from /home/ivmm/ols-extra/build/_deps/googletest-src/googletest/src/gtest_main.cc
Note: Google Test filter = V2Samples/V2RoundTripTest.ParsePrintReparse/4
[==========] Running 1 test from 1 test suite.
[----------] Global test environment set-up.
[----------] 1 test from V2Samples/V2RoundTripTest
[ RUN      ] V2Samples/V2RoundTripTest.ParsePrintReparse/4
[       OK ] V2Samples/V2RoundTripTest.ParsePrintReparse/4 (0 ms)
[----------] 1 test from V2Samples/V2RoundTripTest (0 ms total)

[----------] Global test environment tear-down
[==========] 1 test from 1 test suite ran. (0 ms total)
[  PASSED  ] 1 test.
<end of output>
Test time =   0.00 sec
----------------------------------------------------------
Test Passed.
"V2Samples/V2RoundTripTest.ParsePrintReparse/"laravel_options.htaccess"" end time: Feb 26 13:56 CST
"V2Samples/V2RoundTripTest.ParsePrintReparse/"laravel_options.htaccess"" time elapsed: 00:00:00
----------------------------------------------------------

656/656 Testing: V2Samples/V2RoundTripTest.ParsePrintReparse/"cyberpanel_full.htaccess"
656/656 Test: V2Samples/V2RoundTripTest.ParsePrintReparse/"cyberpanel_full.htaccess"
Command: "/home/ivmm/ols-extra/build/tests/compat_tests" "--gtest_filter=V2Samples/V2RoundTripTest.ParsePrintReparse/5" "--gtest_also_run_disabled_tests"
Directory: /home/ivmm/ols-extra/build/tests
"V2Samples/V2RoundTripTest.ParsePrintReparse/"cyberpanel_full.htaccess"" start time: Feb 26 13:56 CST
Output:
----------------------------------------------------------
Running main() from /home/ivmm/ols-extra/build/_deps/googletest-src/googletest/src/gtest_main.cc
Note: Google Test filter = V2Samples/V2RoundTripTest.ParsePrintReparse/5
[==========] Running 1 test from 1 test suite.
[----------] Global test environment set-up.
[----------] 1 test from V2Samples/V2RoundTripTest
[ RUN      ] V2Samples/V2RoundTripTest.ParsePrintReparse/5
[       OK ] V2Samples/V2RoundTripTest.ParsePrintReparse/5 (0 ms)
[----------] 1 test from V2Samples/V2RoundTripTest (0 ms total)

[----------] Global test environment tear-down
[==========] 1 test from 1 test suite ran. (0 ms total)
[  PASSED  ] 1 test.
<end of output>
Test time =   0.00 sec
----------------------------------------------------------
Test Passed.
"V2Samples/V2RoundTripTest.ParsePrintReparse/"cyberpanel_full.htaccess"" end time: Feb 26 13:56 CST
"V2Samples/V2RoundTripTest.ParsePrintReparse/"cyberpanel_full.htaccess"" time elapsed: 00:00:00
----------------------------------------------------------

End testing: Feb 26 13:56 CST
