Start testing: Feb 26 00:19 CST
----------------------------------------------------------
1/401 Testing: CacheLifecycle.InitAndDestroySucceeds
1/401 Test: CacheLifecycle.InitAndDestroySucceeds
Command: "/home/ivmm/ols-extra/build/tests/unit_tests" "--gtest_filter=CacheLifecycle.InitAndDestroySucceeds" "--gtest_also_run_disabled_tests"
Directory: /home/ivmm/ols-extra/build/tests
"CacheLifecycle.InitAndDestroySucceeds" start time: Feb 26 00:19 CST
Output:
----------------------------------------------------------
Running main() from /home/ivmm/ols-extra/build/_deps/googletest-src/googletest/src/gtest_main.cc
Note: Google Test filter = CacheLifecycle.InitAndDestroySucceeds
[==========] Running 1 test from 1 test suite.
[----------] Global test environment set-up.
[----------] 1 test from CacheLifecycle
[ RUN      ] CacheLifecycle.InitAndDestroySucceeds
[       OK ] CacheLifecycle.InitAndDestroySucceeds (0 ms)
[----------] 1 test from CacheLifecycle (0 ms total)

[----------] Global test environment tear-down
[==========] 1 test from 1 test suite ran. (0 ms total)
[  PASSED  ] 1 test.
<end of output>
Test time =   0.01 sec
----------------------------------------------------------
Test Passed.
"CacheLifecycle.InitAndDestroySucceeds" end time: Feb 26 00:19 CST
"CacheLifecycle.InitAndDestroySucceeds" time elapsed: 00:00:00
----------------------------------------------------------

348/401 Testing: GenDirectory.TargetPathStartsWithDocRoot
348/401 Test: GenDirectory.TargetPathStartsWithDocRoot
Command: "/home/ivmm/ols-extra/build/tests/property_tests" "--gtest_filter=GenDirectory.TargetPathStartsWithDocRoot" "--gtest_also_run_disabled_tests"
Directory: /home/ivmm/ols-extra/build/tests
"GenDirectory.TargetPathStartsWithDocRoot" start time: Feb 26 00:19 CST
Output:
----------------------------------------------------------
Running main() from /home/ivmm/ols-extra/build/_deps/googletest-src/googletest/src/gtest_main.cc
Note: Google Test filter = GenDirectory.TargetPathStartsWithDocRoot
[==========] Running 1 test from 1 test suite.
[----------] Global test environment set-up.
[----------] 1 test from GenDirectory
[ RUN      ] GenDirectory.TargetPathStartsWithDocRoot
Using configuration: seed=5716640704955973829
[       OK ] GenDirectory.TargetPathStartsWithDocRoot (5 ms)
[----------] 1 test from GenDirectory (5 ms total)

[----------] Global test environment tear-down
[==========] 1 test from 1 test suite ran. (5 ms total)
[  PASSED  ] 1 test.
<end of output>
Test time =   0.01 sec
----------------------------------------------------------
Test Passed.
"GenDirectory.TargetPathStartsWithDocRoot" end time: Feb 26 00:19 CST
"GenDirectory.TargetPathStartsWithDocRoot" time elapsed: 00:00:00
----------------------------------------------------------

349/401 Testing: GenDirectory.AllPathsCountEqualsLevelsPlusOne
349/401 Test: GenDirectory.AllPathsCountEqualsLevelsPlusOne
Command: "/home/ivmm/ols-extra/build/tests/property_tests" "--gtest_filter=GenDirectory.AllPathsCountEqualsLevelsPlusOne" "--gtest_also_run_disabled_tests"
Directory: /home/ivmm/ols-extra/build/tests
"GenDirectory.AllPathsCountEqualsLevelsPlusOne" start time: Feb 26 00:19 CST
Output:
----------------------------------------------------------
Running main() from /home/ivmm/ols-extra/build/_deps/googletest-src/googletest/src/gtest_main.cc
Note: Google Test filter = GenDirectory.AllPathsCountEqualsLevelsPlusOne
[==========] Running 1 test from 1 test suite.
[----------] Global test environment set-up.
[----------] 1 test from GenDirectory
[ RUN      ] GenDirectory.AllPathsCountEqualsLevelsPlusOne
Using configuration: seed=9445975091525630510
[       OK ] GenDirectory.AllPathsCountEqualsLevelsPlusOne (4 ms)
[----------] 1 test from GenDirectory (4 ms total)

[----------] Global test environment tear-down
[==========] 1 test from 1 test suite ran. (4 ms total)
[  PASSED  ] 1 test.
<end of output>
Test time =   0.01 sec
----------------------------------------------------------
Test Passed.
"GenDirectory.AllPathsCountEqualsLevelsPlusOne" end time: Feb 26 00:19 CST
"GenDirectory.AllPathsCountEqualsLevelsPlusOne" time elapsed: 00:00:00
----------------------------------------------------------

347/401 Testing: GenDirectory.HierarchyHasAtLeastOneLevel
347/401 Test: GenDirectory.HierarchyHasAtLeastOneLevel
Command: "/home/ivmm/ols-extra/build/tests/property_tests" "--gtest_filter=GenDirectory.HierarchyHasAtLeastOneLevel" "--gtest_also_run_disabled_tests"
Directory: /home/ivmm/ols-extra/build/tests
"GenDirectory.HierarchyHasAtLeastOneLevel" start time: Feb 26 00:19 CST
Output:
----------------------------------------------------------
Running main() from /home/ivmm/ols-extra/build/_deps/googletest-src/googletest/src/gtest_main.cc
Note: Google Test filter = GenDirectory.HierarchyHasAtLeastOneLevel
[==========] Running 1 test from 1 test suite.
[----------] Global test environment set-up.
[----------] 1 test from GenDirectory
[ RUN      ] GenDirectory.HierarchyHasAtLeastOneLevel
Using configuration: seed=3405654032439321114
[       OK ] GenDirectory.HierarchyHasAtLeastOneLevel (5 ms)
[----------] 1 test from GenDirectory (5 ms total)

[----------] Global test environment tear-down
[==========] 1 test from 1 test suite ran. (5 ms total)
[  PASSED  ] 1 test.
<end of output>
Test time =   0.01 sec
----------------------------------------------------------
Test Passed.
"GenDirectory.HierarchyHasAtLeastOneLevel" end time: Feb 26 00:19 CST
"GenDirectory.HierarchyHasAtLeastOneLevel" time elapsed: 00:00:00
----------------------------------------------------------

357/401 Testing: ParserOrder.ParsePreservesDirectiveCountAndTypeOrder
357/401 Test: ParserOrder.ParsePreservesDirectiveCountAndTypeOrder
Command: "/home/ivmm/ols-extra/build/tests/property_tests" "--gtest_filter=ParserOrder.ParsePreservesDirectiveCountAndTypeOrder" "--gtest_also_run_disabled_tests"
Directory: /home/ivmm/ols-extra/build/tests
"ParserOrder.ParsePreservesDirectiveCountAndTypeOrder" start time: Feb 26 00:19 CST
Output:
----------------------------------------------------------
Running main() from /home/ivmm/ols-extra/build/_deps/googletest-src/googletest/src/gtest_main.cc
Note: Google Test filter = ParserOrder.ParsePreservesDirectiveCountAndTypeOrder
[==========] Running 1 test from 1 test suite.
[----------] Global test environment set-up.
[----------] 1 test from ParserOrder
[ RUN      ] ParserOrder.ParsePreservesDirectiveCountAndTypeOrder
Using configuration: seed=2836159448497564346
[       OK ] ParserOrder.ParsePreservesDirectiveCountAndTypeOrder (4 ms)
[----------] 1 test from ParserOrder (4 ms total)

[----------] Global test environment tear-down
[==========] 1 test from 1 test suite ran. (4 ms total)
[  PASSED  ] 1 test.
<end of output>
Test time =   0.01 sec
----------------------------------------------------------
Test Passed.
"ParserOrder.ParsePreservesDirectiveCountAndTypeOrder" end time: Feb 26 00:19 CST
"ParserOrder.ParsePreservesDirectiveCountAndTypeOrder" time elapsed: 00:00:00
----------------------------------------------------------

310/401 Testing: AclPropertyFixture_RapidCheck.AclEvaluationFollowsApacheSemantics
310/401 Test: AclPropertyFixture_RapidCheck.AclEvaluationFollowsApacheSemantics
Command: "/home/ivmm/ols-extra/build/tests/property_tests" "--gtest_filter=AclPropertyFixture_RapidCheck.AclEvaluationFollowsApacheSemantics" "--gtest_also_run_disabled_tests"
Directory: /home/ivmm/ols-extra/build/tests
"AclPropertyFixture_RapidCheck.AclEvaluationFollowsApacheSemantics" start time: Feb 26 00:19 CST
Output:
----------------------------------------------------------
Running main() from /home/ivmm/ols-extra/build/_deps/googletest-src/googletest/src/gtest_main.cc
Note: Google Test filter = AclPropertyFixture_RapidCheck.AclEvaluationFollowsApacheSemantics
[==========] Running 1 test from 1 test suite.
[----------] Global test environment set-up.
[----------] 1 test from AclPropertyFixture_RapidCheck
[ RUN      ] AclPropertyFixture_RapidCheck.AclEvaluationFollowsApacheSemantics
Using configuration: seed=224485737281418304
[       OK ] AclPropertyFixture_RapidCheck.AclEvaluationFollowsApacheSemantics (1 ms)
[----------] 1 test from AclPropertyFixture_RapidCheck (1 ms total)

[----------] Global test environment tear-down
[==========] 1 test from 1 test suite ran. (1 ms total)
[  PASSED  ] 1 test.
<end of output>
Test time =   0.01 sec
----------------------------------------------------------
Test Passed.
"AclPropertyFixture_RapidCheck.AclEvaluationFollowsApacheSemantics" end time: Feb 26 00:19 CST
"AclPropertyFixture_RapidCheck.AclEvaluationFollowsApacheSemantics" time elapsed: 00:00:00
----------------------------------------------------------

186/401 Testing: IntegrationTest.RequestPhase_FullChain_ACL_PHP_Env
186/401 Test: IntegrationTest.RequestPhase_FullChain_ACL_PHP_Env
Command: "/home/ivmm/ols-extra/build/tests/unit_tests" "--gtest_filter=IntegrationTest.RequestPhase_FullChain_ACL_PHP_Env" "--gtest_also_run_disabled_tests"
Directory: /home/ivmm/ols-extra/build/tests
"IntegrationTest.RequestPhase_FullChain_ACL_PHP_Env" start time: Feb 26 00:19 CST
Output:
----------------------------------------------------------
Running main() from /home/ivmm/ols-extra/build/_deps/googletest-src/googletest/src/gtest_main.cc
Note: Google Test filter = IntegrationTest.RequestPhase_FullChain_ACL_PHP_Env
[==========] Running 1 test from 1 test suite.
[----------] Global test environment set-up.
[----------] 1 test from IntegrationTest
[ RUN      ] IntegrationTest.RequestPhase_FullChain_ACL_PHP_Env
[       OK ] IntegrationTest.RequestPhase_FullChain_ACL_PHP_Env (0 ms)
[----------] 1 test from IntegrationTest (0 ms total)

[----------] Global test environment tear-down
[==========] 1 test from 1 test suite ran. (0 ms total)
[  PASSED  ] 1 test.
<end of output>
Test time =   0.01 sec
----------------------------------------------------------
Test Passed.
"IntegrationTest.RequestPhase_FullChain_ACL_PHP_Env" end time: Feb 26 00:19 CST
"IntegrationTest.RequestPhase_FullChain_ACL_PHP_Env" time elapsed: 00:00:00
----------------------------------------------------------

184/401 Testing: IntegrationTest.RequestPhase_PHPConfigApplied
184/401 Test: IntegrationTest.RequestPhase_PHPConfigApplied
Command: "/home/ivmm/ols-extra/build/tests/unit_tests" "--gtest_filter=IntegrationTest.RequestPhase_PHPConfigApplied" "--gtest_also_run_disabled_tests"
Directory: /home/ivmm/ols-extra/build/tests
"IntegrationTest.RequestPhase_PHPConfigApplied" start time: Feb 26 00:19 CST
Output:
----------------------------------------------------------
Running main() from /home/ivmm/ols-extra/build/_deps/googletest-src/googletest/src/gtest_main.cc
Note: Google Test filter = IntegrationTest.RequestPhase_PHPConfigApplied
[==========] Running 1 test from 1 test suite.
[----------] Global test environment set-up.
[----------] 1 test from IntegrationTest
[ RUN      ] IntegrationTest.RequestPhase_PHPConfigApplied
[       OK ] IntegrationTest.RequestPhase_PHPConfigApplied (0 ms)
[----------] 1 test from IntegrationTest (0 ms total)

[----------] Global test environment tear-down
[==========] 1 test from 1 test suite ran. (0 ms total)
[  PASSED  ] 1 test.
<end of output>
Test time =   0.01 sec
----------------------------------------------------------
Test Passed.
"IntegrationTest.RequestPhase_PHPConfigApplied" end time: Feb 26 00:19 CST
"IntegrationTest.RequestPhase_PHPConfigApplied" time elapsed: 00:00:00
----------------------------------------------------------

346/401 Testing: GenHtaccess.TaggedContentTypesMatchLineCount
346/401 Test: GenHtaccess.TaggedContentTypesMatchLineCount
Command: "/home/ivmm/ols-extra/build/tests/property_tests" "--gtest_filter=GenHtaccess.TaggedContentTypesMatchLineCount" "--gtest_also_run_disabled_tests"
Directory: /home/ivmm/ols-extra/build/tests
"GenHtaccess.TaggedContentTypesMatchLineCount" start time: Feb 26 00:19 CST
Output:
----------------------------------------------------------
Running main() from /home/ivmm/ols-extra/build/_deps/googletest-src/googletest/src/gtest_main.cc
Note: Google Test filter = GenHtaccess.TaggedContentTypesMatchLineCount
[==========] Running 1 test from 1 test suite.
[----------] Global test environment set-up.
[----------] 1 test from GenHtaccess
[ RUN      ] GenHtaccess.TaggedContentTypesMatchLineCount
Using configuration: seed=12614466234923768855
[       OK ] GenHtaccess.TaggedContentTypesMatchLineCount (3 ms)
[----------] 1 test from GenHtaccess (3 ms total)

[----------] Global test environment tear-down
[==========] 1 test from 1 test suite ran. (3 ms total)
[  PASSED  ] 1 test.
<end of output>
Test time =   0.01 sec
----------------------------------------------------------
Test Passed.
"GenHtaccess.TaggedContentTypesMatchLineCount" end time: Feb 26 00:19 CST
"GenHtaccess.TaggedContentTypesMatchLineCount" time elapsed: 00:00:00
----------------------------------------------------------

331/401 Testing: FilesMatchPropertyFixture_RapidCheck.MatchingFilenameAppliesNestedDirectives
331/401 Test: FilesMatchPropertyFixture_RapidCheck.MatchingFilenameAppliesNestedDirectives
Command: "/home/ivmm/ols-extra/build/tests/property_tests" "--gtest_filter=FilesMatchPropertyFixture_RapidCheck.MatchingFilenameAppliesNestedDirectives" "--gtest_also_run_disabled_tests"
Directory: /home/ivmm/ols-extra/build/tests
"FilesMatchPropertyFixture_RapidCheck.MatchingFilenameAppliesNestedDirectives" start time: Feb 26 00:19 CST
Output:
----------------------------------------------------------
Running main() from /home/ivmm/ols-extra/build/_deps/googletest-src/googletest/src/gtest_main.cc
Note: Google Test filter = FilesMatchPropertyFixture_RapidCheck.MatchingFilenameAppliesNestedDirectives
[==========] Running 1 test from 1 test suite.
[----------] Global test environment set-up.
[----------] 1 test from FilesMatchPropertyFixture_RapidCheck
[ RUN      ] FilesMatchPropertyFixture_RapidCheck.MatchingFilenameAppliesNestedDirectives
Using configuration: seed=17329131234097195394
[       OK ] FilesMatchPropertyFixture_RapidCheck.MatchingFilenameAppliesNestedDirectives (2 ms)
[----------] 1 test from FilesMatchPropertyFixture_RapidCheck (2 ms total)

[----------] Global test environment tear-down
[==========] 1 test from 1 test suite ran. (2 ms total)
[  PASSED  ] 1 test.
<end of output>
Test time =   0.01 sec
----------------------------------------------------------
Test Passed.
"FilesMatchPropertyFixture_RapidCheck.MatchingFilenameAppliesNestedDirectives" end time: Feb 26 00:19 CST
"FilesMatchPropertyFixture_RapidCheck.MatchingFilenameAppliesNestedDirectives" time elapsed: 00:00:00
----------------------------------------------------------

293/401 Testing: PrinterTest.ExpiresActiveOff
293/401 Test: PrinterTest.ExpiresActiveOff
Command: "/home/ivmm/ols-extra/build/tests/unit_tests" "--gtest_filter=PrinterTest.ExpiresActiveOff" "--gtest_also_run_disabled_tests"
Directory: /home/ivmm/ols-extra/build/tests
"PrinterTest.ExpiresActiveOff" start time: Feb 26 00:19 CST
Output:
----------------------------------------------------------
Running main() from /home/ivmm/ols-extra/build/_deps/googletest-src/googletest/src/gtest_main.cc
Note: Google Test filter = PrinterTest.ExpiresActiveOff
[==========] Running 1 test from 1 test suite.
[----------] Global test environment set-up.
[----------] 1 test from PrinterTest
[ RUN      ] PrinterTest.ExpiresActiveOff
[       OK ] PrinterTest.ExpiresActiveOff (0 ms)
[----------] 1 test from PrinterTest (0 ms total)

[----------] Global test environment tear-down
[==========] 1 test from 1 test suite ran. (0 ms total)
[  PASSED  ] 1 test.
<end of output>
Test time =   0.01 sec
----------------------------------------------------------
Test Passed.
"PrinterTest.ExpiresActiveOff" end time: Feb 26 00:19 CST
"PrinterTest.ExpiresActiveOff" time elapsed: 00:00:00
----------------------------------------------------------

332/401 Testing: FilesMatchPropertyFixture_RapidCheck.NonMatchingFilenameSkipsNestedDirectives
332/401 Test: FilesMatchPropertyFixture_RapidCheck.NonMatchingFilenameSkipsNestedDirectives
Command: "/home/ivmm/ols-extra/build/tests/property_tests" "--gtest_filter=FilesMatchPropertyFixture_RapidCheck.NonMatchingFilenameSkipsNestedDirectives" "--gtest_also_run_disabled_tests"
Directory: /home/ivmm/ols-extra/build/tests
"FilesMatchPropertyFixture_RapidCheck.NonMatchingFilenameSkipsNestedDirectives" start time: Feb 26 00:19 CST
Output:
----------------------------------------------------------
Running main() from /home/ivmm/ols-extra/build/_deps/googletest-src/googletest/src/gtest_main.cc
Note: Google Test filter = FilesMatchPropertyFixture_RapidCheck.NonMatchingFilenameSkipsNestedDirectives
[==========] Running 1 test from 1 test suite.
[----------] Global test environment set-up.
[----------] 1 test from FilesMatchPropertyFixture_RapidCheck
[ RUN      ] FilesMatchPropertyFixture_RapidCheck.NonMatchingFilenameSkipsNestedDirectives
Using configuration: seed=10178667713695402666
[       OK ] FilesMatchPropertyFixture_RapidCheck.NonMatchingFilenameSkipsNestedDirectives (2 ms)
[----------] 1 test from FilesMatchPropertyFixture_RapidCheck (2 ms total)

[----------] Global test environment tear-down
[==========] 1 test from 1 test suite ran. (2 ms total)
[  PASSED  ] 1 test.
<end of output>
Test time =   0.01 sec
----------------------------------------------------------
Test Passed.
"FilesMatchPropertyFixture_RapidCheck.NonMatchingFilenameSkipsNestedDirectives" end time: Feb 26 00:19 CST
"FilesMatchPropertyFixture_RapidCheck.NonMatchingFilenameSkipsNestedDirectives" time elapsed: 00:00:00
----------------------------------------------------------

317/401 Testing: DirInheritPropertyFixture_RapidCheck.EmptyDirDoesNotAffectInheritance
317/401 Test: DirInheritPropertyFixture_RapidCheck.EmptyDirDoesNotAffectInheritance
Command: "/home/ivmm/ols-extra/build/tests/property_tests" "--gtest_filter=DirInheritPropertyFixture_RapidCheck.EmptyDirDoesNotAffectInheritance" "--gtest_also_run_disabled_tests"
Directory: /home/ivmm/ols-extra/build/tests
"DirInheritPropertyFixture_RapidCheck.EmptyDirDoesNotAffectInheritance" start time: Feb 26 00:19 CST
Output:
----------------------------------------------------------
Running main() from /home/ivmm/ols-extra/build/_deps/googletest-src/googletest/src/gtest_main.cc
Note: Google Test filter = DirInheritPropertyFixture_RapidCheck.EmptyDirDoesNotAffectInheritance
[==========] Running 1 test from 1 test suite.
[----------] Global test environment set-up.
[----------] 1 test from DirInheritPropertyFixture_RapidCheck
[ RUN      ] DirInheritPropertyFixture_RapidCheck.EmptyDirDoesNotAffectInheritance
Using configuration: seed=6801974072365396161
[       OK ] DirInheritPropertyFixture_RapidCheck.EmptyDirDoesNotAffectInheritance (1 ms)
[----------] 1 test from DirInheritPropertyFixture_RapidCheck (1 ms total)

[----------] Global test environment tear-down
[==========] 1 test from 1 test suite ran. (1 ms total)
[  PASSED  ] 1 test.
<end of output>
Test time =   0.01 sec
----------------------------------------------------------
Test Passed.
"DirInheritPropertyFixture_RapidCheck.EmptyDirDoesNotAffectInheritance" end time: Feb 26 00:19 CST
"DirInheritPropertyFixture_RapidCheck.EmptyDirDoesNotAffectInheritance" time elapsed: 00:00:00
----------------------------------------------------------

365/401 Testing: RedirectPropertyFixture_RapidCheck.RedirectShortCircuitsPreventsSubsequent
365/401 Test: RedirectPropertyFixture_RapidCheck.RedirectShortCircuitsPreventsSubsequent
Command: "/home/ivmm/ols-extra/build/tests/property_tests" "--gtest_filter=RedirectPropertyFixture_RapidCheck.RedirectShortCircuitsPreventsSubsequent" "--gtest_also_run_disabled_tests"
Directory: /home/ivmm/ols-extra/build/tests
"RedirectPropertyFixture_RapidCheck.RedirectShortCircuitsPreventsSubsequent" start time: Feb 26 00:19 CST
Output:
----------------------------------------------------------
Running main() from /home/ivmm/ols-extra/build/_deps/googletest-src/googletest/src/gtest_main.cc
Note: Google Test filter = RedirectPropertyFixture_RapidCheck.RedirectShortCircuitsPreventsSubsequent
[==========] Running 1 test from 1 test suite.
[----------] Global test environment set-up.
[----------] 1 test from RedirectPropertyFixture_RapidCheck
[ RUN      ] RedirectPropertyFixture_RapidCheck.RedirectShortCircuitsPreventsSubsequent
Using configuration: seed=13271824415009677411
[       OK ] RedirectPropertyFixture_RapidCheck.RedirectShortCircuitsPreventsSubsequent (3 ms)
[----------] 1 test from RedirectPropertyFixture_RapidCheck (3 ms total)

[----------] Global test environment tear-down
[==========] 1 test from 1 test suite ran. (3 ms total)
[  PASSED  ] 1 test.
<end of output>
Test time =   0.01 sec
----------------------------------------------------------
Test Passed.
"RedirectPropertyFixture_RapidCheck.RedirectShortCircuitsPreventsSubsequent" end time: Feb 26 00:19 CST
"RedirectPropertyFixture_RapidCheck.RedirectShortCircuitsPreventsSubsequent" time elapsed: 00:00:00
----------------------------------------------------------

366/401 Testing: RedirectPropertyFixture_RapidCheck.RedirectMatchShortCircuitsPreventsSubsequent
366/401 Test: RedirectPropertyFixture_RapidCheck.RedirectMatchShortCircuitsPreventsSubsequent
Command: "/home/ivmm/ols-extra/build/tests/property_tests" "--gtest_filter=RedirectPropertyFixture_RapidCheck.RedirectMatchShortCircuitsPreventsSubsequent" "--gtest_also_run_disabled_tests"
Directory: /home/ivmm/ols-extra/build/tests
"RedirectPropertyFixture_RapidCheck.RedirectMatchShortCircuitsPreventsSubsequent" start time: Feb 26 00:19 CST
Output:
----------------------------------------------------------
Running main() from /home/ivmm/ols-extra/build/_deps/googletest-src/googletest/src/gtest_main.cc
Note: Google Test filter = RedirectPropertyFixture_RapidCheck.RedirectMatchShortCircuitsPreventsSubsequent
[==========] Running 1 test from 1 test suite.
[----------] Global test environment set-up.
[----------] 1 test from RedirectPropertyFixture_RapidCheck
[ RUN      ] RedirectPropertyFixture_RapidCheck.RedirectMatchShortCircuitsPreventsSubsequent
Using configuration: seed=11203383634938685215
[       OK ] RedirectPropertyFixture_RapidCheck.RedirectMatchShortCircuitsPreventsSubsequent (3 ms)
[----------] 1 test from RedirectPropertyFixture_RapidCheck (3 ms total)

[----------] Global test environment tear-down
[==========] 1 test from 1 test suite ran. (3 ms total)
[  PASSED  ] 1 test.
<end of output>
Test time =   0.01 sec
----------------------------------------------------------
Test Passed.
"RedirectPropertyFixture_RapidCheck.RedirectMatchShortCircuitsPreventsSubsequent" end time: Feb 26 00:19 CST
"RedirectPropertyFixture_RapidCheck.RedirectMatchShortCircuitsPreventsSubsequent" time elapsed: 00:00:00
----------------------------------------------------------

187/401 Testing: IntegrationTest.ResponsePhase_HeaderSet
187/401 Test: IntegrationTest.ResponsePhase_HeaderSet
Command: "/home/ivmm/ols-extra/build/tests/unit_tests" "--gtest_filter=IntegrationTest.ResponsePhase_HeaderSet" "--gtest_also_run_disabled_tests"
Directory: /home/ivmm/ols-extra/build/tests
"IntegrationTest.ResponsePhase_HeaderSet" start time: Feb 26 00:19 CST
Output:
----------------------------------------------------------
Running main() from /home/ivmm/ols-extra/build/_deps/googletest-src/googletest/src/gtest_main.cc
Note: Google Test filter = IntegrationTest.ResponsePhase_HeaderSet
[==========] Running 1 test from 1 test suite.
[----------] Global test environment set-up.
[----------] 1 test from IntegrationTest
[ RUN      ] IntegrationTest.ResponsePhase_HeaderSet
[       OK ] IntegrationTest.ResponsePhase_HeaderSet (0 ms)
[----------] 1 test from IntegrationTest (0 ms total)

[----------] Global test environment tear-down
[==========] 1 test from 1 test suite ran. (0 ms total)
[  PASSED  ] 1 test.
<end of output>
Test time =   0.00 sec
----------------------------------------------------------
Test Passed.
"IntegrationTest.ResponsePhase_HeaderSet" end time: Feb 26 00:19 CST
"IntegrationTest.ResponsePhase_HeaderSet" time elapsed: 00:00:00
----------------------------------------------------------

192/401 Testing: IntegrationTest.ResponsePhase_FilesMatch_MatchingFile
192/401 Test: IntegrationTest.ResponsePhase_FilesMatch_MatchingFile
Command: "/home/ivmm/ols-extra/build/tests/unit_tests" "--gtest_filter=IntegrationTest.ResponsePhase_FilesMatch_MatchingFile" "--gtest_also_run_disabled_tests"
Directory: /home/ivmm/ols-extra/build/tests
"IntegrationTest.ResponsePhase_FilesMatch_MatchingFile" start time: Feb 26 00:19 CST
Output:
----------------------------------------------------------
Running main() from /home/ivmm/ols-extra/build/_deps/googletest-src/googletest/src/gtest_main.cc
Note: Google Test filter = IntegrationTest.ResponsePhase_FilesMatch_MatchingFile
[==========] Running 1 test from 1 test suite.
[----------] Global test environment set-up.
[----------] 1 test from IntegrationTest
[ RUN      ] IntegrationTest.ResponsePhase_FilesMatch_MatchingFile
[       OK ] IntegrationTest.ResponsePhase_FilesMatch_MatchingFile (0 ms)
[----------] 1 test from IntegrationTest (0 ms total)

[----------] Global test environment tear-down
[==========] 1 test from 1 test suite ran. (0 ms total)
[  PASSED  ] 1 test.
<end of output>
Test time =   0.00 sec
----------------------------------------------------------
Test Passed.
"IntegrationTest.ResponsePhase_FilesMatch_MatchingFile" end time: Feb 26 00:19 CST
"IntegrationTest.ResponsePhase_FilesMatch_MatchingFile" time elapsed: 00:00:00
----------------------------------------------------------

182/401 Testing: IntegrationTest.RequestPhase_ACLDeny_Returns403
182/401 Test: IntegrationTest.RequestPhase_ACLDeny_Returns403
Command: "/home/ivmm/ols-extra/build/tests/unit_tests" "--gtest_filter=IntegrationTest.RequestPhase_ACLDeny_Returns403" "--gtest_also_run_disabled_tests"
Directory: /home/ivmm/ols-extra/build/tests
"IntegrationTest.RequestPhase_ACLDeny_Returns403" start time: Feb 26 00:19 CST
Output:
----------------------------------------------------------
Running main() from /home/ivmm/ols-extra/build/_deps/googletest-src/googletest/src/gtest_main.cc
Note: Google Test filter = IntegrationTest.RequestPhase_ACLDeny_Returns403
[==========] Running 1 test from 1 test suite.
[----------] Global test environment set-up.
[----------] 1 test from IntegrationTest
[ RUN      ] IntegrationTest.RequestPhase_ACLDeny_Returns403
[       OK ] IntegrationTest.RequestPhase_ACLDeny_Returns403 (0 ms)
[----------] 1 test from IntegrationTest (0 ms total)

[----------] Global test environment tear-down
[==========] 1 test from 1 test suite ran. (0 ms total)
[  PASSED  ] 1 test.
<end of output>
Test time =   0.00 sec
----------------------------------------------------------
Test Passed.
"IntegrationTest.RequestPhase_ACLDeny_Returns403" end time: Feb 26 00:19 CST
"IntegrationTest.RequestPhase_ACLDeny_Returns403" time elapsed: 00:00:00
----------------------------------------------------------

358/401 Testing: ParserRoundTrip.ParsePrintParseProducesEquivalentDirectives
358/401 Test: ParserRoundTrip.ParsePrintParseProducesEquivalentDirectives
Command: "/home/ivmm/ols-extra/build/tests/property_tests" "--gtest_filter=ParserRoundTrip.ParsePrintParseProducesEquivalentDirectives" "--gtest_also_run_disabled_tests"
Directory: /home/ivmm/ols-extra/build/tests
"ParserRoundTrip.ParsePrintParseProducesEquivalentDirectives" start time: Feb 26 00:19 CST
Output:
----------------------------------------------------------
Running main() from /home/ivmm/ols-extra/build/_deps/googletest-src/googletest/src/gtest_main.cc
Note: Google Test filter = ParserRoundTrip.ParsePrintParseProducesEquivalentDirectives
[==========] Running 1 test from 1 test suite.
[----------] Global test environment set-up.
[----------] 1 test from ParserRoundTrip
[ RUN      ] ParserRoundTrip.ParsePrintParseProducesEquivalentDirectives
Using configuration: seed=557153504173859711
[       OK ] ParserRoundTrip.ParsePrintParseProducesEquivalentDirectives (3 ms)
[----------] 1 test from ParserRoundTrip (3 ms total)

[----------] Global test environment tear-down
[==========] 1 test from 1 test suite ran. (3 ms total)
[  PASSED  ] 1 test.
<end of output>
Test time =   0.01 sec
----------------------------------------------------------
Test Passed.
"ParserRoundTrip.ParsePrintParseProducesEquivalentDirectives" end time: Feb 26 00:19 CST
"ParserRoundTrip.ParsePrintParseProducesEquivalentDirectives" time elapsed: 00:00:00
----------------------------------------------------------

345/401 Testing: GenHtaccess.ContentEndsWithNewline
345/401 Test: GenHtaccess.ContentEndsWithNewline
Command: "/home/ivmm/ols-extra/build/tests/property_tests" "--gtest_filter=GenHtaccess.ContentEndsWithNewline" "--gtest_also_run_disabled_tests"
Directory: /home/ivmm/ols-extra/build/tests
"GenHtaccess.ContentEndsWithNewline" start time: Feb 26 00:19 CST
Output:
----------------------------------------------------------
Running main() from /home/ivmm/ols-extra/build/_deps/googletest-src/googletest/src/gtest_main.cc
Note: Google Test filter = GenHtaccess.ContentEndsWithNewline
[==========] Running 1 test from 1 test suite.
[----------] Global test environment set-up.
[----------] 1 test from GenHtaccess
[ RUN      ] GenHtaccess.ContentEndsWithNewline
Using configuration: seed=14397196244277427979
[       OK ] GenHtaccess.ContentEndsWithNewline (2 ms)
[----------] 1 test from GenHtaccess (2 ms total)

[----------] Global test environment tear-down
[==========] 1 test from 1 test suite ran. (2 ms total)
[  PASSED  ] 1 test.
<end of output>
Test time =   0.01 sec
----------------------------------------------------------
Test Passed.
"GenHtaccess.ContentEndsWithNewline" end time: Feb 26 00:19 CST
"GenHtaccess.ContentEndsWithNewline" time elapsed: 00:00:00
----------------------------------------------------------

183/401 Testing: IntegrationTest.RequestPhase_RedirectShortCircuits
183/401 Test: IntegrationTest.RequestPhase_RedirectShortCircuits
Command: "/home/ivmm/ols-extra/build/tests/unit_tests" "--gtest_filter=IntegrationTest.RequestPhase_RedirectShortCircuits" "--gtest_also_run_disabled_tests"
Directory: /home/ivmm/ols-extra/build/tests
"IntegrationTest.RequestPhase_RedirectShortCircuits" start time: Feb 26 00:19 CST
Output:
----------------------------------------------------------
Running main() from /home/ivmm/ols-extra/build/_deps/googletest-src/googletest/src/gtest_main.cc
Note: Google Test filter = IntegrationTest.RequestPhase_RedirectShortCircuits
[==========] Running 1 test from 1 test suite.
[----------] Global test environment set-up.
[----------] 1 test from IntegrationTest
[ RUN      ] IntegrationTest.RequestPhase_RedirectShortCircuits
[       OK ] IntegrationTest.RequestPhase_RedirectShortCircuits (0 ms)
[----------] 1 test from IntegrationTest (0 ms total)

[----------] Global test environment tear-down
[==========] 1 test from 1 test suite ran. (0 ms total)
[  PASSED  ] 1 test.
<end of output>
Test time =   0.01 sec
----------------------------------------------------------
Test Passed.
"IntegrationTest.RequestPhase_RedirectShortCircuits" end time: Feb 26 00:19 CST
"IntegrationTest.RequestPhase_RedirectShortCircuits" time elapsed: 00:00:00
----------------------------------------------------------

190/401 Testing: IntegrationTest.ResponsePhase_ErrorDocumentExternalURL
190/401 Test: IntegrationTest.ResponsePhase_ErrorDocumentExternalURL
Command: "/home/ivmm/ols-extra/build/tests/unit_tests" "--gtest_filter=IntegrationTest.ResponsePhase_ErrorDocumentExternalURL" "--gtest_also_run_disabled_tests"
Directory: /home/ivmm/ols-extra/build/tests
"IntegrationTest.ResponsePhase_ErrorDocumentExternalURL" start time: Feb 26 00:19 CST
Output:
----------------------------------------------------------
Running main() from /home/ivmm/ols-extra/build/_deps/googletest-src/googletest/src/gtest_main.cc
Note: Google Test filter = IntegrationTest.ResponsePhase_ErrorDocumentExternalURL
[==========] Running 1 test from 1 test suite.
[----------] Global test environment set-up.
[----------] 1 test from IntegrationTest
[ RUN      ] IntegrationTest.ResponsePhase_ErrorDocumentExternalURL
[       OK ] IntegrationTest.ResponsePhase_ErrorDocumentExternalURL (0 ms)
[----------] 1 test from IntegrationTest (0 ms total)

[----------] Global test environment tear-down
[==========] 1 test from 1 test suite ran. (0 ms total)
[  PASSED  ] 1 test.
<end of output>
Test time =   0.01 sec
----------------------------------------------------------
Test Passed.
"IntegrationTest.ResponsePhase_ErrorDocumentExternalURL" end time: Feb 26 00:19 CST
"IntegrationTest.ResponsePhase_ErrorDocumentExternalURL" time elapsed: 00:00:00
----------------------------------------------------------

321/401 Testing: EnvPropertyFixture_RapidCheck.BrowserMatchSetsVarWhenUserAgentMatches
321/401 Test: EnvPropertyFixture_RapidCheck.BrowserMatchSetsVarWhenUserAgentMatches
Command: "/home/ivmm/ols-extra/build/tests/property_tests" "--gtest_filter=EnvPropertyFixture_RapidCheck.BrowserMatchSetsVarWhenUserAgentMatches" "--gtest_also_run_disabled_tests"
Directory: /home/ivmm/ols-extra/build/tests
"EnvPropertyFixture_RapidCheck.BrowserMatchSetsVarWhenUserAgentMatches" start time: Feb 26 00:19 CST
Output:
----------------------------------------------------------
Running main() from /home/ivmm/ols-extra/build/_deps/googletest-src/googletest/src/gtest_main.cc
Note: Google Test filter = EnvPropertyFixture_RapidCheck.BrowserMatchSetsVarWhenUserAgentMatches
[==========] Running 1 test from 1 test suite.
[----------] Global test environment set-up.
[----------] 1 test from EnvPropertyFixture_RapidCheck
[ RUN      ] EnvPropertyFixture_RapidCheck.BrowserMatchSetsVarWhenUserAgentMatches
Using configuration: seed=2995587480030266921
[       OK ] EnvPropertyFixture_RapidCheck.BrowserMatchSetsVarWhenUserAgentMatches (2 ms)
[----------] 1 test from EnvPropertyFixture_RapidCheck (2 ms total)

[----------] Global test environment tear-down
[==========] 1 test from 1 test suite ran. (2 ms total)
[  PASSED  ] 1 test.
<end of output>
Test time =   0.01 sec
----------------------------------------------------------
Test Passed.
"EnvPropertyFixture_RapidCheck.BrowserMatchSetsVarWhenUserAgentMatches" end time: Feb 26 00:19 CST
"EnvPropertyFixture_RapidCheck.BrowserMatchSetsVarWhenUserAgentMatches" time elapsed: 00:00:00
----------------------------------------------------------

194/401 Testing: IntegrationTest.ResponsePhase_FilesMatch_WithDenyChild
194/401 Test: IntegrationTest.ResponsePhase_FilesMatch_WithDenyChild
Command: "/home/ivmm/ols-extra/build/tests/unit_tests" "--gtest_filter=IntegrationTest.ResponsePhase_FilesMatch_WithDenyChild" "--gtest_also_run_disabled_tests"
Directory: /home/ivmm/ols-extra/build/tests
"IntegrationTest.ResponsePhase_FilesMatch_WithDenyChild" start time: Feb 26 00:19 CST
Output:
----------------------------------------------------------
Running main() from /home/ivmm/ols-extra/build/_deps/googletest-src/googletest/src/gtest_main.cc
Note: Google Test filter = IntegrationTest.ResponsePhase_FilesMatch_WithDenyChild
[==========] Running 1 test from 1 test suite.
[----------] Global test environment set-up.
[----------] 1 test from IntegrationTest
[ RUN      ] IntegrationTest.ResponsePhase_FilesMatch_WithDenyChild
[       OK ] IntegrationTest.ResponsePhase_FilesMatch_WithDenyChild (0 ms)
[----------] 1 test from IntegrationTest (0 ms total)

[----------] Global test environment tear-down
[==========] 1 test from 1 test suite ran. (0 ms total)
[  PASSED  ] 1 test.
<end of output>
Test time =   0.01 sec
----------------------------------------------------------
Test Passed.
"IntegrationTest.ResponsePhase_FilesMatch_WithDenyChild" end time: Feb 26 00:19 CST
"IntegrationTest.ResponsePhase_FilesMatch_WithDenyChild" time elapsed: 00:00:00
----------------------------------------------------------

362/401 Testing: RedirectPropertyFixture_RapidCheck.RedirectDefaultsTo302
362/401 Test: RedirectPropertyFixture_RapidCheck.RedirectDefaultsTo302
Command: "/home/ivmm/ols-extra/build/tests/property_tests" "--gtest_filter=RedirectPropertyFixture_RapidCheck.RedirectDefaultsTo302" "--gtest_also_run_disabled_tests"
Directory: /home/ivmm/ols-extra/build/tests
"RedirectPropertyFixture_RapidCheck.RedirectDefaultsTo302" start time: Feb 26 00:19 CST
Output:
----------------------------------------------------------
Running main() from /home/ivmm/ols-extra/build/_deps/googletest-src/googletest/src/gtest_main.cc
Note: Google Test filter = RedirectPropertyFixture_RapidCheck.RedirectDefaultsTo302
[==========] Running 1 test from 1 test suite.
[----------] Global test environment set-up.
[----------] 1 test from RedirectPropertyFixture_RapidCheck
[ RUN      ] RedirectPropertyFixture_RapidCheck.RedirectDefaultsTo302
Using configuration: seed=13486017454641058701
[       OK ] RedirectPropertyFixture_RapidCheck.RedirectDefaultsTo302 (1 ms)
[----------] 1 test from RedirectPropertyFixture_RapidCheck (1 ms total)

[----------] Global test environment tear-down
[==========] 1 test from 1 test suite ran. (1 ms total)
[  PASSED  ] 1 test.
<end of output>
Test time =   0.01 sec
----------------------------------------------------------
Test Passed.
"RedirectPropertyFixture_RapidCheck.RedirectDefaultsTo302" end time: Feb 26 00:19 CST
"RedirectPropertyFixture_RapidCheck.RedirectDefaultsTo302" time elapsed: 00:00:00
----------------------------------------------------------

188/401 Testing: IntegrationTest.ResponsePhase_ExpiresHeaders
188/401 Test: IntegrationTest.ResponsePhase_ExpiresHeaders
Command: "/home/ivmm/ols-extra/build/tests/unit_tests" "--gtest_filter=IntegrationTest.ResponsePhase_ExpiresHeaders" "--gtest_also_run_disabled_tests"
Directory: /home/ivmm/ols-extra/build/tests
"IntegrationTest.ResponsePhase_ExpiresHeaders" start time: Feb 26 00:19 CST
Output:
----------------------------------------------------------
Running main() from /home/ivmm/ols-extra/build/_deps/googletest-src/googletest/src/gtest_main.cc
Note: Google Test filter = IntegrationTest.ResponsePhase_ExpiresHeaders
[==========] Running 1 test from 1 test suite.
[----------] Global test environment set-up.
[----------] 1 test from IntegrationTest
[ RUN      ] IntegrationTest.ResponsePhase_ExpiresHeaders
[       OK ] IntegrationTest.ResponsePhase_ExpiresHeaders (0 ms)
[----------] 1 test from IntegrationTest (0 ms total)

[----------] Global test environment tear-down
[==========] 1 test from 1 test suite ran. (0 ms total)
[  PASSED  ] 1 test.
<end of output>
Test time =   0.01 sec
----------------------------------------------------------
Test Passed.
"IntegrationTest.ResponsePhase_ExpiresHeaders" end time: Feb 26 00:19 CST
"IntegrationTest.ResponsePhase_ExpiresHeaders" time elapsed: 00:00:00
----------------------------------------------------------

355/401 Testing: HeaderPropertyFixture_RapidCheck.HeaderAddIncreasesCount
355/401 Test: HeaderPropertyFixture_RapidCheck.HeaderAddIncreasesCount
Command: "/home/ivmm/ols-extra/build/tests/property_tests" "--gtest_filter=HeaderPropertyFixture_RapidCheck.HeaderAddIncreasesCount" "--gtest_also_run_disabled_tests"
Directory: /home/ivmm/ols-extra/build/tests
"HeaderPropertyFixture_RapidCheck.HeaderAddIncreasesCount" start time: Feb 26 00:19 CST
Output:
----------------------------------------------------------
Running main() from /home/ivmm/ols-extra/build/_deps/googletest-src/googletest/src/gtest_main.cc
Note: Google Test filter = HeaderPropertyFixture_RapidCheck.HeaderAddIncreasesCount
[==========] Running 1 test from 1 test suite.
[----------] Global test environment set-up.
[----------] 1 test from HeaderPropertyFixture_RapidCheck
[ RUN      ] HeaderPropertyFixture_RapidCheck.HeaderAddIncreasesCount
Using configuration: seed=7344698022031317155
[       OK ] HeaderPropertyFixture_RapidCheck.HeaderAddIncreasesCount (1 ms)
[----------] 1 test from HeaderPropertyFixture_RapidCheck (1 ms total)

[----------] Global test environment tear-down
[==========] 1 test from 1 test suite ran. (1 ms total)
[  PASSED  ] 1 test.
<end of output>
Test time =   0.00 sec
----------------------------------------------------------
Test Passed.
"HeaderPropertyFixture_RapidCheck.HeaderAddIncreasesCount" end time: Feb 26 00:19 CST
"HeaderPropertyFixture_RapidCheck.HeaderAddIncreasesCount" time elapsed: 00:00:00
----------------------------------------------------------

316/401 Testing: DirInheritPropertyFixture_RapidCheck.ChildOverridesParentSameType
316/401 Test: DirInheritPropertyFixture_RapidCheck.ChildOverridesParentSameType
Command: "/home/ivmm/ols-extra/build/tests/property_tests" "--gtest_filter=DirInheritPropertyFixture_RapidCheck.ChildOverridesParentSameType" "--gtest_also_run_disabled_tests"
Directory: /home/ivmm/ols-extra/build/tests
"DirInheritPropertyFixture_RapidCheck.ChildOverridesParentSameType" start time: Feb 26 00:19 CST
Output:
----------------------------------------------------------
Running main() from /home/ivmm/ols-extra/build/_deps/googletest-src/googletest/src/gtest_main.cc
Note: Google Test filter = DirInheritPropertyFixture_RapidCheck.ChildOverridesParentSameType
[==========] Running 1 test from 1 test suite.
[----------] Global test environment set-up.
[----------] 1 test from DirInheritPropertyFixture_RapidCheck
[ RUN      ] DirInheritPropertyFixture_RapidCheck.ChildOverridesParentSameType
Using configuration: seed=7946611241152630514
[       OK ] DirInheritPropertyFixture_RapidCheck.ChildOverridesParentSameType (1 ms)
[----------] 1 test from DirInheritPropertyFixture_RapidCheck (1 ms total)

[----------] Global test environment tear-down
[==========] 1 test from 1 test suite ran. (1 ms total)
[  PASSED  ] 1 test.
<end of output>
Test time =   0.00 sec
----------------------------------------------------------
Test Passed.
"DirInheritPropertyFixture_RapidCheck.ChildOverridesParentSameType" end time: Feb 26 00:19 CST
"DirInheritPropertyFixture_RapidCheck.ChildOverridesParentSameType" time elapsed: 00:00:00
----------------------------------------------------------

180/401 Testing: IntegrationTest.ModuleCleanupSucceeds
180/401 Test: IntegrationTest.ModuleCleanupSucceeds
Command: "/home/ivmm/ols-extra/build/tests/unit_tests" "--gtest_filter=IntegrationTest.ModuleCleanupSucceeds" "--gtest_also_run_disabled_tests"
Directory: /home/ivmm/ols-extra/build/tests
"IntegrationTest.ModuleCleanupSucceeds" start time: Feb 26 00:19 CST
Output:
----------------------------------------------------------
Running main() from /home/ivmm/ols-extra/build/_deps/googletest-src/googletest/src/gtest_main.cc
Note: Google Test filter = IntegrationTest.ModuleCleanupSucceeds
[==========] Running 1 test from 1 test suite.
[----------] Global test environment set-up.
[----------] 1 test from IntegrationTest
[ RUN      ] IntegrationTest.ModuleCleanupSucceeds
[       OK ] IntegrationTest.ModuleCleanupSucceeds (0 ms)
[----------] 1 test from IntegrationTest (0 ms total)

[----------] Global test environment tear-down
[==========] 1 test from 1 test suite ran. (0 ms total)
[  PASSED  ] 1 test.
<end of output>
Test time =   0.00 sec
----------------------------------------------------------
Test Passed.
"IntegrationTest.ModuleCleanupSucceeds" end time: Feb 26 00:19 CST
"IntegrationTest.ModuleCleanupSucceeds" time elapsed: 00:00:00
----------------------------------------------------------

319/401 Testing: EnvPropertyFixture_RapidCheck.SetEnvIfSetsVarWhenAttributeMatches
319/401 Test: EnvPropertyFixture_RapidCheck.SetEnvIfSetsVarWhenAttributeMatches
Command: "/home/ivmm/ols-extra/build/tests/property_tests" "--gtest_filter=EnvPropertyFixture_RapidCheck.SetEnvIfSetsVarWhenAttributeMatches" "--gtest_also_run_disabled_tests"
Directory: /home/ivmm/ols-extra/build/tests
"EnvPropertyFixture_RapidCheck.SetEnvIfSetsVarWhenAttributeMatches" start time: Feb 26 00:19 CST
Output:
----------------------------------------------------------
Running main() from /home/ivmm/ols-extra/build/_deps/googletest-src/googletest/src/gtest_main.cc
Note: Google Test filter = EnvPropertyFixture_RapidCheck.SetEnvIfSetsVarWhenAttributeMatches
[==========] Running 1 test from 1 test suite.
[----------] Global test environment set-up.
[----------] 1 test from EnvPropertyFixture_RapidCheck
[ RUN      ] EnvPropertyFixture_RapidCheck.SetEnvIfSetsVarWhenAttributeMatches
Using configuration: seed=9846767526115206345
[       OK ] EnvPropertyFixture_RapidCheck.SetEnvIfSetsVarWhenAttributeMatches (2 ms)
[----------] 1 test from EnvPropertyFixture_RapidCheck (2 ms total)

[----------] Global test environment tear-down
[==========] 1 test from 1 test suite ran. (2 ms total)
[  PASSED  ] 1 test.
<end of output>
Test time =   0.01 sec
----------------------------------------------------------
Test Passed.
"EnvPropertyFixture_RapidCheck.SetEnvIfSetsVarWhenAttributeMatches" end time: Feb 26 00:19 CST
"EnvPropertyFixture_RapidCheck.SetEnvIfSetsVarWhenAttributeMatches" time elapsed: 00:00:00
----------------------------------------------------------

318/401 Testing: DirInheritPropertyFixture_RapidCheck.ProcessingOrderRootToTarget
318/401 Test: DirInheritPropertyFixture_RapidCheck.ProcessingOrderRootToTarget
Command: "/home/ivmm/ols-extra/build/tests/property_tests" "--gtest_filter=DirInheritPropertyFixture_RapidCheck.ProcessingOrderRootToTarget" "--gtest_also_run_disabled_tests"
Directory: /home/ivmm/ols-extra/build/tests
"DirInheritPropertyFixture_RapidCheck.ProcessingOrderRootToTarget" start time: Feb 26 00:19 CST
Output:
----------------------------------------------------------
Running main() from /home/ivmm/ols-extra/build/_deps/googletest-src/googletest/src/gtest_main.cc
Note: Google Test filter = DirInheritPropertyFixture_RapidCheck.ProcessingOrderRootToTarget
[==========] Running 1 test from 1 test suite.
[----------] Global test environment set-up.
[----------] 1 test from DirInheritPropertyFixture_RapidCheck
[ RUN      ] DirInheritPropertyFixture_RapidCheck.ProcessingOrderRootToTarget
Using configuration: seed=15053452881293657454
[       OK ] DirInheritPropertyFixture_RapidCheck.ProcessingOrderRootToTarget (1 ms)
[----------] 1 test from DirInheritPropertyFixture_RapidCheck (1 ms total)

[----------] Global test environment tear-down
[==========] 1 test from 1 test suite ran. (1 ms total)
[  PASSED  ] 1 test.
<end of output>
Test time =   0.01 sec
----------------------------------------------------------
Test Passed.
"DirInheritPropertyFixture_RapidCheck.ProcessingOrderRootToTarget" end time: Feb 26 00:19 CST
"DirInheritPropertyFixture_RapidCheck.ProcessingOrderRootToTarget" time elapsed: 00:00:00
----------------------------------------------------------

189/401 Testing: IntegrationTest.ResponsePhase_ErrorDocumentTextMessage
189/401 Test: IntegrationTest.ResponsePhase_ErrorDocumentTextMessage
Command: "/home/ivmm/ols-extra/build/tests/unit_tests" "--gtest_filter=IntegrationTest.ResponsePhase_ErrorDocumentTextMessage" "--gtest_also_run_disabled_tests"
Directory: /home/ivmm/ols-extra/build/tests
"IntegrationTest.ResponsePhase_ErrorDocumentTextMessage" start time: Feb 26 00:19 CST
Output:
----------------------------------------------------------
Running main() from /home/ivmm/ols-extra/build/_deps/googletest-src/googletest/src/gtest_main.cc
Note: Google Test filter = IntegrationTest.ResponsePhase_ErrorDocumentTextMessage
[==========] Running 1 test from 1 test suite.
[----------] Global test environment set-up.
[----------] 1 test from IntegrationTest
[ RUN      ] IntegrationTest.ResponsePhase_ErrorDocumentTextMessage
[       OK ] IntegrationTest.ResponsePhase_ErrorDocumentTextMessage (0 ms)
[----------] 1 test from IntegrationTest (0 ms total)

[----------] Global test environment tear-down
[==========] 1 test from 1 test suite ran. (0 ms total)
[  PASSED  ] 1 test.
<end of output>
Test time =   0.01 sec
----------------------------------------------------------
Test Passed.
"IntegrationTest.ResponsePhase_ErrorDocumentTextMessage" end time: Feb 26 00:19 CST
"IntegrationTest.ResponsePhase_ErrorDocumentTextMessage" time elapsed: 00:00:00
----------------------------------------------------------

353/401 Testing: HeaderPropertyFixture_RapidCheck.HeaderAppendAddsCommaSeparated
353/401 Test: HeaderPropertyFixture_RapidCheck.HeaderAppendAddsCommaSeparated
Command: "/home/ivmm/ols-extra/build/tests/property_tests" "--gtest_filter=HeaderPropertyFixture_RapidCheck.HeaderAppendAddsCommaSeparated" "--gtest_also_run_disabled_tests"
Directory: /home/ivmm/ols-extra/build/tests
"HeaderPropertyFixture_RapidCheck.HeaderAppendAddsCommaSeparated" start time: Feb 26 00:19 CST
Output:
----------------------------------------------------------
Running main() from /home/ivmm/ols-extra/build/_deps/googletest-src/googletest/src/gtest_main.cc
Note: Google Test filter = HeaderPropertyFixture_RapidCheck.HeaderAppendAddsCommaSeparated
[==========] Running 1 test from 1 test suite.
[----------] Global test environment set-up.
[----------] 1 test from HeaderPropertyFixture_RapidCheck
[ RUN      ] HeaderPropertyFixture_RapidCheck.HeaderAppendAddsCommaSeparated
Using configuration: seed=8306559101995594988
[       OK ] HeaderPropertyFixture_RapidCheck.HeaderAppendAddsCommaSeparated (2 ms)
[----------] 1 test from HeaderPropertyFixture_RapidCheck (2 ms total)

[----------] Global test environment tear-down
[==========] 1 test from 1 test suite ran. (2 ms total)
[  PASSED  ] 1 test.
<end of output>
Test time =   0.01 sec
----------------------------------------------------------
Test Passed.
"HeaderPropertyFixture_RapidCheck.HeaderAppendAddsCommaSeparated" end time: Feb 26 00:19 CST
"HeaderPropertyFixture_RapidCheck.HeaderAppendAddsCommaSeparated" time elapsed: 00:00:00
----------------------------------------------------------

191/401 Testing: IntegrationTest.ResponsePhase_FullChain_Header_Expires_ErrorDoc
191/401 Test: IntegrationTest.ResponsePhase_FullChain_Header_Expires_ErrorDoc
Command: "/home/ivmm/ols-extra/build/tests/unit_tests" "--gtest_filter=IntegrationTest.ResponsePhase_FullChain_Header_Expires_ErrorDoc" "--gtest_also_run_disabled_tests"
Directory: /home/ivmm/ols-extra/build/tests
"IntegrationTest.ResponsePhase_FullChain_Header_Expires_ErrorDoc" start time: Feb 26 00:19 CST
Output:
----------------------------------------------------------
Running main() from /home/ivmm/ols-extra/build/_deps/googletest-src/googletest/src/gtest_main.cc
Note: Google Test filter = IntegrationTest.ResponsePhase_FullChain_Header_Expires_ErrorDoc
[==========] Running 1 test from 1 test suite.
[----------] Global test environment set-up.
[----------] 1 test from IntegrationTest
[ RUN      ] IntegrationTest.ResponsePhase_FullChain_Header_Expires_ErrorDoc
[       OK ] IntegrationTest.ResponsePhase_FullChain_Header_Expires_ErrorDoc (0 ms)
[----------] 1 test from IntegrationTest (0 ms total)

[----------] Global test environment tear-down
[==========] 1 test from 1 test suite ran. (0 ms total)
[  PASSED  ] 1 test.
<end of output>
Test time =   0.01 sec
----------------------------------------------------------
Test Passed.
"IntegrationTest.ResponsePhase_FullChain_Header_Expires_ErrorDoc" end time: Feb 26 00:19 CST
"IntegrationTest.ResponsePhase_FullChain_Header_Expires_ErrorDoc" time elapsed: 00:00:00
----------------------------------------------------------

327/401 Testing: ExpiresProperty.DurationParsingReturnsCorrectSeconds
327/401 Test: ExpiresProperty.DurationParsingReturnsCorrectSeconds
Command: "/home/ivmm/ols-extra/build/tests/property_tests" "--gtest_filter=ExpiresProperty.DurationParsingReturnsCorrectSeconds" "--gtest_also_run_disabled_tests"
Directory: /home/ivmm/ols-extra/build/tests
"ExpiresProperty.DurationParsingReturnsCorrectSeconds" start time: Feb 26 00:19 CST
Output:
----------------------------------------------------------
Running main() from /home/ivmm/ols-extra/build/_deps/googletest-src/googletest/src/gtest_main.cc
Note: Google Test filter = ExpiresProperty.DurationParsingReturnsCorrectSeconds
[==========] Running 1 test from 1 test suite.
[----------] Global test environment set-up.
[----------] 1 test from ExpiresProperty
[ RUN      ] ExpiresProperty.DurationParsingReturnsCorrectSeconds
Using configuration: seed=4686190885019041465
[       OK ] ExpiresProperty.DurationParsingReturnsCorrectSeconds (1 ms)
[----------] 1 test from ExpiresProperty (1 ms total)

[----------] Global test environment tear-down
[==========] 1 test from 1 test suite ran. (1 ms total)
[  PASSED  ] 1 test.
<end of output>
Test time =   0.01 sec
----------------------------------------------------------
Test Passed.
"ExpiresProperty.DurationParsingReturnsCorrectSeconds" end time: Feb 26 00:19 CST
"ExpiresProperty.DurationParsingReturnsCorrectSeconds" time elapsed: 00:00:00
----------------------------------------------------------

352/401 Testing: HeaderPropertyFixture_RapidCheck.HeaderUnsetRemovesHeader
352/401 Test: HeaderPropertyFixture_RapidCheck.HeaderUnsetRemovesHeader
Command: "/home/ivmm/ols-extra/build/tests/property_tests" "--gtest_filter=HeaderPropertyFixture_RapidCheck.HeaderUnsetRemovesHeader" "--gtest_also_run_disabled_tests"
Directory: /home/ivmm/ols-extra/build/tests
"HeaderPropertyFixture_RapidCheck.HeaderUnsetRemovesHeader" start time: Feb 26 00:19 CST
Output:
----------------------------------------------------------
Running main() from /home/ivmm/ols-extra/build/_deps/googletest-src/googletest/src/gtest_main.cc
Note: Google Test filter = HeaderPropertyFixture_RapidCheck.HeaderUnsetRemovesHeader
[==========] Running 1 test from 1 test suite.
[----------] Global test environment set-up.
[----------] 1 test from HeaderPropertyFixture_RapidCheck
[ RUN      ] HeaderPropertyFixture_RapidCheck.HeaderUnsetRemovesHeader
Using configuration: seed=2945815923447002476
[       OK ] HeaderPropertyFixture_RapidCheck.HeaderUnsetRemovesHeader (1 ms)
[----------] 1 test from HeaderPropertyFixture_RapidCheck (1 ms total)

[----------] Global test environment tear-down
[==========] 1 test from 1 test suite ran. (1 ms total)
[  PASSED  ] 1 test.
<end of output>
Test time =   0.01 sec
----------------------------------------------------------
Test Passed.
"HeaderPropertyFixture_RapidCheck.HeaderUnsetRemovesHeader" end time: Feb 26 00:19 CST
"HeaderPropertyFixture_RapidCheck.HeaderUnsetRemovesHeader" time elapsed: 00:00:00
----------------------------------------------------------

195/401 Testing: IntegrationTest.GracefulDegradation_NoDocRoot
195/401 Test: IntegrationTest.GracefulDegradation_NoDocRoot
Command: "/home/ivmm/ols-extra/build/tests/unit_tests" "--gtest_filter=IntegrationTest.GracefulDegradation_NoDocRoot" "--gtest_also_run_disabled_tests"
Directory: /home/ivmm/ols-extra/build/tests
"IntegrationTest.GracefulDegradation_NoDocRoot" start time: Feb 26 00:19 CST
Output:
----------------------------------------------------------
Running main() from /home/ivmm/ols-extra/build/_deps/googletest-src/googletest/src/gtest_main.cc
Note: Google Test filter = IntegrationTest.GracefulDegradation_NoDocRoot
[==========] Running 1 test from 1 test suite.
[----------] Global test environment set-up.
[----------] 1 test from IntegrationTest
[ RUN      ] IntegrationTest.GracefulDegradation_NoDocRoot
[       OK ] IntegrationTest.GracefulDegradation_NoDocRoot (0 ms)
[----------] 1 test from IntegrationTest (0 ms total)

[----------] Global test environment tear-down
[==========] 1 test from 1 test suite ran. (0 ms total)
[  PASSED  ] 1 test.
<end of output>
Test time =   0.00 sec
----------------------------------------------------------
Test Passed.
"IntegrationTest.GracefulDegradation_NoDocRoot" end time: Feb 26 00:19 CST
"IntegrationTest.GracefulDegradation_NoDocRoot" time elapsed: 00:00:00
----------------------------------------------------------

361/401 Testing: RedirectPropertyFixture_RapidCheck.RedirectSetsStatusAndLocation
361/401 Test: RedirectPropertyFixture_RapidCheck.RedirectSetsStatusAndLocation
Command: "/home/ivmm/ols-extra/build/tests/property_tests" "--gtest_filter=RedirectPropertyFixture_RapidCheck.RedirectSetsStatusAndLocation" "--gtest_also_run_disabled_tests"
Directory: /home/ivmm/ols-extra/build/tests
"RedirectPropertyFixture_RapidCheck.RedirectSetsStatusAndLocation" start time: Feb 26 00:19 CST
Output:
----------------------------------------------------------
Running main() from /home/ivmm/ols-extra/build/_deps/googletest-src/googletest/src/gtest_main.cc
Note: Google Test filter = RedirectPropertyFixture_RapidCheck.RedirectSetsStatusAndLocation
[==========] Running 1 test from 1 test suite.
[----------] Global test environment set-up.
[----------] 1 test from RedirectPropertyFixture_RapidCheck
[ RUN      ] RedirectPropertyFixture_RapidCheck.RedirectSetsStatusAndLocation
Using configuration: seed=4106922382809432963
[       OK ] RedirectPropertyFixture_RapidCheck.RedirectSetsStatusAndLocation (1 ms)
[----------] 1 test from RedirectPropertyFixture_RapidCheck (1 ms total)

[----------] Global test environment tear-down
[==========] 1 test from 1 test suite ran. (1 ms total)
[  PASSED  ] 1 test.
<end of output>
Test time =   0.00 sec
----------------------------------------------------------
Test Passed.
"RedirectPropertyFixture_RapidCheck.RedirectSetsStatusAndLocation" end time: Feb 26 00:19 CST
"RedirectPropertyFixture_RapidCheck.RedirectSetsStatusAndLocation" time elapsed: 00:00:00
----------------------------------------------------------

197/401 Testing: IntegrationTest.GracefulDegradation_MixedDirectives_ErrorInOneDoesNotAffectOthers
197/401 Test: IntegrationTest.GracefulDegradation_MixedDirectives_ErrorInOneDoesNotAffectOthers
Command: "/home/ivmm/ols-extra/build/tests/unit_tests" "--gtest_filter=IntegrationTest.GracefulDegradation_MixedDirectives_ErrorInOneDoesNotAffectOthers" "--gtest_also_run_disabled_tests"
Directory: /home/ivmm/ols-extra/build/tests
"IntegrationTest.GracefulDegradation_MixedDirectives_ErrorInOneDoesNotAffectOthers" start time: Feb 26 00:19 CST
Output:
----------------------------------------------------------
Running main() from /home/ivmm/ols-extra/build/_deps/googletest-src/googletest/src/gtest_main.cc
Note: Google Test filter = IntegrationTest.GracefulDegradation_MixedDirectives_ErrorInOneDoesNotAffectOthers
[==========] Running 1 test from 1 test suite.
[----------] Global test environment set-up.
[----------] 1 test from IntegrationTest
[ RUN      ] IntegrationTest.GracefulDegradation_MixedDirectives_ErrorInOneDoesNotAffectOthers
[       OK ] IntegrationTest.GracefulDegradation_MixedDirectives_ErrorInOneDoesNotAffectOthers (0 ms)
[----------] 1 test from IntegrationTest (0 ms total)

[----------] Global test environment tear-down
[==========] 1 test from 1 test suite ran. (0 ms total)
[  PASSED  ] 1 test.
<end of output>
Test time =   0.00 sec
----------------------------------------------------------
Test Passed.
"IntegrationTest.GracefulDegradation_MixedDirectives_ErrorInOneDoesNotAffectOthers" end time: Feb 26 00:19 CST
"IntegrationTest.GracefulDegradation_MixedDirectives_ErrorInOneDoesNotAffectOthers" time elapsed: 00:00:00
----------------------------------------------------------

185/401 Testing: IntegrationTest.RequestPhase_EnvVarsSet
185/401 Test: IntegrationTest.RequestPhase_EnvVarsSet
Command: "/home/ivmm/ols-extra/build/tests/unit_tests" "--gtest_filter=IntegrationTest.RequestPhase_EnvVarsSet" "--gtest_also_run_disabled_tests"
Directory: /home/ivmm/ols-extra/build/tests
"IntegrationTest.RequestPhase_EnvVarsSet" start time: Feb 26 00:19 CST
Output:
----------------------------------------------------------
Running main() from /home/ivmm/ols-extra/build/_deps/googletest-src/googletest/src/gtest_main.cc
Note: Google Test filter = IntegrationTest.RequestPhase_EnvVarsSet
[==========] Running 1 test from 1 test suite.
[----------] Global test environment set-up.
[----------] 1 test from IntegrationTest
[ RUN      ] IntegrationTest.RequestPhase_EnvVarsSet
[       OK ] IntegrationTest.RequestPhase_EnvVarsSet (0 ms)
[----------] 1 test from IntegrationTest (0 ms total)

[----------] Global test environment tear-down
[==========] 1 test from 1 test suite ran. (0 ms total)
[  PASSED  ] 1 test.
<end of output>
Test time =   0.00 sec
----------------------------------------------------------
Test Passed.
"IntegrationTest.RequestPhase_EnvVarsSet" end time: Feb 26 00:19 CST
"IntegrationTest.RequestPhase_EnvVarsSet" time elapsed: 00:00:00
----------------------------------------------------------

354/401 Testing: HeaderPropertyFixture_RapidCheck.HeaderMergeIsIdempotent
354/401 Test: HeaderPropertyFixture_RapidCheck.HeaderMergeIsIdempotent
Command: "/home/ivmm/ols-extra/build/tests/property_tests" "--gtest_filter=HeaderPropertyFixture_RapidCheck.HeaderMergeIsIdempotent" "--gtest_also_run_disabled_tests"
Directory: /home/ivmm/ols-extra/build/tests
"HeaderPropertyFixture_RapidCheck.HeaderMergeIsIdempotent" start time: Feb 26 00:19 CST
Output:
----------------------------------------------------------
Running main() from /home/ivmm/ols-extra/build/_deps/googletest-src/googletest/src/gtest_main.cc
Note: Google Test filter = HeaderPropertyFixture_RapidCheck.HeaderMergeIsIdempotent
[==========] Running 1 test from 1 test suite.
[----------] Global test environment set-up.
[----------] 1 test from HeaderPropertyFixture_RapidCheck
[ RUN      ] HeaderPropertyFixture_RapidCheck.HeaderMergeIsIdempotent
Using configuration: seed=4216440371554164329
[       OK ] HeaderPropertyFixture_RapidCheck.HeaderMergeIsIdempotent (1 ms)
[----------] 1 test from HeaderPropertyFixture_RapidCheck (1 ms total)

[----------] Global test environment tear-down
[==========] 1 test from 1 test suite ran. (1 ms total)
[  PASSED  ] 1 test.
<end of output>
Test time =   0.01 sec
----------------------------------------------------------
Test Passed.
"HeaderPropertyFixture_RapidCheck.HeaderMergeIsIdempotent" end time: Feb 26 00:19 CST
"HeaderPropertyFixture_RapidCheck.HeaderMergeIsIdempotent" time elapsed: 00:00:00
----------------------------------------------------------

314/401 Testing: CachePropertyFixture_RapidCheck.CacheMtimeMismatchReturnsMiss
314/401 Test: CachePropertyFixture_RapidCheck.CacheMtimeMismatchReturnsMiss
Command: "/home/ivmm/ols-extra/build/tests/property_tests" "--gtest_filter=CachePropertyFixture_RapidCheck.CacheMtimeMismatchReturnsMiss" "--gtest_also_run_disabled_tests"
Directory: /home/ivmm/ols-extra/build/tests
"CachePropertyFixture_RapidCheck.CacheMtimeMismatchReturnsMiss" start time: Feb 26 00:19 CST
Output:
----------------------------------------------------------
Running main() from /home/ivmm/ols-extra/build/_deps/googletest-src/googletest/src/gtest_main.cc
Note: Google Test filter = CachePropertyFixture_RapidCheck.CacheMtimeMismatchReturnsMiss
[==========] Running 1 test from 1 test suite.
[----------] Global test environment set-up.
[----------] 1 test from CachePropertyFixture_RapidCheck
[ RUN      ] CachePropertyFixture_RapidCheck.CacheMtimeMismatchReturnsMiss
Using configuration: seed=8241758092726169849
[       OK ] CachePropertyFixture_RapidCheck.CacheMtimeMismatchReturnsMiss (1 ms)
[----------] 1 test from CachePropertyFixture_RapidCheck (1 ms total)

[----------] Global test environment tear-down
[==========] 1 test from 1 test suite ran. (1 ms total)
[  PASSED  ] 1 test.
<end of output>
Test time =   0.01 sec
----------------------------------------------------------
Test Passed.
"CachePropertyFixture_RapidCheck.CacheMtimeMismatchReturnsMiss" end time: Feb 26 00:19 CST
"CachePropertyFixture_RapidCheck.CacheMtimeMismatchReturnsMiss" time elapsed: 00:00:00
----------------------------------------------------------

363/401 Testing: RedirectPropertyFixture_RapidCheck.RedirectMatchSubstitutesBackrefs
363/401 Test: RedirectPropertyFixture_RapidCheck.RedirectMatchSubstitutesBackrefs
Command: "/home/ivmm/ols-extra/build/tests/property_tests" "--gtest_filter=RedirectPropertyFixture_RapidCheck.RedirectMatchSubstitutesBackrefs" "--gtest_also_run_disabled_tests"
Directory: /home/ivmm/ols-extra/build/tests
"RedirectPropertyFixture_RapidCheck.RedirectMatchSubstitutesBackrefs" start time: Feb 26 00:19 CST
Output:
----------------------------------------------------------
Running main() from /home/ivmm/ols-extra/build/_deps/googletest-src/googletest/src/gtest_main.cc
Note: Google Test filter = RedirectPropertyFixture_RapidCheck.RedirectMatchSubstitutesBackrefs
[==========] Running 1 test from 1 test suite.
[----------] Global test environment set-up.
[----------] 1 test from RedirectPropertyFixture_RapidCheck
[ RUN      ] RedirectPropertyFixture_RapidCheck.RedirectMatchSubstitutesBackrefs
Using configuration: seed=8978192406175410249
[       OK ] RedirectPropertyFixture_RapidCheck.RedirectMatchSubstitutesBackrefs (1 ms)
[----------] 1 test from RedirectPropertyFixture_RapidCheck (1 ms total)

[----------] Global test environment tear-down
[==========] 1 test from 1 test suite ran. (1 ms total)
[  PASSED  ] 1 test.
<end of output>
Test time =   0.01 sec
----------------------------------------------------------
Test Passed.
"RedirectPropertyFixture_RapidCheck.RedirectMatchSubstitutesBackrefs" end time: Feb 26 00:19 CST
"RedirectPropertyFixture_RapidCheck.RedirectMatchSubstitutesBackrefs" time elapsed: 00:00:00
----------------------------------------------------------

320/401 Testing: EnvPropertyFixture_RapidCheck.SetEnvIfDoesNotSetVarWhenNoMatch
320/401 Test: EnvPropertyFixture_RapidCheck.SetEnvIfDoesNotSetVarWhenNoMatch
Command: "/home/ivmm/ols-extra/build/tests/property_tests" "--gtest_filter=EnvPropertyFixture_RapidCheck.SetEnvIfDoesNotSetVarWhenNoMatch" "--gtest_also_run_disabled_tests"
Directory: /home/ivmm/ols-extra/build/tests
"EnvPropertyFixture_RapidCheck.SetEnvIfDoesNotSetVarWhenNoMatch" start time: Feb 26 00:19 CST
Output:
----------------------------------------------------------
Running main() from /home/ivmm/ols-extra/build/_deps/googletest-src/googletest/src/gtest_main.cc
Note: Google Test filter = EnvPropertyFixture_RapidCheck.SetEnvIfDoesNotSetVarWhenNoMatch
[==========] Running 1 test from 1 test suite.
[----------] Global test environment set-up.
[----------] 1 test from EnvPropertyFixture_RapidCheck
[ RUN      ] EnvPropertyFixture_RapidCheck.SetEnvIfDoesNotSetVarWhenNoMatch
Using configuration: seed=1972781897150075460
[       OK ] EnvPropertyFixture_RapidCheck.SetEnvIfDoesNotSetVarWhenNoMatch (1 ms)
[----------] 1 test from EnvPropertyFixture_RapidCheck (1 ms total)

[----------] Global test environment tear-down
[==========] 1 test from 1 test suite ran. (1 ms total)
[  PASSED  ] 1 test.
<end of output>
Test time =   0.01 sec
----------------------------------------------------------
Test Passed.
"EnvPropertyFixture_RapidCheck.SetEnvIfDoesNotSetVarWhenNoMatch" end time: Feb 26 00:19 CST
"EnvPropertyFixture_RapidCheck.SetEnvIfDoesNotSetVarWhenNoMatch" time elapsed: 00:00:00
----------------------------------------------------------

196/401 Testing: IntegrationTest.GracefulDegradation_NoDirectivesFound
196/401 Test: IntegrationTest.GracefulDegradation_NoDirectivesFound
Command: "/home/ivmm/ols-extra/build/tests/unit_tests" "--gtest_filter=IntegrationTest.GracefulDegradation_NoDirectivesFound" "--gtest_also_run_disabled_tests"
Directory: /home/ivmm/ols-extra/build/tests
"IntegrationTest.GracefulDegradation_NoDirectivesFound" start time: Feb 26 00:19 CST
Output:
----------------------------------------------------------
Running main() from /home/ivmm/ols-extra/build/_deps/googletest-src/googletest/src/gtest_main.cc
Note: Google Test filter = IntegrationTest.GracefulDegradation_NoDirectivesFound
[==========] Running 1 test from 1 test suite.
[----------] Global test environment set-up.
[----------] 1 test from IntegrationTest
[ RUN      ] IntegrationTest.GracefulDegradation_NoDirectivesFound
[       OK ] IntegrationTest.GracefulDegradation_NoDirectivesFound (0 ms)
[----------] 1 test from IntegrationTest (0 ms total)

[----------] Global test environment tear-down
[==========] 1 test from 1 test suite ran. (0 ms total)
[  PASSED  ] 1 test.
<end of output>
Test time =   0.01 sec
----------------------------------------------------------
Test Passed.
"IntegrationTest.GracefulDegradation_NoDirectivesFound" end time: Feb 26 00:19 CST
"IntegrationTest.GracefulDegradation_NoDirectivesFound" time elapsed: 00:00:00
----------------------------------------------------------

322/401 Testing: EnvPropertyFixture_RapidCheck.BrowserMatchDoesNotSetVarWhenNoMatch
322/401 Test: EnvPropertyFixture_RapidCheck.BrowserMatchDoesNotSetVarWhenNoMatch
Command: "/home/ivmm/ols-extra/build/tests/property_tests" "--gtest_filter=EnvPropertyFixture_RapidCheck.BrowserMatchDoesNotSetVarWhenNoMatch" "--gtest_also_run_disabled_tests"
Directory: /home/ivmm/ols-extra/build/tests
"EnvPropertyFixture_RapidCheck.BrowserMatchDoesNotSetVarWhenNoMatch" start time: Feb 26 00:19 CST
Output:
----------------------------------------------------------
Running main() from /home/ivmm/ols-extra/build/_deps/googletest-src/googletest/src/gtest_main.cc
Note: Google Test filter = EnvPropertyFixture_RapidCheck.BrowserMatchDoesNotSetVarWhenNoMatch
[==========] Running 1 test from 1 test suite.
[----------] Global test environment set-up.
[----------] 1 test from EnvPropertyFixture_RapidCheck
[ RUN      ] EnvPropertyFixture_RapidCheck.BrowserMatchDoesNotSetVarWhenNoMatch
Using configuration: seed=14064044361630138984
[       OK ] EnvPropertyFixture_RapidCheck.BrowserMatchDoesNotSetVarWhenNoMatch (1 ms)
[----------] 1 test from EnvPropertyFixture_RapidCheck (1 ms total)

[----------] Global test environment tear-down
[==========] 1 test from 1 test suite ran. (1 ms total)
[  PASSED  ] 1 test.
<end of output>
Test time =   0.01 sec
----------------------------------------------------------
Test Passed.
"EnvPropertyFixture_RapidCheck.BrowserMatchDoesNotSetVarWhenNoMatch" end time: Feb 26 00:19 CST
"EnvPropertyFixture_RapidCheck.BrowserMatchDoesNotSetVarWhenNoMatch" time elapsed: 00:00:00
----------------------------------------------------------

364/401 Testing: RedirectPropertyFixture_RapidCheck.RedirectMatchSingleCapture
364/401 Test: RedirectPropertyFixture_RapidCheck.RedirectMatchSingleCapture
Command: "/home/ivmm/ols-extra/build/tests/property_tests" "--gtest_filter=RedirectPropertyFixture_RapidCheck.RedirectMatchSingleCapture" "--gtest_also_run_disabled_tests"
Directory: /home/ivmm/ols-extra/build/tests
"RedirectPropertyFixture_RapidCheck.RedirectMatchSingleCapture" start time: Feb 26 00:19 CST
Output:
----------------------------------------------------------
Running main() from /home/ivmm/ols-extra/build/_deps/googletest-src/googletest/src/gtest_main.cc
Note: Google Test filter = RedirectPropertyFixture_RapidCheck.RedirectMatchSingleCapture
[==========] Running 1 test from 1 test suite.
[----------] Global test environment set-up.
[----------] 1 test from RedirectPropertyFixture_RapidCheck
[ RUN      ] RedirectPropertyFixture_RapidCheck.RedirectMatchSingleCapture
Using configuration: seed=9212606578975117918
[       OK ] RedirectPropertyFixture_RapidCheck.RedirectMatchSingleCapture (1 ms)
[----------] 1 test from RedirectPropertyFixture_RapidCheck (1 ms total)

[----------] Global test environment tear-down
[==========] 1 test from 1 test suite ran. (1 ms total)
[  PASSED  ] 1 test.
<end of output>
Test time =   0.01 sec
----------------------------------------------------------
Test Passed.
"RedirectPropertyFixture_RapidCheck.RedirectMatchSingleCapture" end time: Feb 26 00:19 CST
"RedirectPropertyFixture_RapidCheck.RedirectMatchSingleCapture" time elapsed: 00:00:00
----------------------------------------------------------

351/401 Testing: HeaderPropertyFixture_RapidCheck.HeaderSetReplacesExistingValue
351/401 Test: HeaderPropertyFixture_RapidCheck.HeaderSetReplacesExistingValue
Command: "/home/ivmm/ols-extra/build/tests/property_tests" "--gtest_filter=HeaderPropertyFixture_RapidCheck.HeaderSetReplacesExistingValue" "--gtest_also_run_disabled_tests"
Directory: /home/ivmm/ols-extra/build/tests
"HeaderPropertyFixture_RapidCheck.HeaderSetReplacesExistingValue" start time: Feb 26 00:19 CST
Output:
----------------------------------------------------------
Running main() from /home/ivmm/ols-extra/build/_deps/googletest-src/googletest/src/gtest_main.cc
Note: Google Test filter = HeaderPropertyFixture_RapidCheck.HeaderSetReplacesExistingValue
[==========] Running 1 test from 1 test suite.
[----------] Global test environment set-up.
[----------] 1 test from HeaderPropertyFixture_RapidCheck
[ RUN      ] HeaderPropertyFixture_RapidCheck.HeaderSetReplacesExistingValue
Using configuration: seed=8993453495836739044
[       OK ] HeaderPropertyFixture_RapidCheck.HeaderSetReplacesExistingValue (1 ms)
[----------] 1 test from HeaderPropertyFixture_RapidCheck (1 ms total)

[----------] Global test environment tear-down
[==========] 1 test from 1 test suite ran. (1 ms total)
[  PASSED  ] 1 test.
<end of output>
Test time =   0.00 sec
----------------------------------------------------------
Test Passed.
"HeaderPropertyFixture_RapidCheck.HeaderSetReplacesExistingValue" end time: Feb 26 00:19 CST
"HeaderPropertyFixture_RapidCheck.HeaderSetReplacesExistingValue" time elapsed: 00:00:00
----------------------------------------------------------

334/401 Testing: GenRegex.FileMatchRegexNonEmpty
334/401 Test: GenRegex.FileMatchRegexNonEmpty
Command: "/home/ivmm/ols-extra/build/tests/property_tests" "--gtest_filter=GenRegex.FileMatchRegexNonEmpty" "--gtest_also_run_disabled_tests"
Directory: /home/ivmm/ols-extra/build/tests
"GenRegex.FileMatchRegexNonEmpty" start time: Feb 26 00:19 CST
Output:
----------------------------------------------------------
Running main() from /home/ivmm/ols-extra/build/_deps/googletest-src/googletest/src/gtest_main.cc
Note: Google Test filter = GenRegex.FileMatchRegexNonEmpty
[==========] Running 1 test from 1 test suite.
[----------] Global test environment set-up.
[----------] 1 test from GenRegex
[ RUN      ] GenRegex.FileMatchRegexNonEmpty
Using configuration: seed=3985760628497786404
[       OK ] GenRegex.FileMatchRegexNonEmpty (0 ms)
[----------] 1 test from GenRegex (0 ms total)

[----------] Global test environment tear-down
[==========] 1 test from 1 test suite ran. (0 ms total)
[  PASSED  ] 1 test.
<end of output>
Test time =   0.00 sec
----------------------------------------------------------
Test Passed.
"GenRegex.FileMatchRegexNonEmpty" end time: Feb 26 00:19 CST
"GenRegex.FileMatchRegexNonEmpty" time elapsed: 00:00:00
----------------------------------------------------------

181/401 Testing: IntegrationTest.ModuleInitLogsSuccess
181/401 Test: IntegrationTest.ModuleInitLogsSuccess
Command: "/home/ivmm/ols-extra/build/tests/unit_tests" "--gtest_filter=IntegrationTest.ModuleInitLogsSuccess" "--gtest_also_run_disabled_tests"
Directory: /home/ivmm/ols-extra/build/tests
"IntegrationTest.ModuleInitLogsSuccess" start time: Feb 26 00:19 CST
Output:
----------------------------------------------------------
Running main() from /home/ivmm/ols-extra/build/_deps/googletest-src/googletest/src/gtest_main.cc
Note: Google Test filter = IntegrationTest.ModuleInitLogsSuccess
[==========] Running 1 test from 1 test suite.
[----------] Global test environment set-up.
[----------] 1 test from IntegrationTest
[ RUN      ] IntegrationTest.ModuleInitLogsSuccess
[       OK ] IntegrationTest.ModuleInitLogsSuccess (0 ms)
[----------] 1 test from IntegrationTest (0 ms total)

[----------] Global test environment tear-down
[==========] 1 test from 1 test suite ran. (0 ms total)
[  PASSED  ] 1 test.
<end of output>
Test time =   0.00 sec
----------------------------------------------------------
Test Passed.
"IntegrationTest.ModuleInitLogsSuccess" end time: Feb 26 00:19 CST
"IntegrationTest.ModuleInitLogsSuccess" time elapsed: 00:00:00
----------------------------------------------------------

311/401 Testing: BruteForcePropertyFixture_RapidCheck.NPlus1AttemptTriggersBlock
311/401 Test: BruteForcePropertyFixture_RapidCheck.NPlus1AttemptTriggersBlock
Command: "/home/ivmm/ols-extra/build/tests/property_tests" "--gtest_filter=BruteForcePropertyFixture_RapidCheck.NPlus1AttemptTriggersBlock" "--gtest_also_run_disabled_tests"
Directory: /home/ivmm/ols-extra/build/tests
"BruteForcePropertyFixture_RapidCheck.NPlus1AttemptTriggersBlock" start time: Feb 26 00:19 CST
Output:
----------------------------------------------------------
Running main() from /home/ivmm/ols-extra/build/_deps/googletest-src/googletest/src/gtest_main.cc
Note: Google Test filter = BruteForcePropertyFixture_RapidCheck.NPlus1AttemptTriggersBlock
[==========] Running 1 test from 1 test suite.
[----------] Global test environment set-up.
[----------] 1 test from BruteForcePropertyFixture_RapidCheck
[ RUN      ] BruteForcePropertyFixture_RapidCheck.NPlus1AttemptTriggersBlock
Using configuration: seed=8174953947835753098
[       OK ] BruteForcePropertyFixture_RapidCheck.NPlus1AttemptTriggersBlock (0 ms)
[----------] 1 test from BruteForcePropertyFixture_RapidCheck (0 ms total)

[----------] Global test environment tear-down
[==========] 1 test from 1 test suite ran. (0 ms total)
[  PASSED  ] 1 test.
<end of output>
Test time =   0.00 sec
----------------------------------------------------------
Test Passed.
"BruteForcePropertyFixture_RapidCheck.NPlus1AttemptTriggersBlock" end time: Feb 26 00:19 CST
"BruteForcePropertyFixture_RapidCheck.NPlus1AttemptTriggersBlock" time elapsed: 00:00:00
----------------------------------------------------------

312/401 Testing: BruteForcePropertyFixture_RapidCheck.WindowExpiryResetsCount
312/401 Test: BruteForcePropertyFixture_RapidCheck.WindowExpiryResetsCount
Command: "/home/ivmm/ols-extra/build/tests/property_tests" "--gtest_filter=BruteForcePropertyFixture_RapidCheck.WindowExpiryResetsCount" "--gtest_also_run_disabled_tests"
Directory: /home/ivmm/ols-extra/build/tests
"BruteForcePropertyFixture_RapidCheck.WindowExpiryResetsCount" start time: Feb 26 00:19 CST
Output:
----------------------------------------------------------
Running main() from /home/ivmm/ols-extra/build/_deps/googletest-src/googletest/src/gtest_main.cc
Note: Google Test filter = BruteForcePropertyFixture_RapidCheck.WindowExpiryResetsCount
[==========] Running 1 test from 1 test suite.
[----------] Global test environment set-up.
[----------] 1 test from BruteForcePropertyFixture_RapidCheck
[ RUN      ] BruteForcePropertyFixture_RapidCheck.WindowExpiryResetsCount
Using configuration: seed=12525355636819289676
[       OK ] BruteForcePropertyFixture_RapidCheck.WindowExpiryResetsCount (0 ms)
[----------] 1 test from BruteForcePropertyFixture_RapidCheck (0 ms total)

[----------] Global test environment tear-down
[==========] 1 test from 1 test suite ran. (0 ms total)
[  PASSED  ] 1 test.
<end of output>
Test time =   0.00 sec
----------------------------------------------------------
Test Passed.
"BruteForcePropertyFixture_RapidCheck.WindowExpiryResetsCount" end time: Feb 26 00:19 CST
"BruteForcePropertyFixture_RapidCheck.WindowExpiryResetsCount" time elapsed: 00:00:00
----------------------------------------------------------

75/401 Testing: DirWalkerTest.TargetNotUnderDocRoot_ReturnsNull
75/401 Test: DirWalkerTest.TargetNotUnderDocRoot_ReturnsNull
Command: "/home/ivmm/ols-extra/build/tests/unit_tests" "--gtest_filter=DirWalkerTest.TargetNotUnderDocRoot_ReturnsNull" "--gtest_also_run_disabled_tests"
Directory: /home/ivmm/ols-extra/build/tests
"DirWalkerTest.TargetNotUnderDocRoot_ReturnsNull" start time: Feb 26 00:19 CST
Output:
----------------------------------------------------------
Running main() from /home/ivmm/ols-extra/build/_deps/googletest-src/googletest/src/gtest_main.cc
[...]
Directory: /home/ivmm/ols-extra/build/tests
"Samples/ParseCompletenessTest.AllDirectivesParsed/40-byte object <10-79 91-D4 AA-AA 00-00 1B-00 00-00 00-00 00-00 1B-00 00-00 00-00 00-00 00-00 00-00 00-00 00-00 10-00 00-00 00-00 00-00>" start time: Feb 26 00:19 CST
Output:
----------------------------------------------------------
Running main() from /home/ivmm/ols-extra/build/_deps/googletest-src/googletest/src/gtest_main.cc
Note: Google Test filter = Samples/ParseCompletenessTest.AllDirectivesParsed/9
[==========] Running 1 test from 1 test suite.
[----------] Global test environment set-up.
[----------] 1 test from Samples/ParseCompletenessTest
[ RUN      ] Samples/ParseCompletenessTest.AllDirectivesParsed/9
[       OK ] Samples/ParseCompletenessTest.AllDirectivesParsed/9 (0 ms)
[----------] 1 test from Samples/ParseCompletenessTest (0 ms total)

[----------] Global test environment tear-down
[==========] 1 test from 1 test suite ran. (0 ms total)
[  PASSED  ] 1 test.
<end of output>
Test time =   0.00 sec
----------------------------------------------------------
Test Passed.
"Samples/ParseCompletenessTest.AllDirectivesParsed/40-byte object <10-79 91-D4 AA-AA 00-00 1B-00 00-00 00-00 00-00 1B-00 00-00 00-00 00-00 00-00 00-00 00-00 00-00 10-00 00-00 00-00 00-00>" end time: Feb 26 00:19 CST
"Samples/ParseCompletenessTest.AllDirectivesParsed/40-byte object <10-79 91-D4 AA-AA 00-00 1B-00 00-00 00-00 00-00 1B-00 00-00 00-00 00-00 00-00 00-00 00-00 00-00 10-00 00-00 00-00 00-00>" time elapsed: 00:00:00
----------------------------------------------------------

390/401 Testing: Samples/ParseCompletenessTest.AllDirectivesParsed/40-byte object <10-79 91-D4 AA-AA 00-00 1A-00 00-00 00-00 00-00 1A-00 00-00 00-00 00-00 00-00 00-00 00-00 00-00 14-00 00-00 00-00 00-00>
390/401 Test: Samples/ParseCompletenessTest.AllDirectivesParsed/40-byte object <10-79 91-D4 AA-AA 00-00 1A-00 00-00 00-00 00-00 1A-00 00-00 00-00 00-00 00-00 00-00 00-00 00-00 14-00 00-00 00-00 00-00>
Command: "/home/ivmm/ols-extra/build/tests/compat_tests" "--gtest_filter=Samples/ParseCompletenessTest.AllDirectivesParsed/10" "--gtest_also_run_disabled_tests"
Directory: /home/ivmm/ols-extra/build/tests
"Samples/ParseCompletenessTest.AllDirectivesParsed/40-byte object <10-79 91-D4 AA-AA 00-00 1A-00 00-00 00-00 00-00 1A-00 00-00 00-00 00-00 00-00 00-00 00-00 00-00 14-00 00-00 00-00 00-00>" start time: Feb 26 00:19 CST
Output:
----------------------------------------------------------
Running main() from /home/ivmm/ols-extra/build/_deps/googletest-src/googletest/src/gtest_main.cc
Note: Google Test filter = Samples/ParseCompletenessTest.AllDirectivesParsed/10
[==========] Running 1 test from 1 test suite.
[----------] Global test environment set-up.
[----------] 1 test from Samples/ParseCompletenessTest
[ RUN      ] Samples/ParseCompletenessTest.AllDirectivesParsed/10
[       OK ] Samples/ParseCompletenessTest.AllDirectivesParsed/10 (0 ms)
[----------] 1 test from Samples/ParseCompletenessTest (0 ms total)

[----------] Global test environment tear-down
[==========] 1 test from 1 test suite ran. (0 ms total)
[  PASSED  ] 1 test.
<end of output>
Test time =   0.00 sec
----------------------------------------------------------
Test Passed.
"Samples/ParseCompletenessTest.AllDirectivesParsed/40-byte object <10-79 91-D4 AA-AA 00-00 1A-00 00-00 00-00 00-00 1A-00 00-00 00-00 00-00 00-00 00-00 00-00 00-00 14-00 00-00 00-00 00-00>" end time: Feb 26 00:19 CST
"Samples/ParseCompletenessTest.AllDirectivesParsed/40-byte object <10-79 91-D4 AA-AA 00-00 1A-00 00-00 00-00 00-00 1A-00 00-00 00-00 00-00 00-00 00-00 00-00 00-00 14-00 00-00 00-00 00-00>" time elapsed: 00:00:00
----------------------------------------------------------

391/401 Testing: Samples/RoundTripTest.ParsePrintReparse/"header_ops.htaccess"
391/401 Test: Samples/RoundTripTest.ParsePrintReparse/"header_ops.htaccess"
Command: "/home/ivmm/ols-extra/build/tests/compat_tests" "--gtest_filter=Samples/RoundTripTest.ParsePrintReparse/0" "--gtest_also_run_disabled_tests"
Directory: /home/ivmm/ols-extra/build/tests
"Samples/RoundTripTest.ParsePrintReparse/"header_ops.htaccess"" start time: Feb 26 00:19 CST
Output:
----------------------------------------------------------
Running main() from /home/ivmm/ols-extra/build/_deps/googletest-src/googletest/src/gtest_main.cc
Note: Google Test filter = Samples/RoundTripTest.ParsePrintReparse/0
[==========] Running 1 test from 1 test suite.
[----------] Global test environment set-up.
[----------] 1 test from Samples/RoundTripTest
[ RUN      ] Samples/RoundTripTest.ParsePrintReparse/0
[       OK ] Samples/RoundTripTest.ParsePrintReparse/0 (0 ms)
[----------] 1 test from Samples/RoundTripTest (0 ms total)

[----------] Global test environment tear-down
[==========] 1 test from 1 test suite ran. (0 ms total)
[  PASSED  ] 1 test.
<end of output>
Test time =   0.00 sec
----------------------------------------------------------
Test Passed.
"Samples/RoundTripTest.ParsePrintReparse/"header_ops.htaccess"" end time: Feb 26 00:19 CST
"Samples/RoundTripTest.ParsePrintReparse/"header_ops.htaccess"" time elapsed: 00:00:00
----------------------------------------------------------

392/401 Testing: Samples/RoundTripTest.ParsePrintReparse/"php_config.htaccess"
392/401 Test: Samples/RoundTripTest.ParsePrintReparse/"php_config.htaccess"
Command: "/home/ivmm/ols-extra/build/tests/compat_tests" "--gtest_filter=Samples/RoundTripTest.ParsePrintReparse/1" "--gtest_also_run_disabled_tests"
Directory: /home/ivmm/ols-extra/build/tests
"Samples/RoundTripTest.ParsePrintReparse/"php_config.htaccess"" start time: Feb 26 00:19 CST
Output:
----------------------------------------------------------
Running main() from /home/ivmm/ols-extra/build/_deps/googletest-src/googletest/src/gtest_main.cc
Note: Google Test filter = Samples/RoundTripTest.ParsePrintReparse/1
[==========] Running 1 test from 1 test suite.
[----------] Global test environment set-up.
[----------] 1 test from Samples/RoundTripTest
[ RUN      ] Samples/RoundTripTest.ParsePrintReparse/1
[       OK ] Samples/RoundTripTest.ParsePrintReparse/1 (0 ms)
[----------] 1 test from Samples/RoundTripTest (0 ms total)

[----------] Global test environment tear-down
[==========] 1 test from 1 test suite ran. (0 ms total)
[  PASSED  ] 1 test.
<end of output>
Test time =   0.00 sec
----------------------------------------------------------
Test Passed.
"Samples/RoundTripTest.ParsePrintReparse/"php_config.htaccess"" end time: Feb 26 00:19 CST
"Samples/RoundTripTest.ParsePrintReparse/"php_config.htaccess"" time elapsed: 00:00:00
----------------------------------------------------------

393/401 Testing: Samples/RoundTripTest.ParsePrintReparse/"access_control.htaccess"
393/401 Test: Samples/RoundTripTest.ParsePrintReparse/"access_control.htaccess"
Command: "/home/ivmm/ols-extra/build/tests/compat_tests" "--gtest_filter=Samples/RoundTripTest.ParsePrintReparse/2" "--gtest_also_run_disabled_tests"
Directory: /home/ivmm/ols-extra/build/tests
"Samples/RoundTripTest.ParsePrintReparse/"access_control.htaccess"" start time: Feb 26 00:19 CST
Output:
----------------------------------------------------------
Running main() from /home/ivmm/ols-extra/build/_deps/googletest-src/googletest/src/gtest_main.cc
Note: Google Test filter = Samples/RoundTripTest.ParsePrintReparse/2
[==========] Running 1 test from 1 test suite.
[----------] Global test environment set-up.
[----------] 1 test from Samples/RoundTripTest
[ RUN      ] Samples/RoundTripTest.ParsePrintReparse/2
[       OK ] Samples/RoundTripTest.ParsePrintReparse/2 (0 ms)
[----------] 1 test from Samples/RoundTripTest (0 ms total)

[----------] Global test environment tear-down
[==========] 1 test from 1 test suite ran. (0 ms total)
[  PASSED  ] 1 test.
<end of output>
Test time =   0.00 sec
----------------------------------------------------------
Test Passed.
"Samples/RoundTripTest.ParsePrintReparse/"access_control.htaccess"" end time: Feb 26 00:19 CST
"Samples/RoundTripTest.ParsePrintReparse/"access_control.htaccess"" time elapsed: 00:00:00
----------------------------------------------------------

394/401 Testing: Samples/RoundTripTest.ParsePrintReparse/"redirect_rules.htaccess"
394/401 Test: Samples/RoundTripTest.ParsePrintReparse/"redirect_rules.htaccess"
Command: "/home/ivmm/ols-extra/build/tests/compat_tests" "--gtest_filter=Samples/RoundTripTest.ParsePrintReparse/3" "--gtest_also_run_disabled_tests"
Directory: /home/ivmm/ols-extra/build/tests
"Samples/RoundTripTest.ParsePrintReparse/"redirect_rules.htaccess"" start time: Feb 26 00:19 CST
Output:
----------------------------------------------------------
Running main() from /home/ivmm/ols-extra/build/_deps/googletest-src/googletest/src/gtest_main.cc
Note: Google Test filter = Samples/RoundTripTest.ParsePrintReparse/3
[==========] Running 1 test from 1 test suite.
[----------] Global test environment set-up.
[----------] 1 test from Samples/RoundTripTest
[ RUN      ] Samples/RoundTripTest.ParsePrintReparse/3
[       OK ] Samples/RoundTripTest.ParsePrintReparse/3 (0 ms)
[----------] 1 test from Samples/RoundTripTest (0 ms total)

[----------] Global test environment tear-down
[==========] 1 test from 1 test suite ran. (0 ms total)
[  PASSED  ] 1 test.
<end of output>
Test time =   0.00 sec
----------------------------------------------------------
Test Passed.
"Samples/RoundTripTest.ParsePrintReparse/"redirect_rules.htaccess"" end time: Feb 26 00:19 CST
"Samples/RoundTripTest.ParsePrintReparse/"redirect_rules.htaccess"" time elapsed: 00:00:00
----------------------------------------------------------

395/401 Testing: Samples/RoundTripTest.ParsePrintReparse/"error_docs.htaccess"
395/401 Test: Samples/RoundTripTest.ParsePrintReparse/"error_docs.htaccess"
Command: "/home/ivmm/ols-extra/build/tests/compat_tests" "--gtest_filter=Samples/RoundTripTest.ParsePrintReparse/4" "--gtest_also_run_disabled_tests"
Directory: /home/ivmm/ols-extra/build/tests
"Samples/RoundTripTest.ParsePrintReparse/"error_docs.htaccess"" start time: Feb 26 00:19 CST
Output:
----------------------------------------------------------
Running main() from /home/ivmm/ols-extra/build/_deps/googletest-src/googletest/src/gtest_main.cc
Note: Google Test filter = Samples/RoundTripTest.ParsePrintReparse/4
[==========] Running 1 test from 1 test suite.
[----------] Global test environment set-up.
[----------] 1 test from Samples/RoundTripTest
[ RUN      ] Samples/RoundTripTest.ParsePrintReparse/4
[       OK ] Samples/RoundTripTest.ParsePrintReparse/4 (0 ms)
[----------] 1 test from Samples/RoundTripTest (0 ms total)

[----------] Global test environment tear-down
[==========] 1 test from 1 test suite ran. (0 ms total)
[  PASSED  ] 1 test.
<end of output>
Test time =   0.00 sec
----------------------------------------------------------
Test Passed.
"Samples/RoundTripTest.ParsePrintReparse/"error_docs.htaccess"" end time: Feb 26 00:19 CST
"Samples/RoundTripTest.ParsePrintReparse/"error_docs.htaccess"" time elapsed: 00:00:00
----------------------------------------------------------

396/401 Testing: Samples/RoundTripTest.ParsePrintReparse/"files_match.htaccess"
396/401 Test: Samples/RoundTripTest.ParsePrintReparse/"files_match.htaccess"
Command: "/home/ivmm/ols-extra/build/tests/compat_tests" "--gtest_filter=Samples/RoundTripTest.ParsePrintReparse/5" "--gtest_also_run_disabled_tests"
Directory: /home/ivmm/ols-extra/build/tests
"Samples/RoundTripTest.ParsePrintReparse/"files_match.htaccess"" start time: Feb 26 00:19 CST
Output:
----------------------------------------------------------
Running main() from /home/ivmm/ols-extra/build/_deps/googletest-src/googletest/src/gtest_main.cc
Note: Google Test filter = Samples/RoundTripTest.ParsePrintReparse/5
[==========] Running 1 test from 1 test suite.
[----------] Global test environment set-up.
[----------] 1 test from Samples/RoundTripTest
[ RUN      ] Samples/RoundTripTest.ParsePrintReparse/5
[       OK ] Samples/RoundTripTest.ParsePrintReparse/5 (0 ms)
[----------] 1 test from Samples/RoundTripTest (0 ms total)

[----------] Global test environment tear-down
[==========] 1 test from 1 test suite ran. (0 ms total)
[  PASSED  ] 1 test.
<end of output>
Test time =   0.00 sec
----------------------------------------------------------
Test Passed.
"Samples/RoundTripTest.ParsePrintReparse/"files_match.htaccess"" end time: Feb 26 00:19 CST
"Samples/RoundTripTest.ParsePrintReparse/"files_match.htaccess"" time elapsed: 00:00:00
----------------------------------------------------------

397/401 Testing: Samples/RoundTripTest.ParsePrintReparse/"expires.htaccess"
397/401 Test: Samples/RoundTripTest.ParsePrintReparse/"expires.htaccess"
Command: "/home/ivmm/ols-extra/build/tests/compat_tests" "--gtest_filter=Samples/RoundTripTest.ParsePrintReparse/6" "--gtest_also_run_disabled_tests"
Directory: /home/ivmm/ols-extra/build/tests
"Samples/RoundTripTest.ParsePrintReparse/"expires.htaccess"" start time: Feb 26 00:19 CST
Output:
----------------------------------------------------------
Running main() from /home/ivmm/ols-extra/build/_deps/googletest-src/googletest/src/gtest_main.cc
Note: Google Test filter = Samples/RoundTripTest.ParsePrintReparse/6
[==========] Running 1 test from 1 test suite.
[----------] Global test environment set-up.
[----------] 1 test from Samples/RoundTripTest
[ RUN      ] Samples/RoundTripTest.ParsePrintReparse/6
[       OK ] Samples/RoundTripTest.ParsePrintReparse/6 (0 ms)
[----------] 1 test from Samples/RoundTripTest (0 ms total)

[----------] Global test environment tear-down
[==========] 1 test from 1 test suite ran. (0 ms total)
[  PASSED  ] 1 test.
<end of output>
Test time =   0.00 sec
----------------------------------------------------------
Test Passed.
"Samples/RoundTripTest.ParsePrintReparse/"expires.htaccess"" end time: Feb 26 00:19 CST
"Samples/RoundTripTest.ParsePrintReparse/"expires.htaccess"" time elapsed: 00:00:00
----------------------------------------------------------

398/401 Testing: Samples/RoundTripTest.ParsePrintReparse/"env_vars.htaccess"
398/401 Test: Samples/RoundTripTest.ParsePrintReparse/"env_vars.htaccess"
Command: "/home/ivmm/ols-extra/build/tests/compat_tests" "--gtest_filter=Samples/RoundTripTest.ParsePrintReparse/7" "--gtest_also_run_disabled_tests"
Directory: /home/ivmm/ols-extra/build/tests
"Samples/RoundTripTest.ParsePrintReparse/"env_vars.htaccess"" start time: Feb 26 00:19 CST
Output:
----------------------------------------------------------
Running main() from /home/ivmm/ols-extra/build/_deps/googletest-src/googletest/src/gtest_main.cc
Note: Google Test filter = Samples/RoundTripTest.ParsePrintReparse/7
[==========] Running 1 test from 1 test suite.
[----------] Global test environment set-up.
[----------] 1 test from Samples/RoundTripTest
[ RUN      ] Samples/RoundTripTest.ParsePrintReparse/7
[       OK ] Samples/RoundTripTest.ParsePrintReparse/7 (0 ms)
[----------] 1 test from Samples/RoundTripTest (0 ms total)

[----------] Global test environment tear-down
[==========] 1 test from 1 test suite ran. (0 ms total)
[  PASSED  ] 1 test.
<end of output>
Test time =   0.00 sec
----------------------------------------------------------
Test Passed.
"Samples/RoundTripTest.ParsePrintReparse/"env_vars.htaccess"" end time: Feb 26 00:19 CST
"Samples/RoundTripTest.ParsePrintReparse/"env_vars.htaccess"" time elapsed: 00:00:00
----------------------------------------------------------

399/401 Testing: Samples/RoundTripTest.ParsePrintReparse/"brute_force.htaccess"
399/401 Test: Samples/RoundTripTest.ParsePrintReparse/"brute_force.htaccess"
Command: "/home/ivmm/ols-extra/build/tests/compat_tests" "--gtest_filter=Samples/RoundTripTest.ParsePrintReparse/8" "--gtest_also_run_disabled_tests"
Directory: /home/ivmm/ols-extra/build/tests
"Samples/RoundTripTest.ParsePrintReparse/"brute_force.htaccess"" start time: Feb 26 00:19 CST
Output:
----------------------------------------------------------
Running main() from /home/ivmm/ols-extra/build/_deps/googletest-src/googletest/src/gtest_main.cc
Note: Google Test filter = Samples/RoundTripTest.ParsePrintReparse/8
[==========] Running 1 test from 1 test suite.
[----------] Global test environment set-up.
[----------] 1 test from Samples/RoundTripTest
[ RUN      ] Samples/RoundTripTest.ParsePrintReparse/8
[       OK ] Samples/RoundTripTest.ParsePrintReparse/8 (0 ms)
[----------] 1 test from Samples/RoundTripTest (0 ms total)

[----------] Global test environment tear-down
[==========] 1 test from 1 test suite ran. (0 ms total)
[  PASSED  ] 1 test.
<end of output>
Test time =   0.00 sec
----------------------------------------------------------
Test Passed.
"Samples/RoundTripTest.ParsePrintReparse/"brute_force.htaccess"" end time: Feb 26 00:19 CST
"Samples/RoundTripTest.ParsePrintReparse/"brute_force.htaccess"" time elapsed: 00:00:00
----------------------------------------------------------

400/401 Testing: Samples/RoundTripTest.ParsePrintReparse/"combined_wordpress.htaccess"
400/401 Test: Samples/RoundTripTest.ParsePrintReparse/"combined_wordpress.htaccess"
Command: "/home/ivmm/ols-extra/build/tests/compat_tests" "--gtest_filter=Samples/RoundTripTest.ParsePrintReparse/9" "--gtest_also_run_disabled_tests"
Directory: /home/ivmm/ols-extra/build/tests
"Samples/RoundTripTest.ParsePrintReparse/"combined_wordpress.htaccess"" start time: Feb 26 00:19 CST
Output:
----------------------------------------------------------
Running main() from /home/ivmm/ols-extra/build/_deps/googletest-src/googletest/src/gtest_main.cc
Note: Google Test filter = Samples/RoundTripTest.ParsePrintReparse/9
[==========] Running 1 test from 1 test suite.
[----------] Global test environment set-up.
[----------] 1 test from Samples/RoundTripTest
[ RUN      ] Samples/RoundTripTest.ParsePrintReparse/9
[       OK ] Samples/RoundTripTest.ParsePrintReparse/9 (0 ms)
[----------] 1 test from Samples/RoundTripTest (0 ms total)

[----------] Global test environment tear-down
[==========] 1 test from 1 test suite ran. (0 ms total)
[  PASSED  ] 1 test.
<end of output>
Test time =   0.00 sec
----------------------------------------------------------
Test Passed.
"Samples/RoundTripTest.ParsePrintReparse/"combined_wordpress.htaccess"" end time: Feb 26 00:19 CST
"Samples/RoundTripTest.ParsePrintReparse/"combined_wordpress.htaccess"" time elapsed: 00:00:00
----------------------------------------------------------

401/401 Testing: Samples/RoundTripTest.ParsePrintReparse/"combined_security.htaccess"
401/401 Test: Samples/RoundTripTest.ParsePrintReparse/"combined_security.htaccess"
Command: "/home/ivmm/ols-extra/build/tests/compat_tests" "--gtest_filter=Samples/RoundTripTest.ParsePrintReparse/10" "--gtest_also_run_disabled_tests"
Directory: /home/ivmm/ols-extra/build/tests
"Samples/RoundTripTest.ParsePrintReparse/"combined_security.htaccess"" start time: Feb 26 00:19 CST
Output:
----------------------------------------------------------
Running main() from /home/ivmm/ols-extra/build/_deps/googletest-src/googletest/src/gtest_main.cc
Note: Google Test filter = Samples/RoundTripTest.ParsePrintReparse/10
[==========] Running 1 test from 1 test suite.
[----------] Global test environment set-up.
[----------] 1 test from Samples/RoundTripTest
[ RUN      ] Samples/RoundTripTest.ParsePrintReparse/10
[       OK ] Samples/RoundTripTest.ParsePrintReparse/10 (0 ms)
[----------] 1 test from Samples/RoundTripTest (0 ms total)

[----------] Global test environment tear-down
[==========] 1 test from 1 test suite ran. (0 ms total)
[  PASSED  ] 1 test.
<end of output>
Test time =   0.00 sec
----------------------------------------------------------
Test Passed.
"Samples/RoundTripTest.ParsePrintReparse/"combined_security.htaccess"" end time: Feb 26 00:19 CST
"Samples/RoundTripTest.ParsePrintReparse/"combined_security.htaccess"" time elapsed: 00:00:00
----------------------------------------------------------

End testing: Feb 26 00:19 CST
